INFO  18 Feb 2020 09:43:51 org.joget.apps.workflow.security.WorkflowAuthenticationProvider  - Authentication for user MUHAMMAD.FARIZ.FIRDAUS (182.16.175.186) : true
INFO  18 Feb 2020 09:50:44 org.joget.apps.workflow.security.WorkflowAuthenticationProvider  - Authentication for user admin (192.168.0.1) : true
INFO  18 Feb 2020 09:57:33 org.joget.apps.workflow.security.WorkflowAuthenticationProvider  - Authentication for user muhayar (182.16.175.186) : true
INFO  18 Feb 2020 10:14:27 org.joget.apps.workflow.security.WorkflowAuthenticationProvider  - Authentication for user winardi (182.16.175.186) : true
INFO  18 Feb 2020 10:14:45 org.joget.apps.workflow.security.WorkflowAuthenticationProvider  - Authentication for user tri.agung.wahyu.handrian (182.16.175.186) : true
INFO  18 Feb 2020 10:15:28 org.joget.apps.workflow.security.WorkflowAuthenticationProvider  - Authentication for user jumadi (182.16.175.186) : true
INFO  18 Feb 2020 10:15:44 org.joget.apps.workflow.security.WorkflowAuthenticationProvider  - Authentication for user muhayar (182.16.175.186) : true
INFO  18 Feb 2020 10:41:29 org.joget.apps.workflow.security.WorkflowAuthenticationProvider  - Authentication for user admin (103.94.10.50) : true
INFO  18 Feb 2020 10:46:52 org.joget.apps.workflow.security.WorkflowAuthenticationProvider  - Authentication for user admin (182.16.175.186) : true
INFO  18 Feb 2020 11:18:16 org.joget.apps.workflow.security.WorkflowAuthenticationProvider  - Authentication for user muhayar (192.168.0.1) : true
INFO  18 Feb 2020 11:28:03 org.joget.apps.workflow.security.WorkflowAuthenticationProvider  - Authentication for user suhanah (182.16.175.186) : true
INFO  18 Feb 2020 11:32:33 org.joget.apps.workflow.security.WorkflowAuthenticationProvider  - Authentication for user muhayar (182.16.175.186) : true
INFO  18 Feb 2020 11:38:10 org.joget.apps.workflow.security.WorkflowAuthenticationProvider  - Authentication for user andry.prayudhi.mudjianto (182.16.175.186) : true
INFO  18 Feb 2020 12:02:42 org.joget.workflow.shark.WorkflowAssignmentManager  - [processId=2441_tmminEnrollment_enrollmentRequest, processDefId=tmminEnrollment#22#enrollmentRequest, participantId=dhEnrollment, next user=[admin]]
INFO  18 Feb 2020 14:10:51 org.joget.apps.workflow.security.WorkflowAuthenticationProvider  - Authentication for user andry.prayudhi.mudjianto (182.16.175.186) : true
INFO  18 Feb 2020 14:17:06 org.joget.plugin.base.PluginManager  - Bundle id.co.itasoft.tmmin.eform.enr.plugin.eform-enr-application-tools started
INFO  18 Feb 2020 14:26:18 org.joget.plugin.base.PluginManager  - Bundle id.co.itasoft.tmmin.eform.enr.plugin.eform-enr-application-tools started
INFO  18 Feb 2020 14:29:53 org.joget.plugin.base.PluginManager  - Bundle id.co.itasoft.tmmin.eform.enr.plugin.eform-enr-application-tools started
INFO  18 Feb 2020 14:34:29 org.joget.workflow.shark.WorkflowAssignmentManager  - [processId=2435_tmminEnrollment_enrollmentRequest, processDefId=tmminEnrollment#22#enrollmentRequest, participantId=hrERDPH, next user=[admin]]
ERROR 18 Feb 2020 14:35:19 Shark  - Process [key=2435_tmminEnrollment_enrollmentRequest,mgrname=tmminEnrollment#22#enrollmentRequest] will try to finish after [Process Id=2435_tmminEnrollment_enrollmentRequest, Id=8021_2435_tmminEnrollment_enrollmentRequest_route7_1, ba=null, ActDefId=route7_1] is executed because kernel is configured not to allow hanging and not to rollback
INFO  18 Feb 2020 14:35:58 org.joget.workflow.shark.WorkflowAssignmentManager  - [processId=2441_tmminEnrollment_enrollmentRequest, processDefId=tmminEnrollment#22#enrollmentRequest, participantId=hrERSH, next user=[admin]]
INFO  18 Feb 2020 14:41:00 id.co.itasoft.tmmin.eform.enr.plugin.GenerateRequestNumber  - Success Set Request Number : 202012/ENR/PERMANENT/2/2020
INFO  18 Feb 2020 14:41:09 org.joget.workflow.shark.WorkflowAssignmentManager  - [processId=2446_tmminEnrollment_enrollmentRequest, processDefId=tmminEnrollment#22#enrollmentRequest, participantId=dphEnrollment, next user=[admin]]
INFO  18 Feb 2020 14:43:01 org.joget.workflow.shark.WorkflowAssignmentManager  - [processId=2446_tmminEnrollment_enrollmentRequest, processDefId=tmminEnrollment#22#enrollmentRequest, participantId=dhEnrollment, next user=[admin]]
INFO  18 Feb 2020 14:43:59 org.joget.workflow.shark.WorkflowAssignmentManager  - [processId=2446_tmminEnrollment_enrollmentRequest, processDefId=tmminEnrollment#22#enrollmentRequest, participantId=hrERSH, next user=[admin]]
INFO  18 Feb 2020 14:44:41 org.joget.workflow.shark.WorkflowAssignmentManager  - [processId=2446_tmminEnrollment_enrollmentRequest, processDefId=tmminEnrollment#22#enrollmentRequest, participantId=hrPTMSH, next user=[admin]]
INFO  18 Feb 2020 14:46:15 org.joget.workflow.shark.WorkflowAssignmentManager  - [processId=2446_tmminEnrollment_enrollmentRequest, processDefId=tmminEnrollment#22#enrollmentRequest, participantId=hrPTMDPH, next user=[admin]]
INFO  18 Feb 2020 14:46:56 org.joget.workflow.shark.WorkflowAssignmentManager  - [processId=2446_tmminEnrollment_enrollmentRequest, processDefId=tmminEnrollment#22#enrollmentRequest, participantId=hrERDPH, next user=[admin]]
INFO  18 Feb 2020 14:47:24 org.joget.apps.workflow.security.WorkflowAuthenticationProvider  - Authentication for user admin (192.168.0.1) : true
ERROR 18 Feb 2020 14:47:41 Shark  - Process [key=2446_tmminEnrollment_enrollmentRequest,mgrname=tmminEnrollment#22#enrollmentRequest] will try to finish after [Process Id=2446_tmminEnrollment_enrollmentRequest, Id=8052_2446_tmminEnrollment_enrollmentRequest_route7_1, ba=null, ActDefId=route7_1] is executed because kernel is configured not to allow hanging and not to rollback
ERROR 18 Feb 2020 14:47:43 org.joget.workflow.model.service.WorkflowManagerImpl  - java.lang.Exception: ExecutionAdmin->checkDeadlinesForProcesses: The process with Id=2446_tmminEnrollment_enrollmentRequest is closed, and can't be checked for deadlines!
java.lang.Exception: ExecutionAdmin->checkDeadlinesForProcesses: The process with Id=2446_tmminEnrollment_enrollmentRequest is closed, and can't be checked for deadlines!
	at org.enhydra.shark.ExecutionAdmin.checkDeadlinesForProcesses(ExecutionAdmin.java:821)
	at org.joget.workflow.model.service.WorkflowManagerImpl.internalCheckDeadlines(WorkflowManagerImpl.java:5040)
	at sun.reflect.GeneratedMethodAccessor3084.invoke(Unknown Source)
	at sun.reflect.DelegatingMethodAccessorImpl.invoke(DelegatingMethodAccessorImpl.java:43)
	at java.lang.reflect.Method.invoke(Method.java:498)
	at org.springframework.aop.support.AopUtils.invokeJoinpointUsingReflection(AopUtils.java:333)
	at org.springframework.aop.framework.ReflectiveMethodInvocation.invokeJoinpoint(ReflectiveMethodInvocation.java:190)
	at org.springframework.aop.framework.ReflectiveMethodInvocation.proceed(ReflectiveMethodInvocation.java:157)
	at org.springframework.transaction.interceptor.TransactionInterceptor$1.proceedWithInvocation(TransactionInterceptor.java:99)
	at org.springframework.transaction.interceptor.TransactionAspectSupport.invokeWithinTransaction(TransactionAspectSupport.java:282)
	at org.springframework.transaction.interceptor.TransactionInterceptor.invoke(TransactionInterceptor.java:96)
	at org.springframework.aop.framework.ReflectiveMethodInvocation.proceed(ReflectiveMethodInvocation.java:179)
	at org.joget.apps.app.service.SqlFilterAspect.invoke(SqlFilterAspect.java:36)
	at org.springframework.aop.framework.ReflectiveMethodInvocation.proceed(ReflectiveMethodInvocation.java:179)
	at org.springframework.aop.interceptor.ExposeInvocationInterceptor.invoke(ExposeInvocationInterceptor.java:92)
	at org.springframework.aop.framework.ReflectiveMethodInvocation.proceed(ReflectiveMethodInvocation.java:179)
	at org.springframework.aop.framework.JdkDynamicAopProxy.invoke(JdkDynamicAopProxy.java:213)
	at com.sun.proxy.$Proxy27.internalCheckDeadlines(Unknown Source)
	at org.joget.workflow.shark.DeadlineChecker.runMe(DeadlineChecker.java:176)
	at org.joget.workflow.shark.DeadlineChecker.run(DeadlineChecker.java:132)
INFO  18 Feb 2020 14:55:48 org.joget.apps.workflow.security.WorkflowAuthenticationProvider  - Authentication for user admin (192.168.0.1) : true
INFO  18 Feb 2020 14:57:07 org.joget.apps.workflow.security.WorkflowAuthenticationProvider  - Authentication for user suhanah (182.16.175.186) : true
INFO  18 Feb 2020 15:00:27 org.joget.apps.workflow.security.WorkflowAuthenticationProvider  - Authentication for user andry.prayudhi.mudjianto (182.16.175.186) : true
INFO  18 Feb 2020 15:35:33 id.co.itasoft.tmmin.eform.enr.plugin.GenerateRequestNumber  - Success Set Request Number : 202013/ENR/PERMANENT/2/2020
INFO  18 Feb 2020 15:35:37 org.joget.workflow.shark.WorkflowAssignmentManager  - [processId=2447_tmminEnrollment_enrollmentRequest, processDefId=tmminEnrollment#22#enrollmentRequest, participantId=dphEnrollment, next user=[admin]]
INFO  18 Feb 2020 16:20:26 org.joget.workflow.shark.WorkflowAssignmentManager  - [processId=2447_tmminEnrollment_enrollmentRequest, processDefId=tmminEnrollment#22#enrollmentRequest, participantId=dhEnrollment, next user=[admin]]
INFO  18 Feb 2020 16:22:29 org.joget.workflow.shark.WorkflowAssignmentManager  - [processId=2447_tmminEnrollment_enrollmentRequest, processDefId=tmminEnrollment#22#enrollmentRequest, participantId=hrERSH, next user=[admin]]
INFO  18 Feb 2020 16:23:13 org.joget.workflow.shark.WorkflowAssignmentManager  - [processId=2447_tmminEnrollment_enrollmentRequest, processDefId=tmminEnrollment#22#enrollmentRequest, participantId=hrPTMSH, next user=[admin]]
INFO  18 Feb 2020 16:24:53 org.joget.workflow.shark.WorkflowAssignmentManager  - [processId=2447_tmminEnrollment_enrollmentRequest, processDefId=tmminEnrollment#22#enrollmentRequest, participantId=hrPTMDPH, next user=[admin]]
INFO  18 Feb 2020 16:25:43 org.joget.workflow.shark.WorkflowAssignmentManager  - [processId=2447_tmminEnrollment_enrollmentRequest, processDefId=tmminEnrollment#22#enrollmentRequest, participantId=hrERDPH, next user=[admin]]
INFO  18 Feb 2020 16:26:16 org.joget.workflow.shark.WorkflowAssignmentManager  - [processId=2447_tmminEnrollment_enrollmentRequest, processDefId=tmminEnrollment#22#enrollmentRequest, participantId=hrDH, next user=[admin]]
INFO  18 Feb 2020 16:26:44 org.joget.apps.workflow.security.WorkflowAuthenticationProvider  - Authentication for user kusno.wibowo (182.16.175.186) : true
INFO  18 Feb 2020 16:27:02 id.co.itasoft.tmmin.eform.enr.plugin.GenerateNoSuratPengangkatan  - Success Set Request Number : 0001/HRD/REM/SK/5/2014
INFO  18 Feb 2020 16:27:04 org.joget.workflow.shark.WorkflowAssignmentManager  - [processId=2447_tmminEnrollment_enrollmentRequest, processDefId=tmminEnrollment#22#enrollmentRequest, participantId=hrREM, next user=[admin]]
INFO  18 Feb 2020 16:27:05 org.joget.workflow.shark.WorkflowAssignmentManager  - [processId=2447_tmminEnrollment_enrollmentRequest, processDefId=tmminEnrollment#22#enrollmentRequest, participantId=shEnrollment, next user=[admin]]
INFO  18 Feb 2020 16:32:21 org.joget.plugin.base.PluginManager  - Bundle id.co.itasoft.tmmin.eform.enr.plugin.eform-enr-datalist-action started
INFO  18 Feb 2020 16:34:03 org.joget.apps.workflow.security.WorkflowAuthenticationProvider  - Authentication for user jumadi (182.16.175.186) : true
ERROR 18 Feb 2020 16:38:15 org.owasp.csrfguard.CsrfGuard  - potential cross-site request forgery (CSRF) attack thwarted (user:<anonymous>, ip:103.94.10.50, method:POST, uri:/jw/web/userview/tmminEnrollment/v/_/crRequestAllReqListDiv, error:required token is missing from the request)
INFO  18 Feb 2020 16:44:56 org.joget.apps.workflow.security.WorkflowAuthenticationProvider  - Authentication for user admin (182.16.175.186) : true
INFO  18 Feb 2020 16:46:58 org.joget.apps.workflow.security.WorkflowAuthenticationProvider  - Authentication for user jumadi (182.16.175.186) : true
INFO  18 Feb 2020 16:51:45 id.co.itasoft.tmmin.eform.enr.plugin.MultipleTerminated  - KEY : 2419_tmminEnrollment_enrollmentRequest
ERROR 18 Feb 2020 16:51:45 id.co.itasoft.tmmin.eform.enr.plugin.dao.MultipleTerminatedDao  - Error : Incorrect syntax near the keyword 'FROM'.
com.microsoft.sqlserver.jdbc.SQLServerException: Incorrect syntax near the keyword 'FROM'.
	at com.microsoft.sqlserver.jdbc.SQLServerException.makeFromDatabaseError(SQLServerException.java:216)
	at com.microsoft.sqlserver.jdbc.SQLServerStatement.getNextResult(SQLServerStatement.java:1515)
	at com.microsoft.sqlserver.jdbc.SQLServerPreparedStatement.doExecutePreparedStatement(SQLServerPreparedStatement.java:404)
	at com.microsoft.sqlserver.jdbc.SQLServerPreparedStatement$PrepStmtExecCmd.doExecute(SQLServerPreparedStatement.java:350)
	at com.microsoft.sqlserver.jdbc.TDSCommand.execute(IOBuffer.java:5696)
	at com.microsoft.sqlserver.jdbc.SQLServerConnection.executeCommand(SQLServerConnection.java:1715)
	at com.microsoft.sqlserver.jdbc.SQLServerStatement.executeCommand_aroundBody2(SQLServerStatement.java:180)
	at com.microsoft.sqlserver.jdbc.SQLServerStatement.executeCommand_aroundBody3$advice(SQLServerStatement.java:123)
	at com.microsoft.sqlserver.jdbc.SQLServerStatement.executeCommand(SQLServerStatement.java:1)
	at com.microsoft.sqlserver.jdbc.SQLServerStatement.executeStatement_aroundBody0(SQLServerStatement.java:155)
	at com.microsoft.sqlserver.jdbc.SQLServerStatement.executeStatement_aroundBody1$advice(SQLServerStatement.java:123)
	at com.microsoft.sqlserver.jdbc.SQLServerStatement.executeStatement(SQLServerStatement.java:1)
	at com.microsoft.sqlserver.jdbc.SQLServerPreparedStatement.executeQuery_aroundBody0(SQLServerPreparedStatement.java:285)
	at com.microsoft.sqlserver.jdbc.SQLServerPreparedStatement.executeQuery_aroundBody1$advice(SQLServerPreparedStatement.java:123)
	at com.microsoft.sqlserver.jdbc.SQLServerPreparedStatement.executeQuery(SQLServerPreparedStatement.java:1)
	at id.co.itasoft.tmmin.eform.enr.plugin.dao.MultipleTerminatedDao.getEnrReq(MultipleTerminatedDao.java:116)
	at id.co.itasoft.tmmin.eform.enr.plugin.MultipleTerminated.executeAction(MultipleTerminated.java:118)
	at org.joget.apps.datalist.model.DataList.getActionResult(DataList.java:567)
	at org.joget.apps.userview.lib.DataListMenu.getJspPage_aroundBody22(DataListMenu.java:107)
	at org.joget.apps.userview.lib.DataListMenu.getJspPage_aroundBody23$advice(DataListMenu.java:95)
	at org.joget.apps.userview.lib.DataListMenu.getJspPage(DataListMenu.java:1)
	at org.joget.apps.userview.model.UserviewMenu.getReadyJspPage_aroundBody12(UserviewMenu.java:132)
	at org.joget.apps.userview.model.UserviewMenu.getReadyJspPage_aroundBody13$advice(UserviewMenu.java:95)
	at org.joget.apps.userview.model.UserviewMenu.getReadyJspPage(UserviewMenu.java:1)
	at org.joget.apps.userview.service.UserviewUtil.getUserviewMenuHtml(UserviewUtil.java:94)
	at org.joget.apps.userview.service.UserviewThemeProcesser.getContent(UserviewThemeProcesser.java:593)
	at org.joget.apps.userview.service.UserviewThemeProcesser.getHtml(UserviewThemeProcesser.java:168)
	at sun.reflect.GeneratedMethodAccessor275.invoke(Unknown Source)
	at sun.reflect.DelegatingMethodAccessorImpl.invoke(DelegatingMethodAccessorImpl.java:43)
	at java.lang.reflect.Method.invoke(Method.java:498)
	at javax.el.BeanELResolver.getValue(BeanELResolver.java:94)
	at org.apache.jasper.el.JasperELResolver.getValue(JasperELResolver.java:110)
	at org.apache.el.parser.AstValue.getValue(AstValue.java:169)
	at org.apache.el.ValueExpressionImpl.getValue(ValueExpressionImpl.java:190)
	at org.apache.jasper.el.JspValueExpression.getValue(JspValueExpression.java:115)
	at org.apache.jsp.WEB_002dINF.jsp.ubuilder.v5view_jsp._jspx_meth_c_005fset_005f0(v5view_jsp.java:250)
	at org.apache.jsp.WEB_002dINF.jsp.ubuilder.v5view_jsp._jspx_meth_c_005fif_005f0(v5view_jsp.java:207)
	at org.apache.jsp.WEB_002dINF.jsp.ubuilder.v5view_jsp._jspService(v5view_jsp.java:158)
	at org.apache.jasper.runtime.HttpJspBase.service(HttpJspBase.java:70)
	at javax.servlet.http.HttpServlet.service(HttpServlet.java:742)
	at org.apache.jasper.servlet.JspServletWrapper.service(JspServletWrapper.java:476)
	at org.apache.jasper.servlet.JspServlet.serviceJspFile(JspServlet.java:386)
	at org.apache.jasper.servlet.JspServlet.service(JspServlet.java:330)
	at javax.servlet.http.HttpServlet.service(HttpServlet.java:742)
	at org.apache.catalina.core.ApplicationFilterChain.internalDoFilter(ApplicationFilterChain.java:231)
	at org.apache.catalina.core.ApplicationFilterChain.doFilter(ApplicationFilterChain.java:166)
	at org.apache.tomcat.websocket.server.WsFilter.doFilter(WsFilter.java:52)
	at org.apache.catalina.core.ApplicationFilterChain.internalDoFilter(ApplicationFilterChain.java:193)
	at org.apache.catalina.core.ApplicationFilterChain.doFilter(ApplicationFilterChain.java:166)
	at org.apache.catalina.core.ApplicationDispatcher.invoke(ApplicationDispatcher.java:728)
	at org.apache.catalina.core.ApplicationDispatcher.processRequest(ApplicationDispatcher.java:470)
	at org.apache.catalina.core.ApplicationDispatcher.doForward(ApplicationDispatcher.java:395)
	at org.apache.catalina.core.ApplicationDispatcher.forward(ApplicationDispatcher.java:316)
	at org.springframework.web.servlet.view.InternalResourceView.renderMergedOutputModel(InternalResourceView.java:168)
	at org.springframework.web.servlet.view.AbstractView.render(AbstractView.java:304)
	at org.springframework.web.servlet.DispatcherServlet.render(DispatcherServlet.java:1286)
	at org.springframework.web.servlet.DispatcherServlet.processDispatchResult(DispatcherServlet.java:1041)
	at org.springframework.web.servlet.DispatcherServlet.doDispatch(DispatcherServlet.java:984)
	at org.springframework.web.servlet.DispatcherServlet.doService(DispatcherServlet.java:901)
	at org.springframework.web.servlet.FrameworkServlet.processRequest(FrameworkServlet.java:970)
	at org.springframework.web.servlet.FrameworkServlet.doPost(FrameworkServlet.java:872)
	at javax.servlet.http.HttpServlet.service(HttpServlet.java:661)
	at org.springframework.web.servlet.FrameworkServlet.service(FrameworkServlet.java:846)
	at javax.servlet.http.HttpServlet.service(HttpServlet.java:742)
	at org.apache.catalina.core.ApplicationFilterChain.internalDoFilter(ApplicationFilterChain.java:231)
	at org.apache.catalina.core.ApplicationFilterChain.doFilter(ApplicationFilterChain.java:166)
	at org.apache.tomcat.websocket.server.WsFilter.doFilter(WsFilter.java:52)
	at org.apache.catalina.core.ApplicationFilterChain.internalDoFilter(ApplicationFilterChain.java:193)
	at org.apache.catalina.core.ApplicationFilterChain.doFilter(ApplicationFilterChain.java:166)
	at org.joget.commons.util.AnalyzerFilter.doFilter_aroundBody0(AnalyzerFilter.java:17)
	at org.joget.commons.util.AnalyzerFilter$AjcClosure1.run(AnalyzerFilter.java:1)
	at org.aspectj.runtime.reflect.JoinPointImpl.proceed(JoinPointImpl.java:149)
	at org.joget.commons.util.AnalyzerAspect.analyzeRequests(AnalyzerAspect.java:54)
	at org.joget.commons.util.AnalyzerFilter.doFilter(AnalyzerFilter.java:17)
	at org.apache.catalina.core.ApplicationFilterChain.internalDoFilter(ApplicationFilterChain.java:193)
	at org.apache.catalina.core.ApplicationFilterChain.doFilter(ApplicationFilterChain.java:166)
	at org.displaytag.filter.ResponseOverrideFilter.doFilter(ResponseOverrideFilter.java:125)
	at org.apache.catalina.core.ApplicationFilterChain.internalDoFilter(ApplicationFilterChain.java:193)
	at org.apache.catalina.core.ApplicationFilterChain.doFilter(ApplicationFilterChain.java:166)
	at org.owasp.csrfguard.CsrfGuardFilter.doFilter(CsrfGuardFilter.java:88)
	at org.apache.catalina.core.ApplicationFilterChain.internalDoFilter(ApplicationFilterChain.java:193)
	at org.apache.catalina.core.ApplicationFilterChain.doFilter(ApplicationFilterChain.java:166)
	at org.springframework.security.web.FilterChainProxy$VirtualFilterChain.doFilter(FilterChainProxy.java:317)
	at org.springframework.security.web.access.intercept.FilterSecurityInterceptor.invoke(FilterSecurityInterceptor.java:127)
	at org.springframework.security.web.access.intercept.FilterSecurityInterceptor.doFilter(FilterSecurityInterceptor.java:91)
	at org.springframework.security.web.FilterChainProxy$VirtualFilterChain.doFilter(FilterChainProxy.java:331)
	at org.springframework.security.web.access.ExceptionTranslationFilter.doFilter(ExceptionTranslationFilter.java:115)
	at org.springframework.security.web.FilterChainProxy$VirtualFilterChain.doFilter(FilterChainProxy.java:331)
	at org.springframework.security.web.session.SessionManagementFilter.doFilter(SessionManagementFilter.java:137)
	at org.springframework.security.web.FilterChainProxy$VirtualFilterChain.doFilter(FilterChainProxy.java:331)
	at org.springframework.security.web.authentication.AnonymousAuthenticationFilter.doFilter(AnonymousAuthenticationFilter.java:111)
	at org.springframework.security.web.FilterChainProxy$VirtualFilterChain.doFilter(FilterChainProxy.java:331)
	at org.springframework.security.web.savedrequest.RequestCacheAwareFilter.doFilter(RequestCacheAwareFilter.java:63)
	at org.springframework.security.web.FilterChainProxy$VirtualFilterChain.doFilter(FilterChainProxy.java:331)
	at org.springframework.security.web.authentication.AbstractAuthenticationProcessingFilter.doFilter(AbstractAuthenticationProcessingFilter.java:200)
	at org.joget.apps.workflow.security.WorkflowHttpAuthProcessingFilter.doFilter(WorkflowHttpAuthProcessingFilter.java:85)
	at org.springframework.security.web.FilterChainProxy$VirtualFilterChain.doFilter(FilterChainProxy.java:331)
	at org.springframework.security.web.authentication.www.BasicAuthenticationFilter.doFilterInternal(BasicAuthenticationFilter.java:158)
	at org.springframework.web.filter.OncePerRequestFilter.doFilter(OncePerRequestFilter.java:107)
	at org.springframework.security.web.FilterChainProxy$VirtualFilterChain.doFilter(FilterChainProxy.java:331)
	at org.springframework.security.web.authentication.AbstractAuthenticationProcessingFilter.doFilter(AbstractAuthenticationProcessingFilter.java:200)
	at org.springframework.security.web.FilterChainProxy$VirtualFilterChain.doFilter(FilterChainProxy.java:331)
	at org.springframework.security.web.authentication.logout.LogoutFilter.doFilter(LogoutFilter.java:121)
	at org.springframework.security.web.FilterChainProxy$VirtualFilterChain.doFilter(FilterChainProxy.java:331)
	at org.springframework.security.web.header.HeaderWriterFilter.doFilterInternal(HeaderWriterFilter.java:66)
	at org.springframework.web.filter.OncePerRequestFilter.doFilter(OncePerRequestFilter.java:107)
	at org.springframework.security.web.FilterChainProxy$VirtualFilterChain.doFilter(FilterChainProxy.java:331)
	at org.springframework.security.web.context.request.async.WebAsyncManagerIntegrationFilter.doFilterInternal(WebAsyncManagerIntegrationFilter.java:56)
	at org.springframework.web.filter.OncePerRequestFilter.doFilter(OncePerRequestFilter.java:107)
	at org.springframework.security.web.FilterChainProxy$VirtualFilterChain.doFilter(FilterChainProxy.java:331)
	at org.springframework.security.web.context.SecurityContextPersistenceFilter.doFilter(SecurityContextPersistenceFilter.java:105)
	at org.springframework.security.web.FilterChainProxy$VirtualFilterChain.doFilter(FilterChainProxy.java:331)
	at org.springframework.security.web.FilterChainProxy.doFilterInternal(FilterChainProxy.java:214)
	at org.springframework.security.web.FilterChainProxy.doFilter(FilterChainProxy.java:177)
	at org.springframework.web.filter.DelegatingFilterProxy.invokeDelegate(DelegatingFilterProxy.java:347)
	at org.springframework.web.filter.DelegatingFilterProxy.doFilter(DelegatingFilterProxy.java:263)
	at org.joget.commons.spring.web.CustomDelegatingFilterProxy.doFilter(CustomDelegatingFilterProxy.java:31)
	at org.apache.catalina.core.ApplicationFilterChain.internalDoFilter(ApplicationFilterChain.java:193)
	at org.apache.catalina.core.ApplicationFilterChain.doFilter(ApplicationFilterChain.java:166)
	at org.joget.apps.app.web.ExpireFilter.doFilter(ExpireFilter.java:44)
	at org.apache.catalina.core.ApplicationFilterChain.internalDoFilter(ApplicationFilterChain.java:193)
	at org.apache.catalina.core.ApplicationFilterChain.doFilter(ApplicationFilterChain.java:166)
	at org.springframework.web.filter.CharacterEncodingFilter.doFilterInternal(CharacterEncodingFilter.java:197)
	at org.springframework.web.filter.OncePerRequestFilter.doFilter(OncePerRequestFilter.java:107)
	at org.apache.catalina.core.ApplicationFilterChain.internalDoFilter(ApplicationFilterChain.java:193)
	at org.apache.catalina.core.ApplicationFilterChain.doFilter(ApplicationFilterChain.java:166)
	at org.apache.catalina.core.StandardWrapperValve.invoke(StandardWrapperValve.java:199)
	at org.apache.catalina.core.StandardContextValve.invoke(StandardContextValve.java:96)
	at org.apache.catalina.authenticator.AuthenticatorBase.invoke(AuthenticatorBase.java:493)
	at org.apache.catalina.core.StandardHostValve.invoke(StandardHostValve.java:137)
	at org.apache.catalina.valves.ErrorReportValve.invoke(ErrorReportValve.java:81)
	at org.apache.catalina.core.StandardEngineValve.invoke(StandardEngineValve.java:87)
	at org.apache.catalina.connector.CoyoteAdapter.service(CoyoteAdapter.java:343)
	at org.apache.coyote.http11.Http11Processor.service(Http11Processor.java:798)
	at org.apache.coyote.AbstractProcessorLight.process(AbstractProcessorLight.java:66)
	at org.apache.coyote.AbstractProtocol$ConnectionHandler.process(AbstractProtocol.java:808)
	at org.apache.tomcat.util.net.NioEndpoint$SocketProcessor.doRun(NioEndpoint.java:1498)
	at org.apache.tomcat.util.net.SocketProcessorBase.run(SocketProcessorBase.java:49)
	at java.util.concurrent.ThreadPoolExecutor.runWorker(ThreadPoolExecutor.java:1142)
	at java.util.concurrent.ThreadPoolExecutor$Worker.run(ThreadPoolExecutor.java:617)
	at org.apache.tomcat.util.threads.TaskThread$WrappingRunnable.run(TaskThread.java:61)
	at java.lang.Thread.run(Thread.java:745)
INFO  18 Feb 2020 16:51:45 id.co.itasoft.tmmin.eform.enr.plugin.MultipleTerminated  - KEY : 2425_tmminEnrollment_enrollmentRequest
ERROR 18 Feb 2020 16:51:45 id.co.itasoft.tmmin.eform.enr.plugin.dao.MultipleTerminatedDao  - Error : Incorrect syntax near the keyword 'FROM'.
com.microsoft.sqlserver.jdbc.SQLServerException: Incorrect syntax near the keyword 'FROM'.
	at com.microsoft.sqlserver.jdbc.SQLServerException.makeFromDatabaseError(SQLServerException.java:216)
	at com.microsoft.sqlserver.jdbc.SQLServerStatement.getNextResult(SQLServerStatement.java:1515)
	at com.microsoft.sqlserver.jdbc.SQLServerPreparedStatement.doExecutePreparedStatement(SQLServerPreparedStatement.java:404)
	at com.microsoft.sqlserver.jdbc.SQLServerPreparedStatement$PrepStmtExecCmd.doExecute(SQLServerPreparedStatement.java:350)
	at com.microsoft.sqlserver.jdbc.TDSCommand.execute(IOBuffer.java:5696)
	at com.microsoft.sqlserver.jdbc.SQLServerConnection.executeCommand(SQLServerConnection.java:1715)
	at com.microsoft.sqlserver.jdbc.SQLServerStatement.executeCommand_aroundBody2(SQLServerStatement.java:180)
	at com.microsoft.sqlserver.jdbc.SQLServerStatement.executeCommand_aroundBody3$advice(SQLServerStatement.java:123)
	at com.microsoft.sqlserver.jdbc.SQLServerStatement.executeCommand(SQLServerStatement.java:1)
	at com.microsoft.sqlserver.jdbc.SQLServerStatement.executeStatement_aroundBody0(SQLServerStatement.java:155)
	at com.microsoft.sqlserver.jdbc.SQLServerStatement.executeStatement_aroundBody1$advice(SQLServerStatement.java:123)
	at com.microsoft.sqlserver.jdbc.SQLServerStatement.executeStatement(SQLServerStatement.java:1)
	at com.microsoft.sqlserver.jdbc.SQLServerPreparedStatement.executeQuery_aroundBody0(SQLServerPreparedStatement.java:285)
	at com.microsoft.sqlserver.jdbc.SQLServerPreparedStatement.executeQuery_aroundBody1$advice(SQLServerPreparedStatement.java:123)
	at com.microsoft.sqlserver.jdbc.SQLServerPreparedStatement.executeQuery(SQLServerPreparedStatement.java:1)
	at id.co.itasoft.tmmin.eform.enr.plugin.dao.MultipleTerminatedDao.getEnrReq(MultipleTerminatedDao.java:116)
	at id.co.itasoft.tmmin.eform.enr.plugin.MultipleTerminated.executeAction(MultipleTerminated.java:118)
	at org.joget.apps.datalist.model.DataList.getActionResult(DataList.java:567)
	at org.joget.apps.userview.lib.DataListMenu.getJspPage_aroundBody22(DataListMenu.java:107)
	at org.joget.apps.userview.lib.DataListMenu.getJspPage_aroundBody23$advice(DataListMenu.java:95)
	at org.joget.apps.userview.lib.DataListMenu.getJspPage(DataListMenu.java:1)
	at org.joget.apps.userview.model.UserviewMenu.getReadyJspPage_aroundBody12(UserviewMenu.java:132)
	at org.joget.apps.userview.model.UserviewMenu.getReadyJspPage_aroundBody13$advice(UserviewMenu.java:95)
	at org.joget.apps.userview.model.UserviewMenu.getReadyJspPage(UserviewMenu.java:1)
	at org.joget.apps.userview.service.UserviewUtil.getUserviewMenuHtml(UserviewUtil.java:94)
	at org.joget.apps.userview.service.UserviewThemeProcesser.getContent(UserviewThemeProcesser.java:593)
	at org.joget.apps.userview.service.UserviewThemeProcesser.getHtml(UserviewThemeProcesser.java:168)
	at sun.reflect.GeneratedMethodAccessor275.invoke(Unknown Source)
	at sun.reflect.DelegatingMethodAccessorImpl.invoke(DelegatingMethodAccessorImpl.java:43)
	at java.lang.reflect.Method.invoke(Method.java:498)
	at javax.el.BeanELResolver.getValue(BeanELResolver.java:94)
	at org.apache.jasper.el.JasperELResolver.getValue(JasperELResolver.java:110)
	at org.apache.el.parser.AstValue.getValue(AstValue.java:169)
	at org.apache.el.ValueExpressionImpl.getValue(ValueExpressionImpl.java:190)
	at org.apache.jasper.el.JspValueExpression.getValue(JspValueExpression.java:115)
	at org.apache.jsp.WEB_002dINF.jsp.ubuilder.v5view_jsp._jspx_meth_c_005fset_005f0(v5view_jsp.java:250)
	at org.apache.jsp.WEB_002dINF.jsp.ubuilder.v5view_jsp._jspx_meth_c_005fif_005f0(v5view_jsp.java:207)
	at org.apache.jsp.WEB_002dINF.jsp.ubuilder.v5view_jsp._jspService(v5view_jsp.java:158)
	at org.apache.jasper.runtime.HttpJspBase.service(HttpJspBase.java:70)
	at javax.servlet.http.HttpServlet.service(HttpServlet.java:742)
	at org.apache.jasper.servlet.JspServletWrapper.service(JspServletWrapper.java:476)
	at org.apache.jasper.servlet.JspServlet.serviceJspFile(JspServlet.java:386)
	at org.apache.jasper.servlet.JspServlet.service(JspServlet.java:330)
	at javax.servlet.http.HttpServlet.service(HttpServlet.java:742)
	at org.apache.catalina.core.ApplicationFilterChain.internalDoFilter(ApplicationFilterChain.java:231)
	at org.apache.catalina.core.ApplicationFilterChain.doFilter(ApplicationFilterChain.java:166)
	at org.apache.tomcat.websocket.server.WsFilter.doFilter(WsFilter.java:52)
	at org.apache.catalina.core.ApplicationFilterChain.internalDoFilter(ApplicationFilterChain.java:193)
	at org.apache.catalina.core.ApplicationFilterChain.doFilter(ApplicationFilterChain.java:166)
	at org.apache.catalina.core.ApplicationDispatcher.invoke(ApplicationDispatcher.java:728)
	at org.apache.catalina.core.ApplicationDispatcher.processRequest(ApplicationDispatcher.java:470)
	at org.apache.catalina.core.ApplicationDispatcher.doForward(ApplicationDispatcher.java:395)
	at org.apache.catalina.core.ApplicationDispatcher.forward(ApplicationDispatcher.java:316)
	at org.springframework.web.servlet.view.InternalResourceView.renderMergedOutputModel(InternalResourceView.java:168)
	at org.springframework.web.servlet.view.AbstractView.render(AbstractView.java:304)
	at org.springframework.web.servlet.DispatcherServlet.render(DispatcherServlet.java:1286)
	at org.springframework.web.servlet.DispatcherServlet.processDispatchResult(DispatcherServlet.java:1041)
	at org.springframework.web.servlet.DispatcherServlet.doDispatch(DispatcherServlet.java:984)
	at org.springframework.web.servlet.DispatcherServlet.doService(DispatcherServlet.java:901)
	at org.springframework.web.servlet.FrameworkServlet.processRequest(FrameworkServlet.java:970)
	at org.springframework.web.servlet.FrameworkServlet.doPost(FrameworkServlet.java:872)
	at javax.servlet.http.HttpServlet.service(HttpServlet.java:661)
	at org.springframework.web.servlet.FrameworkServlet.service(FrameworkServlet.java:846)
	at javax.servlet.http.HttpServlet.service(HttpServlet.java:742)
	at org.apache.catalina.core.ApplicationFilterChain.internalDoFilter(ApplicationFilterChain.java:231)
	at org.apache.catalina.core.ApplicationFilterChain.doFilter(ApplicationFilterChain.java:166)
	at org.apache.tomcat.websocket.server.WsFilter.doFilter(WsFilter.java:52)
	at org.apache.catalina.core.ApplicationFilterChain.internalDoFilter(ApplicationFilterChain.java:193)
	at org.apache.catalina.core.ApplicationFilterChain.doFilter(ApplicationFilterChain.java:166)
	at org.joget.commons.util.AnalyzerFilter.doFilter_aroundBody0(AnalyzerFilter.java:17)
	at org.joget.commons.util.AnalyzerFilter$AjcClosure1.run(AnalyzerFilter.java:1)
	at org.aspectj.runtime.reflect.JoinPointImpl.proceed(JoinPointImpl.java:149)
	at org.joget.commons.util.AnalyzerAspect.analyzeRequests(AnalyzerAspect.java:54)
	at org.joget.commons.util.AnalyzerFilter.doFilter(AnalyzerFilter.java:17)
	at org.apache.catalina.core.ApplicationFilterChain.internalDoFilter(ApplicationFilterChain.java:193)
	at org.apache.catalina.core.ApplicationFilterChain.doFilter(ApplicationFilterChain.java:166)
	at org.displaytag.filter.ResponseOverrideFilter.doFilter(ResponseOverrideFilter.java:125)
	at org.apache.catalina.core.ApplicationFilterChain.internalDoFilter(ApplicationFilterChain.java:193)
	at org.apache.catalina.core.ApplicationFilterChain.doFilter(ApplicationFilterChain.java:166)
	at org.owasp.csrfguard.CsrfGuardFilter.doFilter(CsrfGuardFilter.java:88)
	at org.apache.catalina.core.ApplicationFilterChain.internalDoFilter(ApplicationFilterChain.java:193)
	at org.apache.catalina.core.ApplicationFilterChain.doFilter(ApplicationFilterChain.java:166)
	at org.springframework.security.web.FilterChainProxy$VirtualFilterChain.doFilter(FilterChainProxy.java:317)
	at org.springframework.security.web.access.intercept.FilterSecurityInterceptor.invoke(FilterSecurityInterceptor.java:127)
	at org.springframework.security.web.access.intercept.FilterSecurityInterceptor.doFilter(FilterSecurityInterceptor.java:91)
	at org.springframework.security.web.FilterChainProxy$VirtualFilterChain.doFilter(FilterChainProxy.java:331)
	at org.springframework.security.web.access.ExceptionTranslationFilter.doFilter(ExceptionTranslationFilter.java:115)
	at org.springframework.security.web.FilterChainProxy$VirtualFilterChain.doFilter(FilterChainProxy.java:331)
	at org.springframework.security.web.session.SessionManagementFilter.doFilter(SessionManagementFilter.java:137)
	at org.springframework.security.web.FilterChainProxy$VirtualFilterChain.doFilter(FilterChainProxy.java:331)
	at org.springframework.security.web.authentication.AnonymousAuthenticationFilter.doFilter(AnonymousAuthenticationFilter.java:111)
	at org.springframework.security.web.FilterChainProxy$VirtualFilterChain.doFilter(FilterChainProxy.java:331)
	at org.springframework.security.web.savedrequest.RequestCacheAwareFilter.doFilter(RequestCacheAwareFilter.java:63)
	at org.springframework.security.web.FilterChainProxy$VirtualFilterChain.doFilter(FilterChainProxy.java:331)
	at org.springframework.security.web.authentication.AbstractAuthenticationProcessingFilter.doFilter(AbstractAuthenticationProcessingFilter.java:200)
	at org.joget.apps.workflow.security.WorkflowHttpAuthProcessingFilter.doFilter(WorkflowHttpAuthProcessingFilter.java:85)
	at org.springframework.security.web.FilterChainProxy$VirtualFilterChain.doFilter(FilterChainProxy.java:331)
	at org.springframework.security.web.authentication.www.BasicAuthenticationFilter.doFilterInternal(BasicAuthenticationFilter.java:158)
	at org.springframework.web.filter.OncePerRequestFilter.doFilter(OncePerRequestFilter.java:107)
	at org.springframework.security.web.FilterChainProxy$VirtualFilterChain.doFilter(FilterChainProxy.java:331)
	at org.springframework.security.web.authentication.AbstractAuthenticationProcessingFilter.doFilter(AbstractAuthenticationProcessingFilter.java:200)
	at org.springframework.security.web.FilterChainProxy$VirtualFilterChain.doFilter(FilterChainProxy.java:331)
	at org.springframework.security.web.authentication.logout.LogoutFilter.doFilter(LogoutFilter.java:121)
	at org.springframework.security.web.FilterChainProxy$VirtualFilterChain.doFilter(FilterChainProxy.java:331)
	at org.springframework.security.web.header.HeaderWriterFilter.doFilterInternal(HeaderWriterFilter.java:66)
	at org.springframework.web.filter.OncePerRequestFilter.doFilter(OncePerRequestFilter.java:107)
	at org.springframework.security.web.FilterChainProxy$VirtualFilterChain.doFilter(FilterChainProxy.java:331)
	at org.springframework.security.web.context.request.async.WebAsyncManagerIntegrationFilter.doFilterInternal(WebAsyncManagerIntegrationFilter.java:56)
	at org.springframework.web.filter.OncePerRequestFilter.doFilter(OncePerRequestFilter.java:107)
	at org.springframework.security.web.FilterChainProxy$VirtualFilterChain.doFilter(FilterChainProxy.java:331)
	at org.springframework.security.web.context.SecurityContextPersistenceFilter.doFilter(SecurityContextPersistenceFilter.java:105)
	at org.springframework.security.web.FilterChainProxy$VirtualFilterChain.doFilter(FilterChainProxy.java:331)
	at org.springframework.security.web.FilterChainProxy.doFilterInternal(FilterChainProxy.java:214)
	at org.springframework.security.web.FilterChainProxy.doFilter(FilterChainProxy.java:177)
	at org.springframework.web.filter.DelegatingFilterProxy.invokeDelegate(DelegatingFilterProxy.java:347)
	at org.springframework.web.filter.DelegatingFilterProxy.doFilter(DelegatingFilterProxy.java:263)
	at org.joget.commons.spring.web.CustomDelegatingFilterProxy.doFilter(CustomDelegatingFilterProxy.java:31)
	at org.apache.catalina.core.ApplicationFilterChain.internalDoFilter(ApplicationFilterChain.java:193)
	at org.apache.catalina.core.ApplicationFilterChain.doFilter(ApplicationFilterChain.java:166)
	at org.joget.apps.app.web.ExpireFilter.doFilter(ExpireFilter.java:44)
	at org.apache.catalina.core.ApplicationFilterChain.internalDoFilter(ApplicationFilterChain.java:193)
	at org.apache.catalina.core.ApplicationFilterChain.doFilter(ApplicationFilterChain.java:166)
	at org.springframework.web.filter.CharacterEncodingFilter.doFilterInternal(CharacterEncodingFilter.java:197)
	at org.springframework.web.filter.OncePerRequestFilter.doFilter(OncePerRequestFilter.java:107)
	at org.apache.catalina.core.ApplicationFilterChain.internalDoFilter(ApplicationFilterChain.java:193)
	at org.apache.catalina.core.ApplicationFilterChain.doFilter(ApplicationFilterChain.java:166)
	at org.apache.catalina.core.StandardWrapperValve.invoke(StandardWrapperValve.java:199)
	at org.apache.catalina.core.StandardContextValve.invoke(StandardContextValve.java:96)
	at org.apache.catalina.authenticator.AuthenticatorBase.invoke(AuthenticatorBase.java:493)
	at org.apache.catalina.core.StandardHostValve.invoke(StandardHostValve.java:137)
	at org.apache.catalina.valves.ErrorReportValve.invoke(ErrorReportValve.java:81)
	at org.apache.catalina.core.StandardEngineValve.invoke(StandardEngineValve.java:87)
	at org.apache.catalina.connector.CoyoteAdapter.service(CoyoteAdapter.java:343)
	at org.apache.coyote.http11.Http11Processor.service(Http11Processor.java:798)
	at org.apache.coyote.AbstractProcessorLight.process(AbstractProcessorLight.java:66)
	at org.apache.coyote.AbstractProtocol$ConnectionHandler.process(AbstractProtocol.java:808)
	at org.apache.tomcat.util.net.NioEndpoint$SocketProcessor.doRun(NioEndpoint.java:1498)
	at org.apache.tomcat.util.net.SocketProcessorBase.run(SocketProcessorBase.java:49)
	at java.util.concurrent.ThreadPoolExecutor.runWorker(ThreadPoolExecutor.java:1142)
	at java.util.concurrent.ThreadPoolExecutor$Worker.run(ThreadPoolExecutor.java:617)
	at org.apache.tomcat.util.threads.TaskThread$WrappingRunnable.run(TaskThread.java:61)
	at java.lang.Thread.run(Thread.java:745)
INFO  18 Feb 2020 16:51:45 id.co.itasoft.tmmin.eform.enr.plugin.MultipleTerminated  - KEY : 2426_tmminEnrollment_enrollmentRequest
ERROR 18 Feb 2020 16:51:45 id.co.itasoft.tmmin.eform.enr.plugin.dao.MultipleTerminatedDao  - Error : Incorrect syntax near the keyword 'FROM'.
com.microsoft.sqlserver.jdbc.SQLServerException: Incorrect syntax near the keyword 'FROM'.
	at com.microsoft.sqlserver.jdbc.SQLServerException.makeFromDatabaseError(SQLServerException.java:216)
	at com.microsoft.sqlserver.jdbc.SQLServerStatement.getNextResult(SQLServerStatement.java:1515)
	at com.microsoft.sqlserver.jdbc.SQLServerPreparedStatement.doExecutePreparedStatement(SQLServerPreparedStatement.java:404)
	at com.microsoft.sqlserver.jdbc.SQLServerPreparedStatement$PrepStmtExecCmd.doExecute(SQLServerPreparedStatement.java:350)
	at com.microsoft.sqlserver.jdbc.TDSCommand.execute(IOBuffer.java:5696)
	at com.microsoft.sqlserver.jdbc.SQLServerConnection.executeCommand(SQLServerConnection.java:1715)
	at com.microsoft.sqlserver.jdbc.SQLServerStatement.executeCommand_aroundBody2(SQLServerStatement.java:180)
	at com.microsoft.sqlserver.jdbc.SQLServerStatement.executeCommand_aroundBody3$advice(SQLServerStatement.java:123)
	at com.microsoft.sqlserver.jdbc.SQLServerStatement.executeCommand(SQLServerStatement.java:1)
	at com.microsoft.sqlserver.jdbc.SQLServerStatement.executeStatement_aroundBody0(SQLServerStatement.java:155)
	at com.microsoft.sqlserver.jdbc.SQLServerStatement.executeStatement_aroundBody1$advice(SQLServerStatement.java:123)
	at com.microsoft.sqlserver.jdbc.SQLServerStatement.executeStatement(SQLServerStatement.java:1)
	at com.microsoft.sqlserver.jdbc.SQLServerPreparedStatement.executeQuery_aroundBody0(SQLServerPreparedStatement.java:285)
	at com.microsoft.sqlserver.jdbc.SQLServerPreparedStatement.executeQuery_aroundBody1$advice(SQLServerPreparedStatement.java:123)
	at com.microsoft.sqlserver.jdbc.SQLServerPreparedStatement.executeQuery(SQLServerPreparedStatement.java:1)
	at id.co.itasoft.tmmin.eform.enr.plugin.dao.MultipleTerminatedDao.getEnrReq(MultipleTerminatedDao.java:116)
	at id.co.itasoft.tmmin.eform.enr.plugin.MultipleTerminated.executeAction(MultipleTerminated.java:118)
	at org.joget.apps.datalist.model.DataList.getActionResult(DataList.java:567)
	at org.joget.apps.userview.lib.DataListMenu.getJspPage_aroundBody22(DataListMenu.java:107)
	at org.joget.apps.userview.lib.DataListMenu.getJspPage_aroundBody23$advice(DataListMenu.java:95)
	at org.joget.apps.userview.lib.DataListMenu.getJspPage(DataListMenu.java:1)
	at org.joget.apps.userview.model.UserviewMenu.getReadyJspPage_aroundBody12(UserviewMenu.java:132)
	at org.joget.apps.userview.model.UserviewMenu.getReadyJspPage_aroundBody13$advice(UserviewMenu.java:95)
	at org.joget.apps.userview.model.UserviewMenu.getReadyJspPage(UserviewMenu.java:1)
	at org.joget.apps.userview.service.UserviewUtil.getUserviewMenuHtml(UserviewUtil.java:94)
	at org.joget.apps.userview.service.UserviewThemeProcesser.getContent(UserviewThemeProcesser.java:593)
	at org.joget.apps.userview.service.UserviewThemeProcesser.getHtml(UserviewThemeProcesser.java:168)
	at sun.reflect.GeneratedMethodAccessor275.invoke(Unknown Source)
	at sun.reflect.DelegatingMethodAccessorImpl.invoke(DelegatingMethodAccessorImpl.java:43)
	at java.lang.reflect.Method.invoke(Method.java:498)
	at javax.el.BeanELResolver.getValue(BeanELResolver.java:94)
	at org.apache.jasper.el.JasperELResolver.getValue(JasperELResolver.java:110)
	at org.apache.el.parser.AstValue.getValue(AstValue.java:169)
	at org.apache.el.ValueExpressionImpl.getValue(ValueExpressionImpl.java:190)
	at org.apache.jasper.el.JspValueExpression.getValue(JspValueExpression.java:115)
	at org.apache.jsp.WEB_002dINF.jsp.ubuilder.v5view_jsp._jspx_meth_c_005fset_005f0(v5view_jsp.java:250)
	at org.apache.jsp.WEB_002dINF.jsp.ubuilder.v5view_jsp._jspx_meth_c_005fif_005f0(v5view_jsp.java:207)
	at org.apache.jsp.WEB_002dINF.jsp.ubuilder.v5view_jsp._jspService(v5view_jsp.java:158)
	at org.apache.jasper.runtime.HttpJspBase.service(HttpJspBase.java:70)
	at javax.servlet.http.HttpServlet.service(HttpServlet.java:742)
	at org.apache.jasper.servlet.JspServletWrapper.service(JspServletWrapper.java:476)
	at org.apache.jasper.servlet.JspServlet.serviceJspFile(JspServlet.java:386)
	at org.apache.jasper.servlet.JspServlet.service(JspServlet.java:330)
	at javax.servlet.http.HttpServlet.service(HttpServlet.java:742)
	at org.apache.catalina.core.ApplicationFilterChain.internalDoFilter(ApplicationFilterChain.java:231)
	at org.apache.catalina.core.ApplicationFilterChain.doFilter(ApplicationFilterChain.java:166)
	at org.apache.tomcat.websocket.server.WsFilter.doFilter(WsFilter.java:52)
	at org.apache.catalina.core.ApplicationFilterChain.internalDoFilter(ApplicationFilterChain.java:193)
	at org.apache.catalina.core.ApplicationFilterChain.doFilter(ApplicationFilterChain.java:166)
	at org.apache.catalina.core.ApplicationDispatcher.invoke(ApplicationDispatcher.java:728)
	at org.apache.catalina.core.ApplicationDispatcher.processRequest(ApplicationDispatcher.java:470)
	at org.apache.catalina.core.ApplicationDispatcher.doForward(ApplicationDispatcher.java:395)
	at org.apache.catalina.core.ApplicationDispatcher.forward(ApplicationDispatcher.java:316)
	at org.springframework.web.servlet.view.InternalResourceView.renderMergedOutputModel(InternalResourceView.java:168)
	at org.springframework.web.servlet.view.AbstractView.render(AbstractView.java:304)
	at org.springframework.web.servlet.DispatcherServlet.render(DispatcherServlet.java:1286)
	at org.springframework.web.servlet.DispatcherServlet.processDispatchResult(DispatcherServlet.java:1041)
	at org.springframework.web.servlet.DispatcherServlet.doDispatch(DispatcherServlet.java:984)
	at org.springframework.web.servlet.DispatcherServlet.doService(DispatcherServlet.java:901)
	at org.springframework.web.servlet.FrameworkServlet.processRequest(FrameworkServlet.java:970)
	at org.springframework.web.servlet.FrameworkServlet.doPost(FrameworkServlet.java:872)
	at javax.servlet.http.HttpServlet.service(HttpServlet.java:661)
	at org.springframework.web.servlet.FrameworkServlet.service(FrameworkServlet.java:846)
	at javax.servlet.http.HttpServlet.service(HttpServlet.java:742)
	at org.apache.catalina.core.ApplicationFilterChain.internalDoFilter(ApplicationFilterChain.java:231)
	at org.apache.catalina.core.ApplicationFilterChain.doFilter(ApplicationFilterChain.java:166)
	at org.apache.tomcat.websocket.server.WsFilter.doFilter(WsFilter.java:52)
	at org.apache.catalina.core.ApplicationFilterChain.internalDoFilter(ApplicationFilterChain.java:193)
	at org.apache.catalina.core.ApplicationFilterChain.doFilter(ApplicationFilterChain.java:166)
	at org.joget.commons.util.AnalyzerFilter.doFilter_aroundBody0(AnalyzerFilter.java:17)
	at org.joget.commons.util.AnalyzerFilter$AjcClosure1.run(AnalyzerFilter.java:1)
	at org.aspectj.runtime.reflect.JoinPointImpl.proceed(JoinPointImpl.java:149)
	at org.joget.commons.util.AnalyzerAspect.analyzeRequests(AnalyzerAspect.java:54)
	at org.joget.commons.util.AnalyzerFilter.doFilter(AnalyzerFilter.java:17)
	at org.apache.catalina.core.ApplicationFilterChain.internalDoFilter(ApplicationFilterChain.java:193)
	at org.apache.catalina.core.ApplicationFilterChain.doFilter(ApplicationFilterChain.java:166)
	at org.displaytag.filter.ResponseOverrideFilter.doFilter(ResponseOverrideFilter.java:125)
	at org.apache.catalina.core.ApplicationFilterChain.internalDoFilter(ApplicationFilterChain.java:193)
	at org.apache.catalina.core.ApplicationFilterChain.doFilter(ApplicationFilterChain.java:166)
	at org.owasp.csrfguard.CsrfGuardFilter.doFilter(CsrfGuardFilter.java:88)
	at org.apache.catalina.core.ApplicationFilterChain.internalDoFilter(ApplicationFilterChain.java:193)
	at org.apache.catalina.core.ApplicationFilterChain.doFilter(ApplicationFilterChain.java:166)
	at org.springframework.security.web.FilterChainProxy$VirtualFilterChain.doFilter(FilterChainProxy.java:317)
	at org.springframework.security.web.access.intercept.FilterSecurityInterceptor.invoke(FilterSecurityInterceptor.java:127)
	at org.springframework.security.web.access.intercept.FilterSecurityInterceptor.doFilter(FilterSecurityInterceptor.java:91)
	at org.springframework.security.web.FilterChainProxy$VirtualFilterChain.doFilter(FilterChainProxy.java:331)
	at org.springframework.security.web.access.ExceptionTranslationFilter.doFilter(ExceptionTranslationFilter.java:115)
	at org.springframework.security.web.FilterChainProxy$VirtualFilterChain.doFilter(FilterChainProxy.java:331)
	at org.springframework.security.web.session.SessionManagementFilter.doFilter(SessionManagementFilter.java:137)
	at org.springframework.security.web.FilterChainProxy$VirtualFilterChain.doFilter(FilterChainProxy.java:331)
	at org.springframework.security.web.authentication.AnonymousAuthenticationFilter.doFilter(AnonymousAuthenticationFilter.java:111)
	at org.springframework.security.web.FilterChainProxy$VirtualFilterChain.doFilter(FilterChainProxy.java:331)
	at org.springframework.security.web.savedrequest.RequestCacheAwareFilter.doFilter(RequestCacheAwareFilter.java:63)
	at org.springframework.security.web.FilterChainProxy$VirtualFilterChain.doFilter(FilterChainProxy.java:331)
	at org.springframework.security.web.authentication.AbstractAuthenticationProcessingFilter.doFilter(AbstractAuthenticationProcessingFilter.java:200)
	at org.joget.apps.workflow.security.WorkflowHttpAuthProcessingFilter.doFilter(WorkflowHttpAuthProcessingFilter.java:85)
	at org.springframework.security.web.FilterChainProxy$VirtualFilterChain.doFilter(FilterChainProxy.java:331)
	at org.springframework.security.web.authentication.www.BasicAuthenticationFilter.doFilterInternal(BasicAuthenticationFilter.java:158)
	at org.springframework.web.filter.OncePerRequestFilter.doFilter(OncePerRequestFilter.java:107)
	at org.springframework.security.web.FilterChainProxy$VirtualFilterChain.doFilter(FilterChainProxy.java:331)
	at org.springframework.security.web.authentication.AbstractAuthenticationProcessingFilter.doFilter(AbstractAuthenticationProcessingFilter.java:200)
	at org.springframework.security.web.FilterChainProxy$VirtualFilterChain.doFilter(FilterChainProxy.java:331)
	at org.springframework.security.web.authentication.logout.LogoutFilter.doFilter(LogoutFilter.java:121)
	at org.springframework.security.web.FilterChainProxy$VirtualFilterChain.doFilter(FilterChainProxy.java:331)
	at org.springframework.security.web.header.HeaderWriterFilter.doFilterInternal(HeaderWriterFilter.java:66)
	at org.springframework.web.filter.OncePerRequestFilter.doFilter(OncePerRequestFilter.java:107)
	at org.springframework.security.web.FilterChainProxy$VirtualFilterChain.doFilter(FilterChainProxy.java:331)
	at org.springframework.security.web.context.request.async.WebAsyncManagerIntegrationFilter.doFilterInternal(WebAsyncManagerIntegrationFilter.java:56)
	at org.springframework.web.filter.OncePerRequestFilter.doFilter(OncePerRequestFilter.java:107)
	at org.springframework.security.web.FilterChainProxy$VirtualFilterChain.doFilter(FilterChainProxy.java:331)
	at org.springframework.security.web.context.SecurityContextPersistenceFilter.doFilter(SecurityContextPersistenceFilter.java:105)
	at org.springframework.security.web.FilterChainProxy$VirtualFilterChain.doFilter(FilterChainProxy.java:331)
	at org.springframework.security.web.FilterChainProxy.doFilterInternal(FilterChainProxy.java:214)
	at org.springframework.security.web.FilterChainProxy.doFilter(FilterChainProxy.java:177)
	at org.springframework.web.filter.DelegatingFilterProxy.invokeDelegate(DelegatingFilterProxy.java:347)
	at org.springframework.web.filter.DelegatingFilterProxy.doFilter(DelegatingFilterProxy.java:263)
	at org.joget.commons.spring.web.CustomDelegatingFilterProxy.doFilter(CustomDelegatingFilterProxy.java:31)
	at org.apache.catalina.core.ApplicationFilterChain.internalDoFilter(ApplicationFilterChain.java:193)
	at org.apache.catalina.core.ApplicationFilterChain.doFilter(ApplicationFilterChain.java:166)
	at org.joget.apps.app.web.ExpireFilter.doFilter(ExpireFilter.java:44)
	at org.apache.catalina.core.ApplicationFilterChain.internalDoFilter(ApplicationFilterChain.java:193)
	at org.apache.catalina.core.ApplicationFilterChain.doFilter(ApplicationFilterChain.java:166)
	at org.springframework.web.filter.CharacterEncodingFilter.doFilterInternal(CharacterEncodingFilter.java:197)
	at org.springframework.web.filter.OncePerRequestFilter.doFilter(OncePerRequestFilter.java:107)
	at org.apache.catalina.core.ApplicationFilterChain.internalDoFilter(ApplicationFilterChain.java:193)
	at org.apache.catalina.core.ApplicationFilterChain.doFilter(ApplicationFilterChain.java:166)
	at org.apache.catalina.core.StandardWrapperValve.invoke(StandardWrapperValve.java:199)
	at org.apache.catalina.core.StandardContextValve.invoke(StandardContextValve.java:96)
	at org.apache.catalina.authenticator.AuthenticatorBase.invoke(AuthenticatorBase.java:493)
	at org.apache.catalina.core.StandardHostValve.invoke(StandardHostValve.java:137)
	at org.apache.catalina.valves.ErrorReportValve.invoke(ErrorReportValve.java:81)
	at org.apache.catalina.core.StandardEngineValve.invoke(StandardEngineValve.java:87)
	at org.apache.catalina.connector.CoyoteAdapter.service(CoyoteAdapter.java:343)
	at org.apache.coyote.http11.Http11Processor.service(Http11Processor.java:798)
	at org.apache.coyote.AbstractProcessorLight.process(AbstractProcessorLight.java:66)
	at org.apache.coyote.AbstractProtocol$ConnectionHandler.process(AbstractProtocol.java:808)
	at org.apache.tomcat.util.net.NioEndpoint$SocketProcessor.doRun(NioEndpoint.java:1498)
	at org.apache.tomcat.util.net.SocketProcessorBase.run(SocketProcessorBase.java:49)
	at java.util.concurrent.ThreadPoolExecutor.runWorker(ThreadPoolExecutor.java:1142)
	at java.util.concurrent.ThreadPoolExecutor$Worker.run(ThreadPoolExecutor.java:617)
	at org.apache.tomcat.util.threads.TaskThread$WrappingRunnable.run(TaskThread.java:61)
	at java.lang.Thread.run(Thread.java:745)
INFO  18 Feb 2020 16:51:45 id.co.itasoft.tmmin.eform.enr.plugin.MultipleTerminated  - KEY : 2427_tmminEnrollment_enrollmentRequest
ERROR 18 Feb 2020 16:51:45 id.co.itasoft.tmmin.eform.enr.plugin.dao.MultipleTerminatedDao  - Error : Incorrect syntax near the keyword 'FROM'.
com.microsoft.sqlserver.jdbc.SQLServerException: Incorrect syntax near the keyword 'FROM'.
	at com.microsoft.sqlserver.jdbc.SQLServerException.makeFromDatabaseError(SQLServerException.java:216)
	at com.microsoft.sqlserver.jdbc.SQLServerStatement.getNextResult(SQLServerStatement.java:1515)
	at com.microsoft.sqlserver.jdbc.SQLServerPreparedStatement.doExecutePreparedStatement(SQLServerPreparedStatement.java:404)
	at com.microsoft.sqlserver.jdbc.SQLServerPreparedStatement$PrepStmtExecCmd.doExecute(SQLServerPreparedStatement.java:350)
	at com.microsoft.sqlserver.jdbc.TDSCommand.execute(IOBuffer.java:5696)
	at com.microsoft.sqlserver.jdbc.SQLServerConnection.executeCommand(SQLServerConnection.java:1715)
	at com.microsoft.sqlserver.jdbc.SQLServerStatement.executeCommand_aroundBody2(SQLServerStatement.java:180)
	at com.microsoft.sqlserver.jdbc.SQLServerStatement.executeCommand_aroundBody3$advice(SQLServerStatement.java:123)
	at com.microsoft.sqlserver.jdbc.SQLServerStatement.executeCommand(SQLServerStatement.java:1)
	at com.microsoft.sqlserver.jdbc.SQLServerStatement.executeStatement_aroundBody0(SQLServerStatement.java:155)
	at com.microsoft.sqlserver.jdbc.SQLServerStatement.executeStatement_aroundBody1$advice(SQLServerStatement.java:123)
	at com.microsoft.sqlserver.jdbc.SQLServerStatement.executeStatement(SQLServerStatement.java:1)
	at com.microsoft.sqlserver.jdbc.SQLServerPreparedStatement.executeQuery_aroundBody0(SQLServerPreparedStatement.java:285)
	at com.microsoft.sqlserver.jdbc.SQLServerPreparedStatement.executeQuery_aroundBody1$advice(SQLServerPreparedStatement.java:123)
	at com.microsoft.sqlserver.jdbc.SQLServerPreparedStatement.executeQuery(SQLServerPreparedStatement.java:1)
	at id.co.itasoft.tmmin.eform.enr.plugin.dao.MultipleTerminatedDao.getEnrReq(MultipleTerminatedDao.java:116)
	at id.co.itasoft.tmmin.eform.enr.plugin.MultipleTerminated.executeAction(MultipleTerminated.java:118)
	at org.joget.apps.datalist.model.DataList.getActionResult(DataList.java:567)
	at org.joget.apps.userview.lib.DataListMenu.getJspPage_aroundBody22(DataListMenu.java:107)
	at org.joget.apps.userview.lib.DataListMenu.getJspPage_aroundBody23$advice(DataListMenu.java:95)
	at org.joget.apps.userview.lib.DataListMenu.getJspPage(DataListMenu.java:1)
	at org.joget.apps.userview.model.UserviewMenu.getReadyJspPage_aroundBody12(UserviewMenu.java:132)
	at org.joget.apps.userview.model.UserviewMenu.getReadyJspPage_aroundBody13$advice(UserviewMenu.java:95)
	at org.joget.apps.userview.model.UserviewMenu.getReadyJspPage(UserviewMenu.java:1)
	at org.joget.apps.userview.service.UserviewUtil.getUserviewMenuHtml(UserviewUtil.java:94)
	at org.joget.apps.userview.service.UserviewThemeProcesser.getContent(UserviewThemeProcesser.java:593)
	at org.joget.apps.userview.service.UserviewThemeProcesser.getHtml(UserviewThemeProcesser.java:168)
	at sun.reflect.GeneratedMethodAccessor275.invoke(Unknown Source)
	at sun.reflect.DelegatingMethodAccessorImpl.invoke(DelegatingMethodAccessorImpl.java:43)
	at java.lang.reflect.Method.invoke(Method.java:498)
	at javax.el.BeanELResolver.getValue(BeanELResolver.java:94)
	at org.apache.jasper.el.JasperELResolver.getValue(JasperELResolver.java:110)
	at org.apache.el.parser.AstValue.getValue(AstValue.java:169)
	at org.apache.el.ValueExpressionImpl.getValue(ValueExpressionImpl.java:190)
	at org.apache.jasper.el.JspValueExpression.getValue(JspValueExpression.java:115)
	at org.apache.jsp.WEB_002dINF.jsp.ubuilder.v5view_jsp._jspx_meth_c_005fset_005f0(v5view_jsp.java:250)
	at org.apache.jsp.WEB_002dINF.jsp.ubuilder.v5view_jsp._jspx_meth_c_005fif_005f0(v5view_jsp.java:207)
	at org.apache.jsp.WEB_002dINF.jsp.ubuilder.v5view_jsp._jspService(v5view_jsp.java:158)
	at org.apache.jasper.runtime.HttpJspBase.service(HttpJspBase.java:70)
	at javax.servlet.http.HttpServlet.service(HttpServlet.java:742)
	at org.apache.jasper.servlet.JspServletWrapper.service(JspServletWrapper.java:476)
	at org.apache.jasper.servlet.JspServlet.serviceJspFile(JspServlet.java:386)
	at org.apache.jasper.servlet.JspServlet.service(JspServlet.java:330)
	at javax.servlet.http.HttpServlet.service(HttpServlet.java:742)
	at org.apache.catalina.core.ApplicationFilterChain.internalDoFilter(ApplicationFilterChain.java:231)
	at org.apache.catalina.core.ApplicationFilterChain.doFilter(ApplicationFilterChain.java:166)
	at org.apache.tomcat.websocket.server.WsFilter.doFilter(WsFilter.java:52)
	at org.apache.catalina.core.ApplicationFilterChain.internalDoFilter(ApplicationFilterChain.java:193)
	at org.apache.catalina.core.ApplicationFilterChain.doFilter(ApplicationFilterChain.java:166)
	at org.apache.catalina.core.ApplicationDispatcher.invoke(ApplicationDispatcher.java:728)
	at org.apache.catalina.core.ApplicationDispatcher.processRequest(ApplicationDispatcher.java:470)
	at org.apache.catalina.core.ApplicationDispatcher.doForward(ApplicationDispatcher.java:395)
	at org.apache.catalina.core.ApplicationDispatcher.forward(ApplicationDispatcher.java:316)
	at org.springframework.web.servlet.view.InternalResourceView.renderMergedOutputModel(InternalResourceView.java:168)
	at org.springframework.web.servlet.view.AbstractView.render(AbstractView.java:304)
	at org.springframework.web.servlet.DispatcherServlet.render(DispatcherServlet.java:1286)
	at org.springframework.web.servlet.DispatcherServlet.processDispatchResult(DispatcherServlet.java:1041)
	at org.springframework.web.servlet.DispatcherServlet.doDispatch(DispatcherServlet.java:984)
	at org.springframework.web.servlet.DispatcherServlet.doService(DispatcherServlet.java:901)
	at org.springframework.web.servlet.FrameworkServlet.processRequest(FrameworkServlet.java:970)
	at org.springframework.web.servlet.FrameworkServlet.doPost(FrameworkServlet.java:872)
	at javax.servlet.http.HttpServlet.service(HttpServlet.java:661)
	at org.springframework.web.servlet.FrameworkServlet.service(FrameworkServlet.java:846)
	at javax.servlet.http.HttpServlet.service(HttpServlet.java:742)
	at org.apache.catalina.core.ApplicationFilterChain.internalDoFilter(ApplicationFilterChain.java:231)
	at org.apache.catalina.core.ApplicationFilterChain.doFilter(ApplicationFilterChain.java:166)
	at org.apache.tomcat.websocket.server.WsFilter.doFilter(WsFilter.java:52)
	at org.apache.catalina.core.ApplicationFilterChain.internalDoFilter(ApplicationFilterChain.java:193)
	at org.apache.catalina.core.ApplicationFilterChain.doFilter(ApplicationFilterChain.java:166)
	at org.joget.commons.util.AnalyzerFilter.doFilter_aroundBody0(AnalyzerFilter.java:17)
	at org.joget.commons.util.AnalyzerFilter$AjcClosure1.run(AnalyzerFilter.java:1)
	at org.aspectj.runtime.reflect.JoinPointImpl.proceed(JoinPointImpl.java:149)
	at org.joget.commons.util.AnalyzerAspect.analyzeRequests(AnalyzerAspect.java:54)
	at org.joget.commons.util.AnalyzerFilter.doFilter(AnalyzerFilter.java:17)
	at org.apache.catalina.core.ApplicationFilterChain.internalDoFilter(ApplicationFilterChain.java:193)
	at org.apache.catalina.core.ApplicationFilterChain.doFilter(ApplicationFilterChain.java:166)
	at org.displaytag.filter.ResponseOverrideFilter.doFilter(ResponseOverrideFilter.java:125)
	at org.apache.catalina.core.ApplicationFilterChain.internalDoFilter(ApplicationFilterChain.java:193)
	at org.apache.catalina.core.ApplicationFilterChain.doFilter(ApplicationFilterChain.java:166)
	at org.owasp.csrfguard.CsrfGuardFilter.doFilter(CsrfGuardFilter.java:88)
	at org.apache.catalina.core.ApplicationFilterChain.internalDoFilter(ApplicationFilterChain.java:193)
	at org.apache.catalina.core.ApplicationFilterChain.doFilter(ApplicationFilterChain.java:166)
	at org.springframework.security.web.FilterChainProxy$VirtualFilterChain.doFilter(FilterChainProxy.java:317)
	at org.springframework.security.web.access.intercept.FilterSecurityInterceptor.invoke(FilterSecurityInterceptor.java:127)
	at org.springframework.security.web.access.intercept.FilterSecurityInterceptor.doFilter(FilterSecurityInterceptor.java:91)
	at org.springframework.security.web.FilterChainProxy$VirtualFilterChain.doFilter(FilterChainProxy.java:331)
	at org.springframework.security.web.access.ExceptionTranslationFilter.doFilter(ExceptionTranslationFilter.java:115)
	at org.springframework.security.web.FilterChainProxy$VirtualFilterChain.doFilter(FilterChainProxy.java:331)
	at org.springframework.security.web.session.SessionManagementFilter.doFilter(SessionManagementFilter.java:137)
	at org.springframework.security.web.FilterChainProxy$VirtualFilterChain.doFilter(FilterChainProxy.java:331)
	at org.springframework.security.web.authentication.AnonymousAuthenticationFilter.doFilter(AnonymousAuthenticationFilter.java:111)
	at org.springframework.security.web.FilterChainProxy$VirtualFilterChain.doFilter(FilterChainProxy.java:331)
	at org.springframework.security.web.savedrequest.RequestCacheAwareFilter.doFilter(RequestCacheAwareFilter.java:63)
	at org.springframework.security.web.FilterChainProxy$VirtualFilterChain.doFilter(FilterChainProxy.java:331)
	at org.springframework.security.web.authentication.AbstractAuthenticationProcessingFilter.doFilter(AbstractAuthenticationProcessingFilter.java:200)
	at org.joget.apps.workflow.security.WorkflowHttpAuthProcessingFilter.doFilter(WorkflowHttpAuthProcessingFilter.java:85)
	at org.springframework.security.web.FilterChainProxy$VirtualFilterChain.doFilter(FilterChainProxy.java:331)
	at org.springframework.security.web.authentication.www.BasicAuthenticationFilter.doFilterInternal(BasicAuthenticationFilter.java:158)
	at org.springframework.web.filter.OncePerRequestFilter.doFilter(OncePerRequestFilter.java:107)
	at org.springframework.security.web.FilterChainProxy$VirtualFilterChain.doFilter(FilterChainProxy.java:331)
	at org.springframework.security.web.authentication.AbstractAuthenticationProcessingFilter.doFilter(AbstractAuthenticationProcessingFilter.java:200)
	at org.springframework.security.web.FilterChainProxy$VirtualFilterChain.doFilter(FilterChainProxy.java:331)
	at org.springframework.security.web.authentication.logout.LogoutFilter.doFilter(LogoutFilter.java:121)
	at org.springframework.security.web.FilterChainProxy$VirtualFilterChain.doFilter(FilterChainProxy.java:331)
	at org.springframework.security.web.header.HeaderWriterFilter.doFilterInternal(HeaderWriterFilter.java:66)
	at org.springframework.web.filter.OncePerRequestFilter.doFilter(OncePerRequestFilter.java:107)
	at org.springframework.security.web.FilterChainProxy$VirtualFilterChain.doFilter(FilterChainProxy.java:331)
	at org.springframework.security.web.context.request.async.WebAsyncManagerIntegrationFilter.doFilterInternal(WebAsyncManagerIntegrationFilter.java:56)
	at org.springframework.web.filter.OncePerRequestFilter.doFilter(OncePerRequestFilter.java:107)
	at org.springframework.security.web.FilterChainProxy$VirtualFilterChain.doFilter(FilterChainProxy.java:331)
	at org.springframework.security.web.context.SecurityContextPersistenceFilter.doFilter(SecurityContextPersistenceFilter.java:105)
	at org.springframework.security.web.FilterChainProxy$VirtualFilterChain.doFilter(FilterChainProxy.java:331)
	at org.springframework.security.web.FilterChainProxy.doFilterInternal(FilterChainProxy.java:214)
	at org.springframework.security.web.FilterChainProxy.doFilter(FilterChainProxy.java:177)
	at org.springframework.web.filter.DelegatingFilterProxy.invokeDelegate(DelegatingFilterProxy.java:347)
	at org.springframework.web.filter.DelegatingFilterProxy.doFilter(DelegatingFilterProxy.java:263)
	at org.joget.commons.spring.web.CustomDelegatingFilterProxy.doFilter(CustomDelegatingFilterProxy.java:31)
	at org.apache.catalina.core.ApplicationFilterChain.internalDoFilter(ApplicationFilterChain.java:193)
	at org.apache.catalina.core.ApplicationFilterChain.doFilter(ApplicationFilterChain.java:166)
	at org.joget.apps.app.web.ExpireFilter.doFilter(ExpireFilter.java:44)
	at org.apache.catalina.core.ApplicationFilterChain.internalDoFilter(ApplicationFilterChain.java:193)
	at org.apache.catalina.core.ApplicationFilterChain.doFilter(ApplicationFilterChain.java:166)
	at org.springframework.web.filter.CharacterEncodingFilter.doFilterInternal(CharacterEncodingFilter.java:197)
	at org.springframework.web.filter.OncePerRequestFilter.doFilter(OncePerRequestFilter.java:107)
	at org.apache.catalina.core.ApplicationFilterChain.internalDoFilter(ApplicationFilterChain.java:193)
	at org.apache.catalina.core.ApplicationFilterChain.doFilter(ApplicationFilterChain.java:166)
	at org.apache.catalina.core.StandardWrapperValve.invoke(StandardWrapperValve.java:199)
	at org.apache.catalina.core.StandardContextValve.invoke(StandardContextValve.java:96)
	at org.apache.catalina.authenticator.AuthenticatorBase.invoke(AuthenticatorBase.java:493)
	at org.apache.catalina.core.StandardHostValve.invoke(StandardHostValve.java:137)
	at org.apache.catalina.valves.ErrorReportValve.invoke(ErrorReportValve.java:81)
	at org.apache.catalina.core.StandardEngineValve.invoke(StandardEngineValve.java:87)
	at org.apache.catalina.connector.CoyoteAdapter.service(CoyoteAdapter.java:343)
	at org.apache.coyote.http11.Http11Processor.service(Http11Processor.java:798)
	at org.apache.coyote.AbstractProcessorLight.process(AbstractProcessorLight.java:66)
	at org.apache.coyote.AbstractProtocol$ConnectionHandler.process(AbstractProtocol.java:808)
	at org.apache.tomcat.util.net.NioEndpoint$SocketProcessor.doRun(NioEndpoint.java:1498)
	at org.apache.tomcat.util.net.SocketProcessorBase.run(SocketProcessorBase.java:49)
	at java.util.concurrent.ThreadPoolExecutor.runWorker(ThreadPoolExecutor.java:1142)
	at java.util.concurrent.ThreadPoolExecutor$Worker.run(ThreadPoolExecutor.java:617)
	at org.apache.tomcat.util.threads.TaskThread$WrappingRunnable.run(TaskThread.java:61)
	at java.lang.Thread.run(Thread.java:745)
