INFO    23 Jan 2025 09:14:41 org.displaytag.export.ExportViewFactory - Initializing ExportViewFactory with type={csv,excel,xml,pdf}
INFO    23 Jan 2025 09:14:41 org.displaytag.properties.TableProperties - LocaleResolver initialized to org.joget.apps.app.web.LocalLocaleResolver.
ERROR   24 Jan 2025 14:04:17 org.joget.plugin.enterprise.JdbcOptionsBinder - java.sql.SQLSyntaxErrorException: (conn=2135) You have an error in your SQL syntax; check the manual that corresponds to your MySQL server version for the right syntax to use near 'ASC' at line 1
java.sql.SQLSyntaxErrorException: (conn=2135) You have an error in your SQL syntax; check the manual that corresponds to your MySQL server version for the right syntax to use near 'ASC' at line 1
	at org.mariadb.jdbc.internal.util.exceptions.ExceptionMapper.get(ExceptionMapper.java:243)
	at org.mariadb.jdbc.internal.util.exceptions.ExceptionMapper.getException(ExceptionMapper.java:164)
	at org.mariadb.jdbc.MariaDbStatement.executeExceptionEpilogue_aroundBody2(MariaDbStatement.java:244)
	at org.mariadb.jdbc.MariaDbStatement.executeExceptionEpilogue_aroundBody3$advice(MariaDbStatement.java:127)
	at org.mariadb.jdbc.MariaDbStatement.executeExceptionEpilogue(MariaDbStatement.java:1)
	at org.mariadb.jdbc.ClientSidePreparedStatement.executeInternal_aroundBody6(ClientSidePreparedStatement.java:225)
	at org.mariadb.jdbc.ClientSidePreparedStatement.executeInternal_aroundBody7$advice(ClientSidePreparedStatement.java:127)
	at org.mariadb.jdbc.ClientSidePreparedStatement.executeInternal(ClientSidePreparedStatement.java:1)
	at org.mariadb.jdbc.ClientSidePreparedStatement.execute_aroundBody0(ClientSidePreparedStatement.java:145)
	at org.mariadb.jdbc.ClientSidePreparedStatement.execute_aroundBody1$advice(ClientSidePreparedStatement.java:127)
	at org.mariadb.jdbc.ClientSidePreparedStatement.execute(ClientSidePreparedStatement.java:1)
	at org.mariadb.jdbc.ClientSidePreparedStatement.executeQuery_aroundBody2(ClientSidePreparedStatement.java:159)
	at org.mariadb.jdbc.ClientSidePreparedStatement.executeQuery_aroundBody3$advice(ClientSidePreparedStatement.java:127)
	at org.mariadb.jdbc.ClientSidePreparedStatement.executeQuery(ClientSidePreparedStatement.java:1)
	at org.joget.plugin.enterprise.JdbcOptionsBinder.loadAjaxOptions_aroundBody20(JdbcOptionsBinder.java:113)
	at org.joget.plugin.enterprise.JdbcOptionsBinder.loadAjaxOptions_aroundBody21$advice(JdbcOptionsBinder.java:99)
	at org.joget.plugin.enterprise.JdbcOptionsBinder.loadAjaxOptions(JdbcOptionsBinder.java:1)
	at org.joget.plugin.enterprise.JdbcOptionsBinder.load_aroundBody14(JdbcOptionsBinder.java:62)
	at org.joget.plugin.enterprise.JdbcOptionsBinder.load_aroundBody15$advice(JdbcOptionsBinder.java:99)
	at org.joget.plugin.enterprise.JdbcOptionsBinder.load_aroundBody16(JdbcOptionsBinder.java:1)
	at org.joget.plugin.enterprise.JdbcOptionsBinder$AjcClosure17.run(JdbcOptionsBinder.java:1)
	at org.aspectj.runtime.reflect.JoinPointImpl.proceed(JoinPointImpl.java:149)
	at org.joget.apps.form.service.FormOptionsCacheAspect.load(FormOptionsCacheAspect.java:77)
	at org.joget.plugin.enterprise.JdbcOptionsBinder.load(JdbcOptionsBinder.java:62)
	at org.joget.plugin.enterprise.SelectBoxDataListFilterType.getOptionMap_aroundBody16(SelectBoxDataListFilterType.java:133)
	at org.joget.plugin.enterprise.SelectBoxDataListFilterType.getOptionMap_aroundBody17$advice(SelectBoxDataListFilterType.java:99)
	at org.joget.plugin.enterprise.SelectBoxDataListFilterType.getOptionMap(SelectBoxDataListFilterType.java:1)
	at org.joget.plugin.enterprise.SelectBoxDataListFilterType.getTemplate_aroundBody12(SelectBoxDataListFilterType.java:82)
	at org.joget.plugin.enterprise.SelectBoxDataListFilterType.getTemplate_aroundBody13$advice(SelectBoxDataListFilterType.java:99)
	at org.joget.plugin.enterprise.SelectBoxDataListFilterType.getTemplate(SelectBoxDataListFilterType.java:1)
	at org.joget.apps.datalist.model.DataList.getFilterTemplates(DataList.java:695)
	at jdk.internal.reflect.GeneratedMethodAccessor546.invoke(Unknown Source)
	at java.base/jdk.internal.reflect.DelegatingMethodAccessorImpl.invoke(DelegatingMethodAccessorImpl.java:43)
	at java.base/java.lang.reflect.Method.invoke(Method.java:566)
	at javax.el.BeanELResolver.getValue(BeanELResolver.java:94)
	at org.apache.jasper.el.JasperELResolver.getValue(JasperELResolver.java:113)
	at org.apache.el.parser.AstValue.getValue(AstValue.java:169)
	at org.apache.el.parser.AstFunction.getValue(AstFunction.java:189)
	at org.apache.el.parser.AstGreaterThan.getValue(AstGreaterThan.java:37)
	at org.apache.el.ValueExpressionImpl.getValue(ValueExpressionImpl.java:190)
	at org.apache.jasper.runtime.PageContextImpl.proprietaryEvaluate(PageContextImpl.java:944)
	at org.apache.jsp.WEB_002dINF.jsp.dbuilder.dataListView_jsp._jspx_meth_c_005fif_005f9(dataListView_jsp.java:2048)
	at org.apache.jsp.WEB_002dINF.jsp.dbuilder.dataListView_jsp._jspService(dataListView_jsp.java:472)
	at org.apache.jasper.runtime.HttpJspBase.service(HttpJspBase.java:71)
	at javax.servlet.http.HttpServlet.service(HttpServlet.java:733)
	at org.apache.jasper.servlet.JspServletWrapper.service(JspServletWrapper.java:476)
	at org.apache.jasper.servlet.JspServlet.serviceJspFile(JspServlet.java:386)
	at org.apache.jasper.servlet.JspServlet.service(JspServlet.java:330)
	at javax.servlet.http.HttpServlet.service(HttpServlet.java:733)
	at org.apache.catalina.core.ApplicationFilterChain.internalDoFilter(ApplicationFilterChain.java:231)
	at org.apache.catalina.core.ApplicationFilterChain.doFilter(ApplicationFilterChain.java:166)
	at org.apache.catalina.core.ApplicationDispatcher.invoke(ApplicationDispatcher.java:713)
	at org.apache.catalina.core.ApplicationDispatcher.doInclude(ApplicationDispatcher.java:583)
	at org.apache.catalina.core.ApplicationDispatcher.include(ApplicationDispatcher.java:519)
	at org.apache.jasper.runtime.JspRuntimeLibrary.include(JspRuntimeLibrary.java:865)
	at org.apache.jsp.WEB_002dINF.jsp.userview.plugin.datalist_jsp._jspx_meth_c_005fif_005f3(datalist_jsp.java:416)
	at org.apache.jsp.WEB_002dINF.jsp.userview.plugin.datalist_jsp._jspService(datalist_jsp.java:181)
	at org.apache.jasper.runtime.HttpJspBase.service(HttpJspBase.java:71)
	at javax.servlet.http.HttpServlet.service(HttpServlet.java:733)
	at org.apache.jasper.servlet.JspServletWrapper.service(JspServletWrapper.java:476)
	at org.apache.jasper.servlet.JspServlet.serviceJspFile(JspServlet.java:386)
	at org.apache.jasper.servlet.JspServlet.service(JspServlet.java:330)
	at javax.servlet.http.HttpServlet.service(HttpServlet.java:733)
	at org.apache.catalina.core.ApplicationFilterChain.internalDoFilter(ApplicationFilterChain.java:231)
	at org.apache.catalina.core.ApplicationFilterChain.doFilter(ApplicationFilterChain.java:166)
	at org.apache.catalina.core.ApplicationDispatcher.invoke(ApplicationDispatcher.java:713)
	at org.apache.catalina.core.ApplicationDispatcher.doInclude(ApplicationDispatcher.java:583)
	at org.apache.catalina.core.ApplicationDispatcher.include(ApplicationDispatcher.java:519)
	at org.joget.apps.userview.service.UserviewUtil.renderJspAsString(UserviewUtil.java:174)
	at org.joget.apps.userview.service.UserviewUtil.getUserviewMenuHtml(UserviewUtil.java:135)
	at org.joget.apps.userview.service.UserviewThemeProcesser.getContent(UserviewThemeProcesser.java:649)
	at org.joget.apps.userview.service.UserviewThemeProcesser.getHtml(UserviewThemeProcesser.java:197)
	at jdk.internal.reflect.GeneratedMethodAccessor502.invoke(Unknown Source)
	at java.base/jdk.internal.reflect.DelegatingMethodAccessorImpl.invoke(DelegatingMethodAccessorImpl.java:43)
	at java.base/java.lang.reflect.Method.invoke(Method.java:566)
	at javax.el.BeanELResolver.getValue(BeanELResolver.java:94)
	at org.apache.jasper.el.JasperELResolver.getValue(JasperELResolver.java:113)
	at org.apache.el.parser.AstValue.getValue(AstValue.java:169)
	at org.apache.el.ValueExpressionImpl.getValue(ValueExpressionImpl.java:190)
	at org.apache.jasper.el.JspValueExpression.getValue(JspValueExpression.java:115)
	at org.apache.jsp.WEB_002dINF.jsp.ubuilder.v5view_jsp._jspx_meth_c_005fset_005f0(v5view_jsp.java:250)
	at org.apache.jsp.WEB_002dINF.jsp.ubuilder.v5view_jsp._jspx_meth_c_005fif_005f0(v5view_jsp.java:207)
	at org.apache.jsp.WEB_002dINF.jsp.ubuilder.v5view_jsp._jspService(v5view_jsp.java:158)
	at org.apache.jasper.runtime.HttpJspBase.service(HttpJspBase.java:71)
	at javax.servlet.http.HttpServlet.service(HttpServlet.java:733)
	at org.apache.jasper.servlet.JspServletWrapper.service(JspServletWrapper.java:476)
	at org.apache.jasper.servlet.JspServlet.serviceJspFile(JspServlet.java:386)
	at org.apache.jasper.servlet.JspServlet.service(JspServlet.java:330)
	at javax.servlet.http.HttpServlet.service(HttpServlet.java:733)
	at org.apache.catalina.core.ApplicationFilterChain.internalDoFilter(ApplicationFilterChain.java:231)
	at org.apache.catalina.core.ApplicationFilterChain.doFilter(ApplicationFilterChain.java:166)
	at org.apache.tomcat.websocket.server.WsFilter.doFilter(WsFilter.java:52)
	at org.apache.catalina.core.ApplicationFilterChain.internalDoFilter(ApplicationFilterChain.java:193)
	at org.apache.catalina.core.ApplicationFilterChain.doFilter(ApplicationFilterChain.java:166)
	at org.apache.catalina.core.ApplicationDispatcher.invoke(ApplicationDispatcher.java:713)
	at org.apache.catalina.core.ApplicationDispatcher.processRequest(ApplicationDispatcher.java:462)
	at org.apache.catalina.core.ApplicationDispatcher.doForward(ApplicationDispatcher.java:387)
	at org.apache.catalina.core.ApplicationDispatcher.forward(ApplicationDispatcher.java:315)
	at org.springframework.web.servlet.view.InternalResourceView.renderMergedOutputModel(InternalResourceView.java:168)
	at org.springframework.web.servlet.view.AbstractView.render(AbstractView.java:304)
	at org.springframework.web.servlet.DispatcherServlet.render(DispatcherServlet.java:1286)
	at org.springframework.web.servlet.DispatcherServlet.processDispatchResult(DispatcherServlet.java:1041)
	at org.springframework.web.servlet.DispatcherServlet.doDispatch(DispatcherServlet.java:984)
	at org.springframework.web.servlet.DispatcherServlet.doService(DispatcherServlet.java:901)
	at org.springframework.web.servlet.FrameworkServlet.processRequest(FrameworkServlet.java:970)
	at org.springframework.web.servlet.FrameworkServlet.doGet(FrameworkServlet.java:861)
	at javax.servlet.http.HttpServlet.service(HttpServlet.java:626)
	at org.springframework.web.servlet.FrameworkServlet.service(FrameworkServlet.java:846)
	at javax.servlet.http.HttpServlet.service(HttpServlet.java:733)
	at org.apache.catalina.core.ApplicationFilterChain.internalDoFilter(ApplicationFilterChain.java:231)
	at org.apache.catalina.core.ApplicationFilterChain.doFilter(ApplicationFilterChain.java:166)
	at org.apache.tomcat.websocket.server.WsFilter.doFilter(WsFilter.java:52)
	at org.apache.catalina.core.ApplicationFilterChain.internalDoFilter(ApplicationFilterChain.java:193)
	at org.apache.catalina.core.ApplicationFilterChain.doFilter(ApplicationFilterChain.java:166)
	at org.joget.apps.app.web.GitRequestFilter.doFilter(GitRequestFilter.java:40)
	at org.apache.catalina.core.ApplicationFilterChain.internalDoFilter(ApplicationFilterChain.java:193)
	at org.apache.catalina.core.ApplicationFilterChain.doFilter(ApplicationFilterChain.java:166)
	at org.joget.commons.util.AnalyzerFilter.doFilter_aroundBody0(AnalyzerFilter.java:17)
	at org.joget.commons.util.AnalyzerFilter$AjcClosure1.run(AnalyzerFilter.java:1)
	at org.aspectj.runtime.reflect.JoinPointImpl.proceed(JoinPointImpl.java:149)
	at org.joget.commons.util.AnalyzerAspect.analyzeRequests(AnalyzerAspect.java:54)
	at org.joget.commons.util.AnalyzerFilter.doFilter(AnalyzerFilter.java:17)
	at org.apache.catalina.core.ApplicationFilterChain.internalDoFilter(ApplicationFilterChain.java:193)
	at org.apache.catalina.core.ApplicationFilterChain.doFilter(ApplicationFilterChain.java:166)
	at org.displaytag.filter.ResponseOverrideFilter.doFilter(ResponseOverrideFilter.java:125)
	at org.apache.catalina.core.ApplicationFilterChain.internalDoFilter(ApplicationFilterChain.java:193)
	at org.apache.catalina.core.ApplicationFilterChain.doFilter(ApplicationFilterChain.java:166)
	at org.owasp.csrfguard.CsrfGuardFilter.doFilter(CsrfGuardFilter.java:88)
	at org.apache.catalina.core.ApplicationFilterChain.internalDoFilter(ApplicationFilterChain.java:193)
	at org.apache.catalina.core.ApplicationFilterChain.doFilter(ApplicationFilterChain.java:166)
	at org.springframework.security.web.FilterChainProxy$VirtualFilterChain.doFilter(FilterChainProxy.java:317)
	at org.springframework.security.web.access.intercept.FilterSecurityInterceptor.invoke(FilterSecurityInterceptor.java:127)
	at org.springframework.security.web.access.intercept.FilterSecurityInterceptor.doFilter(FilterSecurityInterceptor.java:91)
	at org.springframework.security.web.FilterChainProxy$VirtualFilterChain.doFilter(FilterChainProxy.java:331)
	at org.springframework.security.web.access.ExceptionTranslationFilter.doFilter(ExceptionTranslationFilter.java:115)
	at org.springframework.security.web.FilterChainProxy$VirtualFilterChain.doFilter(FilterChainProxy.java:331)
	at org.springframework.security.web.session.SessionManagementFilter.doFilter(SessionManagementFilter.java:137)
	at org.springframework.security.web.FilterChainProxy$VirtualFilterChain.doFilter(FilterChainProxy.java:331)
	at org.springframework.security.web.authentication.AnonymousAuthenticationFilter.doFilter(AnonymousAuthenticationFilter.java:111)
	at org.springframework.security.web.FilterChainProxy$VirtualFilterChain.doFilter(FilterChainProxy.java:331)
	at org.springframework.security.web.savedrequest.RequestCacheAwareFilter.doFilter(RequestCacheAwareFilter.java:63)
	at org.springframework.security.web.FilterChainProxy$VirtualFilterChain.doFilter(FilterChainProxy.java:331)
	at org.springframework.security.web.authentication.AbstractAuthenticationProcessingFilter.doFilter(AbstractAuthenticationProcessingFilter.java:200)
	at org.joget.apps.workflow.security.WorkflowHttpAuthProcessingFilter.doFilter(WorkflowHttpAuthProcessingFilter.java:86)
	at org.springframework.security.web.FilterChainProxy$VirtualFilterChain.doFilter(FilterChainProxy.java:331)
	at org.springframework.security.web.authentication.www.BasicAuthenticationFilter.doFilterInternal(BasicAuthenticationFilter.java:158)
	at org.springframework.web.filter.OncePerRequestFilter.doFilter(OncePerRequestFilter.java:107)
	at org.springframework.security.web.FilterChainProxy$VirtualFilterChain.doFilter(FilterChainProxy.java:331)
	at org.springframework.security.web.authentication.AbstractAuthenticationProcessingFilter.doFilter(AbstractAuthenticationProcessingFilter.java:200)
	at org.springframework.security.web.FilterChainProxy$VirtualFilterChain.doFilter(FilterChainProxy.java:331)
	at org.springframework.security.web.authentication.logout.LogoutFilter.doFilter(LogoutFilter.java:121)
	at org.springframework.security.web.FilterChainProxy$VirtualFilterChain.doFilter(FilterChainProxy.java:331)
	at org.springframework.security.web.header.HeaderWriterFilter.doFilterInternal(HeaderWriterFilter.java:66)
	at org.springframework.web.filter.OncePerRequestFilter.doFilter(OncePerRequestFilter.java:107)
	at org.springframework.security.web.FilterChainProxy$VirtualFilterChain.doFilter(FilterChainProxy.java:331)
	at org.springframework.security.web.context.request.async.WebAsyncManagerIntegrationFilter.doFilterInternal(WebAsyncManagerIntegrationFilter.java:56)
	at org.springframework.web.filter.OncePerRequestFilter.doFilter(OncePerRequestFilter.java:107)
	at org.springframework.security.web.FilterChainProxy$VirtualFilterChain.doFilter(FilterChainProxy.java:331)
	at org.springframework.security.web.context.SecurityContextPersistenceFilter.doFilter(SecurityContextPersistenceFilter.java:105)
	at org.springframework.security.web.FilterChainProxy$VirtualFilterChain.doFilter(FilterChainProxy.java:331)
	at org.springframework.security.web.FilterChainProxy.doFilterInternal(FilterChainProxy.java:214)
	at org.springframework.security.web.FilterChainProxy.doFilter(FilterChainProxy.java:177)
	at org.springframework.web.filter.DelegatingFilterProxy.invokeDelegate(DelegatingFilterProxy.java:347)
	at org.springframework.web.filter.DelegatingFilterProxy.doFilter(DelegatingFilterProxy.java:263)
	at org.joget.commons.spring.web.CustomDelegatingFilterProxy.doFilter(CustomDelegatingFilterProxy.java:31)
	at org.apache.catalina.core.ApplicationFilterChain.internalDoFilter(ApplicationFilterChain.java:193)
	at org.apache.catalina.core.ApplicationFilterChain.doFilter(ApplicationFilterChain.java:166)
	at org.joget.apps.app.web.ExpireFilter.doFilter(ExpireFilter.java:48)
	at org.apache.catalina.core.ApplicationFilterChain.internalDoFilter(ApplicationFilterChain.java:193)
	at org.apache.catalina.core.ApplicationFilterChain.doFilter(ApplicationFilterChain.java:166)
	at org.springframework.web.filter.CharacterEncodingFilter.doFilterInternal(CharacterEncodingFilter.java:197)
	at org.springframework.web.filter.OncePerRequestFilter.doFilter(OncePerRequestFilter.java:107)
	at org.apache.catalina.core.ApplicationFilterChain.internalDoFilter(ApplicationFilterChain.java:193)
	at org.apache.catalina.core.ApplicationFilterChain.doFilter(ApplicationFilterChain.java:166)
	at org.apache.catalina.core.StandardWrapperValve.invoke(StandardWrapperValve.java:199)
	at org.apache.catalina.core.StandardContextValve.invoke(StandardContextValve.java:97)
	at org.apache.catalina.authenticator.AuthenticatorBase.invoke(AuthenticatorBase.java:543)
	at org.apache.catalina.core.StandardHostValve.invoke(StandardHostValve.java:143)
	at org.apache.catalina.valves.ErrorReportValve.invoke(ErrorReportValve.java:81)
	at org.apache.catalina.core.StandardEngineValve.invoke(StandardEngineValve.java:78)
	at org.apache.catalina.connector.CoyoteAdapter.service(CoyoteAdapter.java:343)
	at org.apache.coyote.http11.Http11Processor.service(Http11Processor.java:616)
	at org.apache.coyote.AbstractProcessorLight.process(AbstractProcessorLight.java:65)
	at org.apache.coyote.AbstractProtocol$ConnectionHandler.process(AbstractProtocol.java:818)
	at org.apache.tomcat.util.net.NioEndpoint$SocketProcessor.doRun(NioEndpoint.java:1626)
	at org.apache.tomcat.util.net.SocketProcessorBase.run(SocketProcessorBase.java:49)
	at java.base/java.util.concurrent.ThreadPoolExecutor.runWorker(ThreadPoolExecutor.java:1128)
	at java.base/java.util.concurrent.ThreadPoolExecutor$Worker.run(ThreadPoolExecutor.java:628)
	at org.apache.tomcat.util.threads.TaskThread$WrappingRunnable.run(TaskThread.java:61)
	at java.base/java.lang.Thread.run(Thread.java:829)
Caused by: java.sql.SQLException: You have an error in your SQL syntax; check the manual that corresponds to your MySQL server version for the right syntax to use near 'ASC' at line 1
	at org.mariadb.jdbc.internal.protocol.AbstractQueryProtocol.readErrorPacket(AbstractQueryProtocol.java:1599)
	at org.mariadb.jdbc.internal.protocol.AbstractQueryProtocol.readPacket(AbstractQueryProtocol.java:1461)
	at org.mariadb.jdbc.internal.protocol.AbstractQueryProtocol.getResult(AbstractQueryProtocol.java:1424)
	at org.mariadb.jdbc.internal.protocol.AbstractQueryProtocol.executeQuery(AbstractQueryProtocol.java:240)
	at org.mariadb.jdbc.ClientSidePreparedStatement.executeInternal_aroundBody6(ClientSidePreparedStatement.java:216)
	... 184 more
INFO    29 Jan 2025 13:18:25 org.joget.apps.workflow.security.WorkflowAuthenticationProvider - Authentication for user wendy (103.78.39.90) : true
INFO    29 Jan 2025 13:18:27 org.displaytag.export.ExportViewFactory - Initializing ExportViewFactory with type={csv,excel,xml,pdf}
INFO    29 Jan 2025 13:18:27 org.displaytag.properties.TableProperties - LocaleResolver initialized to org.joget.apps.app.web.LocalLocaleResolver.
INFO    30 Jan 2025 10:12:51 org.displaytag.export.ExportViewFactory - Initializing ExportViewFactory with type={csv,excel,xml,pdf}
INFO    30 Jan 2025 10:12:51 org.displaytag.properties.TableProperties - LocaleResolver initialized to org.joget.apps.app.web.LocalLocaleResolver.
INFO    04 Feb 2025 11:15:46 org.joget.apps.workflow.security.WorkflowAuthenticationProvider - Authentication for user wendy (182.253.194.45) : true
INFO    04 Feb 2025 11:38:49 org.joget.apps.workflow.security.WorkflowAuthenticationProvider - Authentication for user cat (182.253.194.45) : true
INFO    04 Feb 2025 11:45:23 org.joget.apps.workflow.security.WorkflowAuthenticationProvider - Authentication for user cat (103.109.203.166) : true
INFO    04 Feb 2025 12:24:05 org.joget.apps.workflow.security.WorkflowAuthenticationProvider - Authentication for user cat (103.21.219.5) : true
INFO    04 Feb 2025 15:35:52 org.joget.apps.workflow.security.WorkflowAuthenticationProvider - Authentication for user wendy (103.109.203.166) : true
INFO    10 Feb 2025 14:03:59 org.joget.apps.workflow.security.WorkflowAuthenticationProvider - Authentication for user admin (182.253.194.45) : false
INFO    13 Feb 2025 09:56:43 org.joget.apps.workflow.security.WorkflowAuthenticationProvider - Authentication for user wendy (182.253.194.50) : true
INFO    14 Feb 2025 14:00:43 org.joget.apps.workflow.security.WorkflowAuthenticationProvider - Authentication for user wendy (103.109.203.166) : true
