ERROR   24 Feb 2021 15:15:54 id.co.itasoft.dobbs.plugin.PatientRegistration - Error : (conn=4546) Duplicate entry 'opi' for key 'PRIMARY'
java.sql.SQLIntegrityConstraintViolationException: (conn=4546) Duplicate entry 'opi' for key 'PRIMARY'
	at org.mariadb.jdbc.internal.util.exceptions.ExceptionMapper.get(ExceptionMapper.java:236)
	at org.mariadb.jdbc.internal.util.exceptions.ExceptionMapper.getException(ExceptionMapper.java:164)
	at org.mariadb.jdbc.MariaDbStatement.executeExceptionEpilogue_aroundBody2(MariaDbStatement.java:244)
	at org.mariadb.jdbc.MariaDbStatement.executeExceptionEpilogue_aroundBody3$advice(MariaDbStatement.java:127)
	at org.mariadb.jdbc.MariaDbStatement.executeExceptionEpilogue(MariaDbStatement.java:1)
	at org.mariadb.jdbc.ClientSidePreparedStatement.executeInternal_aroundBody6(ClientSidePreparedStatement.java:225)
	at org.mariadb.jdbc.ClientSidePreparedStatement.executeInternal_aroundBody7$advice(ClientSidePreparedStatement.java:127)
	at org.mariadb.jdbc.ClientSidePreparedStatement.executeInternal(ClientSidePreparedStatement.java:1)
	at org.mariadb.jdbc.ClientSidePreparedStatement.execute_aroundBody0(ClientSidePreparedStatement.java:145)
	at org.mariadb.jdbc.ClientSidePreparedStatement.execute_aroundBody1$advice(ClientSidePreparedStatement.java:127)
	at org.mariadb.jdbc.ClientSidePreparedStatement.execute(ClientSidePreparedStatement.java:1)
	at org.mariadb.jdbc.ClientSidePreparedStatement.executeUpdate_aroundBody4(ClientSidePreparedStatement.java:176)
	at org.mariadb.jdbc.ClientSidePreparedStatement.executeUpdate_aroundBody5$advice(ClientSidePreparedStatement.java:127)
	at org.mariadb.jdbc.ClientSidePreparedStatement.executeUpdate(ClientSidePreparedStatement.java:1)
	at id.co.itasoft.dobbs.plugin.PatientRegistration.InsertVipUser(PatientRegistration.java:260)
	at id.co.itasoft.dobbs.plugin.PatientRegistration.execute(PatientRegistration.java:133)
	at org.joget.apps.app.service.AppWorkflowHelper.executeTool(AppWorkflowHelper.java:130)
	at org.joget.workflow.shark.WorkflowToolActivityHandler.executeActivity(WorkflowToolActivityHandler.java:69)
	at org.enhydra.shark.WfActivityImpl.runTool(WfActivityImpl.java:1487)
	at org.enhydra.shark.WfActivityImpl.startActivity(WfActivityImpl.java:1419)
	at org.enhydra.shark.WfActivityImpl.activate(WfActivityImpl.java:261)
	at org.enhydra.shark.WfProcessImpl.startActivity(WfProcessImpl.java:918)
	at org.enhydra.shark.WfProcessImpl.queueNext(WfProcessImpl.java:1134)
	at org.enhydra.shark.WfProcessImpl.run(WfProcessImpl.java:750)
	at org.enhydra.shark.WfProcessImpl.activity_complete(WfProcessImpl.java:969)
	at org.enhydra.shark.WfActivityImpl.finish(WfActivityImpl.java:441)
	at org.enhydra.shark.CustomWfActivityImpl.finish(CustomWfActivityImpl.java:60)
	at org.enhydra.shark.WfActivityImpl.complete(WfActivityImpl.java:366)
	at org.enhydra.shark.WfActivityWrapper.complete(WfActivityWrapper.java:230)
	at org.joget.workflow.model.service.WorkflowManagerImpl.assignmentComplete(WorkflowManagerImpl.java:4068)
	at org.joget.workflow.model.service.WorkflowManagerImpl.assignmentComplete(WorkflowManagerImpl.java:4091)
	at java.base/jdk.internal.reflect.NativeMethodAccessorImpl.invoke0(Native Method)
	at java.base/jdk.internal.reflect.NativeMethodAccessorImpl.invoke(NativeMethodAccessorImpl.java:62)
	at java.base/jdk.internal.reflect.DelegatingMethodAccessorImpl.invoke(DelegatingMethodAccessorImpl.java:43)
	at java.base/java.lang.reflect.Method.invoke(Method.java:566)
	at org.springframework.aop.support.AopUtils.invokeJoinpointUsingReflection(AopUtils.java:333)
	at org.springframework.aop.framework.ReflectiveMethodInvocation.invokeJoinpoint(ReflectiveMethodInvocation.java:190)
	at org.springframework.aop.framework.ReflectiveMethodInvocation.proceed(ReflectiveMethodInvocation.java:157)
	at org.springframework.transaction.interceptor.TransactionInterceptor$1.proceedWithInvocation(TransactionInterceptor.java:99)
	at org.springframework.transaction.interceptor.TransactionAspectSupport.invokeWithinTransaction(TransactionAspectSupport.java:282)
	at org.springframework.transaction.interceptor.TransactionInterceptor.invoke(TransactionInterceptor.java:96)
	at org.springframework.aop.framework.ReflectiveMethodInvocation.proceed(ReflectiveMethodInvocation.java:179)
	at org.joget.apps.app.service.AuditTrailInterceptor.invoke(AuditTrailInterceptor.java:17)
	at org.springframework.aop.framework.ReflectiveMethodInvocation.proceed(ReflectiveMethodInvocation.java:179)
	at org.joget.apps.app.service.SqlFilterAspect.invoke(SqlFilterAspect.java:38)
	at org.springframework.aop.framework.ReflectiveMethodInvocation.proceed(ReflectiveMethodInvocation.java:179)
	at org.springframework.aop.interceptor.ExposeInvocationInterceptor.invoke(ExposeInvocationInterceptor.java:92)
	at org.springframework.aop.framework.ReflectiveMethodInvocation.proceed(ReflectiveMethodInvocation.java:179)
	at org.springframework.aop.framework.JdkDynamicAopProxy.invoke(JdkDynamicAopProxy.java:213)
	at com.sun.proxy.$Proxy68.assignmentComplete(Unknown Source)
	at org.joget.apps.app.service.AppServiceImpl.completeAssignmentForm(AppServiceImpl.java:486)
	at java.base/jdk.internal.reflect.NativeMethodAccessorImpl.invoke0(Native Method)
	at java.base/jdk.internal.reflect.NativeMethodAccessorImpl.invoke(NativeMethodAccessorImpl.java:62)
	at java.base/jdk.internal.reflect.DelegatingMethodAccessorImpl.invoke(DelegatingMethodAccessorImpl.java:43)
	at java.base/java.lang.reflect.Method.invoke(Method.java:566)
	at org.springframework.aop.support.AopUtils.invokeJoinpointUsingReflection(AopUtils.java:333)
	at org.springframework.aop.framework.JdkDynamicAopProxy.invoke(JdkDynamicAopProxy.java:207)
	at com.sun.proxy.$Proxy75.completeAssignmentForm(Unknown Source)
	at org.joget.apps.userview.lib.InboxMenu.submitAssignmentForm_aroundBody40(InboxMenu.java:481)
	at org.joget.apps.userview.lib.InboxMenu.submitAssignmentForm_aroundBody41$advice(InboxMenu.java:99)
	at org.joget.apps.userview.lib.InboxMenu.submitAssignmentForm(InboxMenu.java:1)
	at org.joget.apps.userview.lib.InboxMenu.submitForm_aroundBody38(InboxMenu.java:406)
	at org.joget.apps.userview.lib.InboxMenu.submitForm_aroundBody39$advice(InboxMenu.java:99)
	at org.joget.apps.userview.lib.InboxMenu.submitForm(InboxMenu.java:1)
	at org.joget.apps.userview.lib.InboxMenu.handleForm_aroundBody32(InboxMenu.java:307)
	at org.joget.apps.userview.lib.InboxMenu.handleForm_aroundBody33$advice(InboxMenu.java:99)
	at org.joget.apps.userview.lib.InboxMenu.handleForm(InboxMenu.java:1)
	at org.joget.plugin.enterprise.DataListInboxMenu.getJspPage_aroundBody20(DataListInboxMenu.java:144)
	at org.joget.plugin.enterprise.DataListInboxMenu.getJspPage_aroundBody21$advice(DataListInboxMenu.java:99)
	at org.joget.plugin.enterprise.DataListInboxMenu.getJspPage(DataListInboxMenu.java:1)
	at org.joget.apps.userview.model.UserviewMenu.getReadyJspPage_aroundBody12(UserviewMenu.java:134)
	at org.joget.apps.userview.model.UserviewMenu.getReadyJspPage_aroundBody13$advice(UserviewMenu.java:99)
	at org.joget.apps.userview.model.UserviewMenu.getReadyJspPage(UserviewMenu.java:1)
	at org.joget.apps.userview.service.UserviewUtil.getUserviewMenuHtml(UserviewUtil.java:130)
	at org.joget.apps.userview.service.UserviewThemeProcesser.getContent(UserviewThemeProcesser.java:636)
	at org.joget.apps.userview.service.UserviewThemeProcesser.getHtml(UserviewThemeProcesser.java:197)
	at jdk.internal.reflect.GeneratedMethodAccessor541.invoke(Unknown Source)
	at java.base/jdk.internal.reflect.DelegatingMethodAccessorImpl.invoke(DelegatingMethodAccessorImpl.java:43)
	at java.base/java.lang.reflect.Method.invoke(Method.java:566)
	at javax.el.BeanELResolver.getValue(BeanELResolver.java:94)
	at org.apache.jasper.el.JasperELResolver.getValue(JasperELResolver.java:113)
	at org.apache.el.parser.AstValue.getValue(AstValue.java:169)
	at org.apache.el.ValueExpressionImpl.getValue(ValueExpressionImpl.java:190)
	at org.apache.jasper.el.JspValueExpression.getValue(JspValueExpression.java:115)
	at org.apache.jsp.WEB_002dINF.jsp.ubuilder.v5view_jsp._jspx_meth_c_005fset_005f0(v5view_jsp.java:250)
	at org.apache.jsp.WEB_002dINF.jsp.ubuilder.v5view_jsp._jspx_meth_c_005fif_005f0(v5view_jsp.java:207)
	at org.apache.jsp.WEB_002dINF.jsp.ubuilder.v5view_jsp._jspService(v5view_jsp.java:158)
	at org.apache.jasper.runtime.HttpJspBase.service(HttpJspBase.java:71)
	at javax.servlet.http.HttpServlet.service(HttpServlet.java:733)
	at org.apache.jasper.servlet.JspServletWrapper.service(JspServletWrapper.java:476)
	at org.apache.jasper.servlet.JspServlet.serviceJspFile(JspServlet.java:386)
	at org.apache.jasper.servlet.JspServlet.service(JspServlet.java:330)
	at javax.servlet.http.HttpServlet.service(HttpServlet.java:733)
	at org.apache.catalina.core.ApplicationFilterChain.internalDoFilter(ApplicationFilterChain.java:231)
	at org.apache.catalina.core.ApplicationFilterChain.doFilter(ApplicationFilterChain.java:166)
	at org.apache.tomcat.websocket.server.WsFilter.doFilter(WsFilter.java:52)
	at org.apache.catalina.core.ApplicationFilterChain.internalDoFilter(ApplicationFilterChain.java:193)
	at org.apache.catalina.core.ApplicationFilterChain.doFilter(ApplicationFilterChain.java:166)
	at org.apache.catalina.core.ApplicationDispatcher.invoke(ApplicationDispatcher.java:713)
	at org.apache.catalina.core.ApplicationDispatcher.processRequest(ApplicationDispatcher.java:462)
	at org.apache.catalina.core.ApplicationDispatcher.doForward(ApplicationDispatcher.java:387)
	at org.apache.catalina.core.ApplicationDispatcher.forward(ApplicationDispatcher.java:315)
	at org.springframework.web.servlet.view.InternalResourceView.renderMergedOutputModel(InternalResourceView.java:168)
	at org.springframework.web.servlet.view.AbstractView.render(AbstractView.java:304)
	at org.springframework.web.servlet.DispatcherServlet.render(DispatcherServlet.java:1286)
	at org.springframework.web.servlet.DispatcherServlet.processDispatchResult(DispatcherServlet.java:1041)
	at org.springframework.web.servlet.DispatcherServlet.doDispatch(DispatcherServlet.java:984)
	at org.springframework.web.servlet.DispatcherServlet.doService(DispatcherServlet.java:901)
	at org.springframework.web.servlet.FrameworkServlet.processRequest(FrameworkServlet.java:970)
	at org.springframework.web.servlet.FrameworkServlet.doPost(FrameworkServlet.java:872)
	at javax.servlet.http.HttpServlet.service(HttpServlet.java:652)
	at org.springframework.web.servlet.FrameworkServlet.service(FrameworkServlet.java:846)
	at javax.servlet.http.HttpServlet.service(HttpServlet.java:733)
	at org.apache.catalina.core.ApplicationFilterChain.internalDoFilter(ApplicationFilterChain.java:231)
	at org.apache.catalina.core.ApplicationFilterChain.doFilter(ApplicationFilterChain.java:166)
	at org.apache.tomcat.websocket.server.WsFilter.doFilter(WsFilter.java:52)
	at org.apache.catalina.core.ApplicationFilterChain.internalDoFilter(ApplicationFilterChain.java:193)
	at org.apache.catalina.core.ApplicationFilterChain.doFilter(ApplicationFilterChain.java:166)
	at org.joget.apps.app.web.GitRequestFilter.doFilter(GitRequestFilter.java:40)
	at org.apache.catalina.core.ApplicationFilterChain.internalDoFilter(ApplicationFilterChain.java:193)
	at org.apache.catalina.core.ApplicationFilterChain.doFilter(ApplicationFilterChain.java:166)
	at org.joget.commons.util.AnalyzerFilter.doFilter_aroundBody0(AnalyzerFilter.java:17)
	at org.joget.commons.util.AnalyzerFilter$AjcClosure1.run(AnalyzerFilter.java:1)
	at org.aspectj.runtime.reflect.JoinPointImpl.proceed(JoinPointImpl.java:149)
	at org.joget.commons.util.AnalyzerAspect.analyzeRequests(AnalyzerAspect.java:54)
	at org.joget.commons.util.AnalyzerFilter.doFilter(AnalyzerFilter.java:17)
	at org.apache.catalina.core.ApplicationFilterChain.internalDoFilter(ApplicationFilterChain.java:193)
	at org.apache.catalina.core.ApplicationFilterChain.doFilter(ApplicationFilterChain.java:166)
	at org.displaytag.filter.ResponseOverrideFilter.doFilter(ResponseOverrideFilter.java:125)
	at org.apache.catalina.core.ApplicationFilterChain.internalDoFilter(ApplicationFilterChain.java:193)
	at org.apache.catalina.core.ApplicationFilterChain.doFilter(ApplicationFilterChain.java:166)
	at org.owasp.csrfguard.CsrfGuardFilter.doFilter(CsrfGuardFilter.java:88)
	at org.apache.catalina.core.ApplicationFilterChain.internalDoFilter(ApplicationFilterChain.java:193)
	at org.apache.catalina.core.ApplicationFilterChain.doFilter(ApplicationFilterChain.java:166)
	at org.springframework.security.web.FilterChainProxy$VirtualFilterChain.doFilter(FilterChainProxy.java:317)
	at org.springframework.security.web.access.intercept.FilterSecurityInterceptor.invoke(FilterSecurityInterceptor.java:127)
	at org.springframework.security.web.access.intercept.FilterSecurityInterceptor.doFilter(FilterSecurityInterceptor.java:91)
	at org.springframework.security.web.FilterChainProxy$VirtualFilterChain.doFilter(FilterChainProxy.java:331)
	at org.springframework.security.web.access.ExceptionTranslationFilter.doFilter(ExceptionTranslationFilter.java:115)
	at org.springframework.security.web.FilterChainProxy$VirtualFilterChain.doFilter(FilterChainProxy.java:331)
	at org.springframework.security.web.session.SessionManagementFilter.doFilter(SessionManagementFilter.java:137)
	at org.springframework.security.web.FilterChainProxy$VirtualFilterChain.doFilter(FilterChainProxy.java:331)
	at org.springframework.security.web.authentication.AnonymousAuthenticationFilter.doFilter(AnonymousAuthenticationFilter.java:111)
	at org.springframework.security.web.FilterChainProxy$VirtualFilterChain.doFilter(FilterChainProxy.java:331)
	at org.springframework.security.web.savedrequest.RequestCacheAwareFilter.doFilter(RequestCacheAwareFilter.java:63)
	at org.springframework.security.web.FilterChainProxy$VirtualFilterChain.doFilter(FilterChainProxy.java:331)
	at org.springframework.security.web.authentication.AbstractAuthenticationProcessingFilter.doFilter(AbstractAuthenticationProcessingFilter.java:200)
	at org.joget.apps.workflow.security.WorkflowHttpAuthProcessingFilter.doFilter(WorkflowHttpAuthProcessingFilter.java:86)
	at org.springframework.security.web.FilterChainProxy$VirtualFilterChain.doFilter(FilterChainProxy.java:331)
	at org.springframework.security.web.authentication.www.BasicAuthenticationFilter.doFilterInternal(BasicAuthenticationFilter.java:158)
	at org.springframework.web.filter.OncePerRequestFilter.doFilter(OncePerRequestFilter.java:107)
	at org.springframework.security.web.FilterChainProxy$VirtualFilterChain.doFilter(FilterChainProxy.java:331)
	at org.springframework.security.web.authentication.AbstractAuthenticationProcessingFilter.doFilter(AbstractAuthenticationProcessingFilter.java:200)
	at org.springframework.security.web.FilterChainProxy$VirtualFilterChain.doFilter(FilterChainProxy.java:331)
	at org.springframework.security.web.authentication.logout.LogoutFilter.doFilter(LogoutFilter.java:121)
	at org.springframework.security.web.FilterChainProxy$VirtualFilterChain.doFilter(FilterChainProxy.java:331)
	at org.springframework.security.web.header.HeaderWriterFilter.doFilterInternal(HeaderWriterFilter.java:66)
	at org.springframework.web.filter.OncePerRequestFilter.doFilter(OncePerRequestFilter.java:107)
	at org.springframework.security.web.FilterChainProxy$VirtualFilterChain.doFilter(FilterChainProxy.java:331)
	at org.springframework.security.web.context.request.async.WebAsyncManagerIntegrationFilter.doFilterInternal(WebAsyncManagerIntegrationFilter.java:56)
	at org.springframework.web.filter.OncePerRequestFilter.doFilter(OncePerRequestFilter.java:107)
	at org.springframework.security.web.FilterChainProxy$VirtualFilterChain.doFilter(FilterChainProxy.java:331)
	at org.springframework.security.web.context.SecurityContextPersistenceFilter.doFilter(SecurityContextPersistenceFilter.java:105)
	at org.springframework.security.web.FilterChainProxy$VirtualFilterChain.doFilter(FilterChainProxy.java:331)
	at org.springframework.security.web.FilterChainProxy.doFilterInternal(FilterChainProxy.java:214)
	at org.springframework.security.web.FilterChainProxy.doFilter(FilterChainProxy.java:177)
	at org.springframework.web.filter.DelegatingFilterProxy.invokeDelegate(DelegatingFilterProxy.java:347)
	at org.springframework.web.filter.DelegatingFilterProxy.doFilter(DelegatingFilterProxy.java:263)
	at org.joget.commons.spring.web.CustomDelegatingFilterProxy.doFilter(CustomDelegatingFilterProxy.java:31)
	at org.apache.catalina.core.ApplicationFilterChain.internalDoFilter(ApplicationFilterChain.java:193)
	at org.apache.catalina.core.ApplicationFilterChain.doFilter(ApplicationFilterChain.java:166)
	at org.joget.apps.app.web.ExpireFilter.doFilter(ExpireFilter.java:48)
	at org.apache.catalina.core.ApplicationFilterChain.internalDoFilter(ApplicationFilterChain.java:193)
	at org.apache.catalina.core.ApplicationFilterChain.doFilter(ApplicationFilterChain.java:166)
	at org.springframework.web.filter.CharacterEncodingFilter.doFilterInternal(CharacterEncodingFilter.java:197)
	at org.springframework.web.filter.OncePerRequestFilter.doFilter(OncePerRequestFilter.java:107)
	at org.apache.catalina.core.ApplicationFilterChain.internalDoFilter(ApplicationFilterChain.java:193)
	at org.apache.catalina.core.ApplicationFilterChain.doFilter(ApplicationFilterChain.java:166)
	at org.apache.catalina.core.StandardWrapperValve.invoke(StandardWrapperValve.java:199)
	at org.apache.catalina.core.StandardContextValve.invoke(StandardContextValve.java:97)
	at org.apache.catalina.authenticator.AuthenticatorBase.invoke(AuthenticatorBase.java:543)
	at org.apache.catalina.core.StandardHostValve.invoke(StandardHostValve.java:143)
	at org.apache.catalina.valves.ErrorReportValve.invoke(ErrorReportValve.java:81)
	at org.apache.catalina.core.StandardEngineValve.invoke(StandardEngineValve.java:78)
	at org.apache.catalina.connector.CoyoteAdapter.service(CoyoteAdapter.java:343)
	at org.apache.coyote.http11.Http11Processor.service(Http11Processor.java:616)
	at org.apache.coyote.AbstractProcessorLight.process(AbstractProcessorLight.java:65)
	at org.apache.coyote.AbstractProtocol$ConnectionHandler.process(AbstractProtocol.java:818)
	at org.apache.tomcat.util.net.NioEndpoint$SocketProcessor.doRun(NioEndpoint.java:1626)
	at org.apache.tomcat.util.net.SocketProcessorBase.run(SocketProcessorBase.java:49)
	at java.base/java.util.concurrent.ThreadPoolExecutor.runWorker(ThreadPoolExecutor.java:1128)
	at java.base/java.util.concurrent.ThreadPoolExecutor$Worker.run(ThreadPoolExecutor.java:628)
	at org.apache.tomcat.util.threads.TaskThread$WrappingRunnable.run(TaskThread.java:61)
	at java.base/java.lang.Thread.run(Thread.java:834)
Caused by: java.sql.SQLException: Duplicate entry 'opi' for key 'PRIMARY'
	at org.mariadb.jdbc.internal.protocol.AbstractQueryProtocol.readErrorPacket(AbstractQueryProtocol.java:1599)
	at org.mariadb.jdbc.internal.protocol.AbstractQueryProtocol.readPacket(AbstractQueryProtocol.java:1461)
	at org.mariadb.jdbc.internal.protocol.AbstractQueryProtocol.getResult(AbstractQueryProtocol.java:1424)
	at org.mariadb.jdbc.internal.protocol.AbstractQueryProtocol.executeQuery(AbstractQueryProtocol.java:240)
	at org.mariadb.jdbc.ClientSidePreparedStatement.executeInternal_aroundBody6(ClientSidePreparedStatement.java:216)
	... 188 more
INFO    04 Aug 2021 16:55:35 org.joget.apps.workflow.security.WorkflowAuthenticationProvider - Authentication for user viji (180.244.141.163) : false
INFO    04 Aug 2021 16:55:54 org.joget.apps.workflow.security.WorkflowAuthenticationProvider - Authentication for user alan (180.244.141.163) : false
INFO    04 Aug 2021 16:56:01 org.joget.apps.workflow.security.WorkflowAuthenticationProvider - Authentication for user novifp (180.244.141.163) : true
INFO    04 Aug 2021 16:56:28 org.joget.apps.workflow.security.WorkflowAuthenticationProvider - Authentication for user boyke (180.244.141.163) : true
INFO    24 Aug 2021 14:50:35 org.joget.apps.workflow.security.WorkflowAuthenticationProvider - Authentication for user erick (140.0.247.60) : true
INFO    01 Sep 2021 14:05:02 org.joget.apps.workflow.security.WorkflowAuthenticationProvider - Authentication for user admin (140.0.247.60) : true
INFO    03 Sep 2021 09:18:13 org.joget.apps.workflow.security.WorkflowAuthenticationProvider - Authentication for user admin (61.247.28.137) : true
INFO    10 Sep 2021 19:43:00 org.joget.apps.workflow.security.WorkflowAuthenticationProvider - Authentication for user admin (140.0.247.60) : true
INFO    13 Sep 2021 14:55:33 org.joget.apps.workflow.security.WorkflowAuthenticationProvider - Authentication for user admin (103.165.253.1) : true
INFO    15 Sep 2021 09:55:55 org.joget.apps.workflow.security.WorkflowAuthenticationProvider - Authentication for user admin (140.0.247.60) : true
INFO    21 Sep 2021 10:40:08 org.joget.apps.workflow.security.WorkflowAuthenticationProvider - Authentication for user admin (103.105.33.81) : true
INFO    21 Sep 2021 16:18:49 org.joget.apps.workflow.security.WorkflowAuthenticationProvider - Authentication for user admin (140.0.247.60) : true
INFO    22 Sep 2021 09:54:40 org.joget.apps.workflow.security.WorkflowAuthenticationProvider - Authentication for user admin (140.0.247.60) : true
INFO    26 Oct 2021 10:37:55 org.joget.apps.workflow.security.WorkflowAuthenticationProvider - Authentication for user novifp (182.253.194.50) : true
INFO    24 Jan 2022 10:31:26 org.joget.apps.workflow.security.WorkflowAuthenticationProvider - Authentication for user admin (182.253.194.36) : false
INFO    02 Feb 2022 09:33:28 org.joget.apps.workflow.security.WorkflowAuthenticationProvider - Authentication for user imas (182.253.194.36) : true
INFO    08 Feb 2022 10:52:07 org.joget.apps.workflow.security.WorkflowAuthenticationProvider - Authentication for user imas (182.253.194.36) : true
INFO    08 Feb 2022 10:52:22 org.joget.apps.workflow.security.WorkflowAuthenticationProvider - Authentication for user imas (182.253.194.36) : true
INFO    09 Feb 2022 11:56:31 org.joget.plugin.base.PluginManager - Bundle id.co.itasoft.telkom.oss.plugin.telkom-tis-web-services started
INFO    09 Feb 2022 11:56:31 org.joget.plugin.base.PluginManager - imas installed plugin (telkom-tis-web-services-7.0-SNAPSHOT.jar).
INFO    14 Feb 2022 09:35:36 org.joget.apps.workflow.security.WorkflowAuthenticationProvider - Authentication for user admin (182.253.194.58) : true
INFO    14 Feb 2022 14:12:24 org.joget.apps.workflow.security.WorkflowAuthenticationProvider - Authentication for user admin (182.253.194.58) : true
INFO    25 Feb 2022 12:02:27 org.joget.apps.workflow.security.WorkflowAuthenticationProvider - Authentication for user imas (182.253.194.58) : true
INFO    01 Mar 2022 10:35:21 org.joget.apps.workflow.security.WorkflowAuthenticationProvider - Authentication for user imas (182.253.194.58) : true
INFO    09 Mar 2022 14:23:26 org.joget.apps.workflow.security.WorkflowAuthenticationProvider - Authentication for user imas (182.253.194.58) : true
INFO    21 Mar 2022 16:55:40 org.joget.apps.workflow.security.WorkflowAuthenticationProvider - Authentication for user imas (182.253.194.49) : true
INFO    22 Mar 2022 13:48:35 org.joget.apps.workflow.security.WorkflowAuthenticationProvider - Authentication for user imas (182.253.194.49) : true
INFO    29 Mar 2022 11:45:05 org.joget.apps.workflow.security.WorkflowAuthenticationProvider - Authentication for user imas (101.128.71.189) : true
INFO    30 Mar 2022 10:05:05 org.joget.apps.workflow.security.WorkflowAuthenticationProvider - Authentication for user imas (182.253.194.49) : true
