INFO  23 Jun 2020 10:21:15 org.joget.commons.util.SetupManager  - Using base directory: ./wflow/
INFO  23 Jun 2020 10:21:19 org.joget.commons.util.DynamicDataSource  - profileName=default, url=jdbc:mysql://localhost:3307/jwdb?characterEncoding=UTF-8&useSSL=false&allowPublicKeyRetrieval=true, user=root
INFO  23 Jun 2020 10:21:22 bitronix.tm.BitronixTransactionManager  - Bitronix Transaction Manager version 2.1.4
INFO  23 Jun 2020 10:21:22 bitronix.tm.Configuration  - JVM unique ID: <btm-joget>
INFO  23 Jun 2020 10:21:22 bitronix.tm.recovery.Recoverer  - recovery committed 0 dangling transaction(s) and rolled back 0 aborted transaction(s) on 0 resource(s) [] (restricted to serverId 'btm-joget')
INFO  23 Jun 2020 10:21:23 org.joget.commons.util.SetupManager  - Initializing setup cache
INFO  23 Jun 2020 10:21:24 org.joget.plugin.base.PluginManager  - PluginManager initialized
INFO  23 Jun 2020 10:21:36 org.joget.workflow.model.service.WorkflowManagerImpl  - Datasource bound to jwdb
ERROR 23 Jun 2020 10:21:47 org.hibernate.engine.jdbc.spi.SqlExceptionHelper  - (conn=74) File 'C:\Windows\TEMP\#sql146c_4a_34.MAD' not found (Errcode: 13 "Permission denied")
INFO  23 Jun 2020 10:22:09 org.displaytag.filter.ResponseOverrideFilter  - Filter initialized. Response buffering is enabled
INFO  23 Jun 2020 10:23:10 org.joget.apps.workflow.security.WorkflowAuthenticationProvider  - Authentication for user admin (0:0:0:0:0:0:0:1) : true
INFO  23 Jun 2020 10:24:00 org.joget.apps.app.service.AppDevUtil  - Commit to Git repo by admin: Initial commit for appTechnicalSupportRequest_2
INFO  23 Jun 2020 10:24:25 PackageEventLogger  - UTCTime=1592882665092,EventType=packageLoaded,PackageId=appTechnicalSupportRequest,PackageVersion=1,EventPerformedBy=admin
ERROR 23 Jun 2020 10:24:36 org.joget.apps.app.service.AppServiceImpl  - Error deploying package for appTechnicalSupportRequest
org.eclipse.jgit.api.errors.JGitInternalException: Exception caught during execution of add command
	at org.eclipse.jgit.api.AddCommand.call(AddCommand.java:258)
	at org.joget.apps.app.service.AppDevUtil.gitAdd(AppDevUtil.java:380)
	at org.joget.apps.app.service.AppDevUtil.fileSave(AppDevUtil.java:880)
	at org.joget.apps.app.dao.PackageDefinitionDaoImpl.saveOrUpdate(PackageDefinitionDaoImpl.java:54)
	at org.joget.apps.app.dao.PackageDefinitionDaoImpl.addAppActivityPlugin(PackageDefinitionDaoImpl.java:311)
	at jdk.internal.reflect.GeneratedMethodAccessor448.invoke(Unknown Source)
	at java.base/jdk.internal.reflect.DelegatingMethodAccessorImpl.invoke(DelegatingMethodAccessorImpl.java:43)
	at java.base/java.lang.reflect.Method.invoke(Method.java:566)
	at org.springframework.aop.support.AopUtils.invokeJoinpointUsingReflection(AopUtils.java:333)
	at org.springframework.aop.framework.ReflectiveMethodInvocation.invokeJoinpoint(ReflectiveMethodInvocation.java:190)
	at org.springframework.aop.framework.ReflectiveMethodInvocation.proceed(ReflectiveMethodInvocation.java:157)
	at org.joget.apps.app.service.AuditTrailInterceptor.invoke(AuditTrailInterceptor.java:17)
	at org.springframework.aop.framework.ReflectiveMethodInvocation.proceed(ReflectiveMethodInvocation.java:179)
	at org.springframework.transaction.interceptor.TransactionInterceptor$1.proceedWithInvocation(TransactionInterceptor.java:99)
	at org.springframework.transaction.interceptor.TransactionAspectSupport.invokeWithinTransaction(TransactionAspectSupport.java:282)
	at org.springframework.transaction.interceptor.TransactionInterceptor.invoke(TransactionInterceptor.java:96)
	at org.springframework.aop.framework.ReflectiveMethodInvocation.proceed(ReflectiveMethodInvocation.java:179)
	at org.springframework.aop.interceptor.ExposeInvocationInterceptor.invoke(ExposeInvocationInterceptor.java:92)
	at org.springframework.aop.framework.ReflectiveMethodInvocation.proceed(ReflectiveMethodInvocation.java:179)
	at org.springframework.aop.framework.JdkDynamicAopProxy.invoke(JdkDynamicAopProxy.java:213)
	at com.sun.proxy.$Proxy70.addAppActivityPlugin(Unknown Source)
	at org.joget.apps.app.service.AppServiceImpl.importAppDefinition_aroundBody24(AppServiceImpl.java:2537)
	at org.joget.apps.app.service.AppServiceImpl$AjcClosure25.run(AppServiceImpl.java:1)
	at org.springframework.transaction.aspectj.AbstractTransactionAspect.ajc$around$org_springframework_transaction_aspectj_AbstractTransactionAspect$1$2a73e96cproceed(AbstractTransactionAspect.aj:66)
	at org.springframework.transaction.aspectj.AbstractTransactionAspect$AbstractTransactionAspect$1.proceedWithInvocation(AbstractTransactionAspect.aj:72)
	at org.springframework.transaction.interceptor.TransactionAspectSupport.invokeWithinTransaction(TransactionAspectSupport.java:282)
	at org.springframework.transaction.aspectj.AbstractTransactionAspect.ajc$around$org_springframework_transaction_aspectj_AbstractTransactionAspect$1$2a73e96c(AbstractTransactionAspect.aj:70)
	at org.joget.apps.app.service.AppServiceImpl.importAppDefinition(AppServiceImpl.java:2341)
	at java.base/jdk.internal.reflect.NativeMethodAccessorImpl.invoke0(Native Method)
	at java.base/jdk.internal.reflect.NativeMethodAccessorImpl.invoke(NativeMethodAccessorImpl.java:62)
	at java.base/jdk.internal.reflect.DelegatingMethodAccessorImpl.invoke(DelegatingMethodAccessorImpl.java:43)
	at java.base/java.lang.reflect.Method.invoke(Method.java:566)
	at org.springframework.aop.support.AopUtils.invokeJoinpointUsingReflection(AopUtils.java:333)
	at org.springframework.aop.framework.ReflectiveMethodInvocation.invokeJoinpoint(ReflectiveMethodInvocation.java:190)
	at org.springframework.aop.framework.ReflectiveMethodInvocation.proceed(ReflectiveMethodInvocation.java:157)
	at org.springframework.transaction.interceptor.TransactionInterceptor$1.proceedWithInvocation(TransactionInterceptor.java:99)
	at org.springframework.transaction.interceptor.TransactionAspectSupport.invokeWithinTransaction(TransactionAspectSupport.java:282)
	at org.springframework.transaction.interceptor.TransactionInterceptor.invoke(TransactionInterceptor.java:96)
	at org.springframework.aop.framework.ReflectiveMethodInvocation.proceed(ReflectiveMethodInvocation.java:179)
	at org.springframework.aop.framework.JdkDynamicAopProxy.invoke(JdkDynamicAopProxy.java:213)
	at com.sun.proxy.$Proxy74.importAppDefinition(Unknown Source)
	at org.joget.apps.util.AppLicenseUtil.importApp(AppLicenseUtil.java:329)
	at com.sun.proxy.$Proxy74.importApp_aroundBody3$advice(Unknown Source)
	at com.sun.proxy.$Proxy74.importApp(Unknown Source)
	at org.joget.apps.app.controller.ConsoleWebController.consoleAppImportSubmit(ConsoleWebController.java:1717)
	at org.joget.apps.app.controller.ConsoleWebController$$FastClassBySpringCGLIB$$e1402d89.invoke(<generated>)
	at org.springframework.cglib.proxy.MethodProxy.invoke(MethodProxy.java:204)
	at org.springframework.aop.framework.CglibAopProxy$DynamicAdvisedInterceptor.intercept(CglibAopProxy.java:667)
	at org.joget.apps.app.controller.ConsoleWebController$$EnhancerBySpringCGLIB$$909dec9b.consoleAppImportSubmit(<generated>)
	at java.base/jdk.internal.reflect.NativeMethodAccessorImpl.invoke0(Native Method)
	at java.base/jdk.internal.reflect.NativeMethodAccessorImpl.invoke(NativeMethodAccessorImpl.java:62)
	at java.base/jdk.internal.reflect.DelegatingMethodAccessorImpl.invoke(DelegatingMethodAccessorImpl.java:43)
	at java.base/java.lang.reflect.Method.invoke(Method.java:566)
	at org.springframework.web.bind.annotation.support.HandlerMethodInvoker.invokeHandlerMethod(HandlerMethodInvoker.java:181)
	at org.springframework.web.servlet.mvc.annotation.AnnotationMethodHandlerAdapter.invokeHandlerMethod(AnnotationMethodHandlerAdapter.java:440)
	at org.springframework.web.servlet.mvc.annotation.AnnotationMethodHandlerAdapter.handle(AnnotationMethodHandlerAdapter.java:428)
	at org.joget.commons.spring.web.ParameterizedAnnotationMethodHandlerAdapter.handle(ParameterizedAnnotationMethodHandlerAdapter.java:32)
	at org.springframework.web.servlet.DispatcherServlet.doDispatch(DispatcherServlet.java:967)
	at org.springframework.web.servlet.DispatcherServlet.doService(DispatcherServlet.java:901)
	at org.springframework.web.servlet.FrameworkServlet.processRequest(FrameworkServlet.java:970)
	at org.springframework.web.servlet.FrameworkServlet.doPost(FrameworkServlet.java:872)
	at javax.servlet.http.HttpServlet.service(HttpServlet.java:661)
	at org.springframework.web.servlet.FrameworkServlet.service(FrameworkServlet.java:846)
	at javax.servlet.http.HttpServlet.service(HttpServlet.java:742)
	at org.apache.catalina.core.ApplicationFilterChain.internalDoFilter(ApplicationFilterChain.java:231)
	at org.apache.catalina.core.ApplicationFilterChain.doFilter(ApplicationFilterChain.java:166)
	at org.apache.tomcat.websocket.server.WsFilter.doFilter(WsFilter.java:52)
	at org.apache.catalina.core.ApplicationFilterChain.internalDoFilter(ApplicationFilterChain.java:193)
	at org.apache.catalina.core.ApplicationFilterChain.doFilter(ApplicationFilterChain.java:166)
	at org.joget.apps.app.web.GitRequestFilter.doFilter(GitRequestFilter.java:40)
	at org.apache.catalina.core.ApplicationFilterChain.internalDoFilter(ApplicationFilterChain.java:193)
	at org.apache.catalina.core.ApplicationFilterChain.doFilter(ApplicationFilterChain.java:166)
	at org.displaytag.filter.ResponseOverrideFilter.doFilter(ResponseOverrideFilter.java:125)
	at org.apache.catalina.core.ApplicationFilterChain.internalDoFilter(ApplicationFilterChain.java:193)
	at org.apache.catalina.core.ApplicationFilterChain.doFilter(ApplicationFilterChain.java:166)
	at org.owasp.csrfguard.CsrfGuardFilter.doFilter(CsrfGuardFilter.java:88)
	at org.apache.catalina.core.ApplicationFilterChain.internalDoFilter(ApplicationFilterChain.java:193)
	at org.apache.catalina.core.ApplicationFilterChain.doFilter(ApplicationFilterChain.java:166)
	at org.springframework.security.web.FilterChainProxy$VirtualFilterChain.doFilter(FilterChainProxy.java:317)
	at org.springframework.security.web.access.intercept.FilterSecurityInterceptor.invoke(FilterSecurityInterceptor.java:127)
	at org.springframework.security.web.access.intercept.FilterSecurityInterceptor.doFilter(FilterSecurityInterceptor.java:91)
	at org.springframework.security.web.FilterChainProxy$VirtualFilterChain.doFilter(FilterChainProxy.java:331)
	at org.springframework.security.web.access.ExceptionTranslationFilter.doFilter(ExceptionTranslationFilter.java:115)
	at org.springframework.security.web.FilterChainProxy$VirtualFilterChain.doFilter(FilterChainProxy.java:331)
	at org.springframework.security.web.session.SessionManagementFilter.doFilter(SessionManagementFilter.java:137)
	at org.springframework.security.web.FilterChainProxy$VirtualFilterChain.doFilter(FilterChainProxy.java:331)
	at org.springframework.security.web.authentication.AnonymousAuthenticationFilter.doFilter(AnonymousAuthenticationFilter.java:111)
	at org.springframework.security.web.FilterChainProxy$VirtualFilterChain.doFilter(FilterChainProxy.java:331)
	at org.springframework.security.web.savedrequest.RequestCacheAwareFilter.doFilter(RequestCacheAwareFilter.java:63)
	at org.springframework.security.web.FilterChainProxy$VirtualFilterChain.doFilter(FilterChainProxy.java:331)
	at org.springframework.security.web.authentication.AbstractAuthenticationProcessingFilter.doFilter(AbstractAuthenticationProcessingFilter.java:200)
	at org.joget.apps.workflow.security.WorkflowHttpAuthProcessingFilter.doFilter(WorkflowHttpAuthProcessingFilter.java:86)
	at org.springframework.security.web.FilterChainProxy$VirtualFilterChain.doFilter(FilterChainProxy.java:331)
	at org.springframework.security.web.authentication.www.BasicAuthenticationFilter.doFilterInternal(BasicAuthenticationFilter.java:158)
	at org.springframework.web.filter.OncePerRequestFilter.doFilter(OncePerRequestFilter.java:107)
	at org.springframework.security.web.FilterChainProxy$VirtualFilterChain.doFilter(FilterChainProxy.java:331)
	at org.springframework.security.web.authentication.AbstractAuthenticationProcessingFilter.doFilter(AbstractAuthenticationProcessingFilter.java:200)
	at org.springframework.security.web.FilterChainProxy$VirtualFilterChain.doFilter(FilterChainProxy.java:331)
	at org.springframework.security.web.authentication.logout.LogoutFilter.doFilter(LogoutFilter.java:121)
	at org.springframework.security.web.FilterChainProxy$VirtualFilterChain.doFilter(FilterChainProxy.java:331)
	at org.springframework.security.web.header.HeaderWriterFilter.doFilterInternal(HeaderWriterFilter.java:66)
	at org.springframework.web.filter.OncePerRequestFilter.doFilter(OncePerRequestFilter.java:107)
	at org.springframework.security.web.FilterChainProxy$VirtualFilterChain.doFilter(FilterChainProxy.java:331)
	at org.springframework.security.web.context.request.async.WebAsyncManagerIntegrationFilter.doFilterInternal(WebAsyncManagerIntegrationFilter.java:56)
	at org.springframework.web.filter.OncePerRequestFilter.doFilter(OncePerRequestFilter.java:107)
	at org.springframework.security.web.FilterChainProxy$VirtualFilterChain.doFilter(FilterChainProxy.java:331)
	at org.springframework.security.web.context.SecurityContextPersistenceFilter.doFilter(SecurityContextPersistenceFilter.java:105)
	at org.springframework.security.web.FilterChainProxy$VirtualFilterChain.doFilter(FilterChainProxy.java:331)
	at org.springframework.security.web.FilterChainProxy.doFilterInternal(FilterChainProxy.java:214)
	at org.springframework.security.web.FilterChainProxy.doFilter(FilterChainProxy.java:177)
	at org.springframework.web.filter.DelegatingFilterProxy.invokeDelegate(DelegatingFilterProxy.java:347)
	at org.springframework.web.filter.DelegatingFilterProxy.doFilter(DelegatingFilterProxy.java:263)
	at org.joget.commons.spring.web.CustomDelegatingFilterProxy.doFilter(CustomDelegatingFilterProxy.java:31)
	at org.apache.catalina.core.ApplicationFilterChain.internalDoFilter(ApplicationFilterChain.java:193)
	at org.apache.catalina.core.ApplicationFilterChain.doFilter(ApplicationFilterChain.java:166)
	at org.joget.apps.app.web.ExpireFilter.doFilter(ExpireFilter.java:48)
	at org.apache.catalina.core.ApplicationFilterChain.internalDoFilter(ApplicationFilterChain.java:193)
	at org.apache.catalina.core.ApplicationFilterChain.doFilter(ApplicationFilterChain.java:166)
	at org.springframework.web.filter.CharacterEncodingFilter.doFilterInternal(CharacterEncodingFilter.java:197)
	at org.springframework.web.filter.OncePerRequestFilter.doFilter(OncePerRequestFilter.java:107)
	at org.apache.catalina.core.ApplicationFilterChain.internalDoFilter(ApplicationFilterChain.java:193)
	at org.apache.catalina.core.ApplicationFilterChain.doFilter(ApplicationFilterChain.java:166)
	at org.apache.catalina.core.StandardWrapperValve.invoke(StandardWrapperValve.java:199)
	at org.apache.catalina.core.StandardContextValve.invoke(StandardContextValve.java:96)
	at org.apache.catalina.authenticator.AuthenticatorBase.invoke(AuthenticatorBase.java:493)
	at org.apache.catalina.core.StandardHostValve.invoke(StandardHostValve.java:137)
	at org.apache.catalina.valves.ErrorReportValve.invoke(ErrorReportValve.java:81)
	at org.apache.catalina.core.StandardEngineValve.invoke(StandardEngineValve.java:87)
	at org.apache.catalina.connector.CoyoteAdapter.service(CoyoteAdapter.java:343)
	at org.apache.coyote.http11.Http11Processor.service(Http11Processor.java:798)
	at org.apache.coyote.AbstractProcessorLight.process(AbstractProcessorLight.java:66)
	at org.apache.coyote.AbstractProtocol$ConnectionHandler.process(AbstractProtocol.java:808)
	at org.apache.tomcat.util.net.NioEndpoint$SocketProcessor.doRun(NioEndpoint.java:1498)
	at org.apache.tomcat.util.net.SocketProcessorBase.run(SocketProcessorBase.java:49)
	at java.base/java.util.concurrent.ThreadPoolExecutor.runWorker(ThreadPoolExecutor.java:1128)
	at java.base/java.util.concurrent.ThreadPoolExecutor$Worker.run(ThreadPoolExecutor.java:628)
	at org.apache.tomcat.util.threads.TaskThread$WrappingRunnable.run(TaskThread.java:61)
	at java.base/java.lang.Thread.run(Thread.java:834)
Caused by: org.eclipse.jgit.errors.ObjectWritingException: Unable to create new object: .\wflow\app_src\appTechnicalSupportRequest\ed963eef-9df6-4a12-b36f-61caea470554\.git\objects\01\d6254b094c5d4bb6b9bf719c57dbcdb923d471
	at org.eclipse.jgit.internal.storage.file.ObjectDirectoryInserter.insertOneObject(ObjectDirectoryInserter.java:168)
	at org.eclipse.jgit.internal.storage.file.ObjectDirectoryInserter.insert(ObjectDirectoryInserter.java:148)
	at org.eclipse.jgit.internal.storage.file.ObjectDirectoryInserter.insert(ObjectDirectoryInserter.java:122)
	at org.eclipse.jgit.api.AddCommand.call(AddCommand.java:239)
	... 137 more
ERROR 23 Jun 2020 10:24:36 org.joget.apps.util.AppLicenseUtil  - org.springframework.transaction.UnexpectedRollbackException: JTA transaction unexpectedly rolled back (maybe due to a timeout); nested exception is bitronix.tm.internal.BitronixRollbackException: transaction was marked as rollback only and has been rolled back
org.springframework.transaction.UnexpectedRollbackException: JTA transaction unexpectedly rolled back (maybe due to a timeout); nested exception is bitronix.tm.internal.BitronixRollbackException: transaction was marked as rollback only and has been rolled back
	at org.springframework.transaction.jta.JtaTransactionManager.doCommit(JtaTransactionManager.java:1024)
	at org.springframework.transaction.support.AbstractPlatformTransactionManager.processCommit(AbstractPlatformTransactionManager.java:765)
	at org.springframework.transaction.support.AbstractPlatformTransactionManager.commit(AbstractPlatformTransactionManager.java:734)
	at org.springframework.transaction.interceptor.TransactionAspectSupport.commitTransactionAfterReturning(TransactionAspectSupport.java:518)
	at org.springframework.transaction.interceptor.TransactionAspectSupport.invokeWithinTransaction(TransactionAspectSupport.java:292)
	at org.springframework.transaction.interceptor.TransactionInterceptor.invoke(TransactionInterceptor.java:96)
	at org.springframework.aop.framework.ReflectiveMethodInvocation.proceed(ReflectiveMethodInvocation.java:179)
	at org.springframework.aop.framework.JdkDynamicAopProxy.invoke(JdkDynamicAopProxy.java:213)
	at com.sun.proxy.$Proxy74.importAppDefinition(Unknown Source)
	at org.joget.apps.util.AppLicenseUtil.importApp(AppLicenseUtil.java:329)
	at com.sun.proxy.$Proxy74.importApp_aroundBody3$advice(Unknown Source)
	at com.sun.proxy.$Proxy74.importApp(Unknown Source)
	at org.joget.apps.app.controller.ConsoleWebController.consoleAppImportSubmit(ConsoleWebController.java:1717)
	at org.joget.apps.app.controller.ConsoleWebController$$FastClassBySpringCGLIB$$e1402d89.invoke(<generated>)
	at org.springframework.cglib.proxy.MethodProxy.invoke(MethodProxy.java:204)
	at org.springframework.aop.framework.CglibAopProxy$DynamicAdvisedInterceptor.intercept(CglibAopProxy.java:667)
	at org.joget.apps.app.controller.ConsoleWebController$$EnhancerBySpringCGLIB$$909dec9b.consoleAppImportSubmit(<generated>)
	at java.base/jdk.internal.reflect.NativeMethodAccessorImpl.invoke0(Native Method)
	at java.base/jdk.internal.reflect.NativeMethodAccessorImpl.invoke(NativeMethodAccessorImpl.java:62)
	at java.base/jdk.internal.reflect.DelegatingMethodAccessorImpl.invoke(DelegatingMethodAccessorImpl.java:43)
	at java.base/java.lang.reflect.Method.invoke(Method.java:566)
	at org.springframework.web.bind.annotation.support.HandlerMethodInvoker.invokeHandlerMethod(HandlerMethodInvoker.java:181)
	at org.springframework.web.servlet.mvc.annotation.AnnotationMethodHandlerAdapter.invokeHandlerMethod(AnnotationMethodHandlerAdapter.java:440)
	at org.springframework.web.servlet.mvc.annotation.AnnotationMethodHandlerAdapter.handle(AnnotationMethodHandlerAdapter.java:428)
	at org.joget.commons.spring.web.ParameterizedAnnotationMethodHandlerAdapter.handle(ParameterizedAnnotationMethodHandlerAdapter.java:32)
	at org.springframework.web.servlet.DispatcherServlet.doDispatch(DispatcherServlet.java:967)
	at org.springframework.web.servlet.DispatcherServlet.doService(DispatcherServlet.java:901)
	at org.springframework.web.servlet.FrameworkServlet.processRequest(FrameworkServlet.java:970)
	at org.springframework.web.servlet.FrameworkServlet.doPost(FrameworkServlet.java:872)
	at javax.servlet.http.HttpServlet.service(HttpServlet.java:661)
	at org.springframework.web.servlet.FrameworkServlet.service(FrameworkServlet.java:846)
	at javax.servlet.http.HttpServlet.service(HttpServlet.java:742)
	at org.apache.catalina.core.ApplicationFilterChain.internalDoFilter(ApplicationFilterChain.java:231)
	at org.apache.catalina.core.ApplicationFilterChain.doFilter(ApplicationFilterChain.java:166)
	at org.apache.tomcat.websocket.server.WsFilter.doFilter(WsFilter.java:52)
	at org.apache.catalina.core.ApplicationFilterChain.internalDoFilter(ApplicationFilterChain.java:193)
	at org.apache.catalina.core.ApplicationFilterChain.doFilter(ApplicationFilterChain.java:166)
	at org.joget.apps.app.web.GitRequestFilter.doFilter(GitRequestFilter.java:40)
	at org.apache.catalina.core.ApplicationFilterChain.internalDoFilter(ApplicationFilterChain.java:193)
	at org.apache.catalina.core.ApplicationFilterChain.doFilter(ApplicationFilterChain.java:166)
	at org.displaytag.filter.ResponseOverrideFilter.doFilter(ResponseOverrideFilter.java:125)
	at org.apache.catalina.core.ApplicationFilterChain.internalDoFilter(ApplicationFilterChain.java:193)
	at org.apache.catalina.core.ApplicationFilterChain.doFilter(ApplicationFilterChain.java:166)
	at org.owasp.csrfguard.CsrfGuardFilter.doFilter(CsrfGuardFilter.java:88)
	at org.apache.catalina.core.ApplicationFilterChain.internalDoFilter(ApplicationFilterChain.java:193)
	at org.apache.catalina.core.ApplicationFilterChain.doFilter(ApplicationFilterChain.java:166)
	at org.springframework.security.web.FilterChainProxy$VirtualFilterChain.doFilter(FilterChainProxy.java:317)
	at org.springframework.security.web.access.intercept.FilterSecurityInterceptor.invoke(FilterSecurityInterceptor.java:127)
	at org.springframework.security.web.access.intercept.FilterSecurityInterceptor.doFilter(FilterSecurityInterceptor.java:91)
	at org.springframework.security.web.FilterChainProxy$VirtualFilterChain.doFilter(FilterChainProxy.java:331)
	at org.springframework.security.web.access.ExceptionTranslationFilter.doFilter(ExceptionTranslationFilter.java:115)
	at org.springframework.security.web.FilterChainProxy$VirtualFilterChain.doFilter(FilterChainProxy.java:331)
	at org.springframework.security.web.session.SessionManagementFilter.doFilter(SessionManagementFilter.java:137)
	at org.springframework.security.web.FilterChainProxy$VirtualFilterChain.doFilter(FilterChainProxy.java:331)
	at org.springframework.security.web.authentication.AnonymousAuthenticationFilter.doFilter(AnonymousAuthenticationFilter.java:111)
	at org.springframework.security.web.FilterChainProxy$VirtualFilterChain.doFilter(FilterChainProxy.java:331)
	at org.springframework.security.web.savedrequest.RequestCacheAwareFilter.doFilter(RequestCacheAwareFilter.java:63)
	at org.springframework.security.web.FilterChainProxy$VirtualFilterChain.doFilter(FilterChainProxy.java:331)
	at org.springframework.security.web.authentication.AbstractAuthenticationProcessingFilter.doFilter(AbstractAuthenticationProcessingFilter.java:200)
	at org.joget.apps.workflow.security.WorkflowHttpAuthProcessingFilter.doFilter(WorkflowHttpAuthProcessingFilter.java:86)
	at org.springframework.security.web.FilterChainProxy$VirtualFilterChain.doFilter(FilterChainProxy.java:331)
	at org.springframework.security.web.authentication.www.BasicAuthenticationFilter.doFilterInternal(BasicAuthenticationFilter.java:158)
	at org.springframework.web.filter.OncePerRequestFilter.doFilter(OncePerRequestFilter.java:107)
	at org.springframework.security.web.FilterChainProxy$VirtualFilterChain.doFilter(FilterChainProxy.java:331)
	at org.springframework.security.web.authentication.AbstractAuthenticationProcessingFilter.doFilter(AbstractAuthenticationProcessingFilter.java:200)
	at org.springframework.security.web.FilterChainProxy$VirtualFilterChain.doFilter(FilterChainProxy.java:331)
	at org.springframework.security.web.authentication.logout.LogoutFilter.doFilter(LogoutFilter.java:121)
	at org.springframework.security.web.FilterChainProxy$VirtualFilterChain.doFilter(FilterChainProxy.java:331)
	at org.springframework.security.web.header.HeaderWriterFilter.doFilterInternal(HeaderWriterFilter.java:66)
	at org.springframework.web.filter.OncePerRequestFilter.doFilter(OncePerRequestFilter.java:107)
	at org.springframework.security.web.FilterChainProxy$VirtualFilterChain.doFilter(FilterChainProxy.java:331)
	at org.springframework.security.web.context.request.async.WebAsyncManagerIntegrationFilter.doFilterInternal(WebAsyncManagerIntegrationFilter.java:56)
	at org.springframework.web.filter.OncePerRequestFilter.doFilter(OncePerRequestFilter.java:107)
	at org.springframework.security.web.FilterChainProxy$VirtualFilterChain.doFilter(FilterChainProxy.java:331)
	at org.springframework.security.web.context.SecurityContextPersistenceFilter.doFilter(SecurityContextPersistenceFilter.java:105)
	at org.springframework.security.web.FilterChainProxy$VirtualFilterChain.doFilter(FilterChainProxy.java:331)
	at org.springframework.security.web.FilterChainProxy.doFilterInternal(FilterChainProxy.java:214)
	at org.springframework.security.web.FilterChainProxy.doFilter(FilterChainProxy.java:177)
	at org.springframework.web.filter.DelegatingFilterProxy.invokeDelegate(DelegatingFilterProxy.java:347)
	at org.springframework.web.filter.DelegatingFilterProxy.doFilter(DelegatingFilterProxy.java:263)
	at org.joget.commons.spring.web.CustomDelegatingFilterProxy.doFilter(CustomDelegatingFilterProxy.java:31)
	at org.apache.catalina.core.ApplicationFilterChain.internalDoFilter(ApplicationFilterChain.java:193)
	at org.apache.catalina.core.ApplicationFilterChain.doFilter(ApplicationFilterChain.java:166)
	at org.joget.apps.app.web.ExpireFilter.doFilter(ExpireFilter.java:48)
	at org.apache.catalina.core.ApplicationFilterChain.internalDoFilter(ApplicationFilterChain.java:193)
	at org.apache.catalina.core.ApplicationFilterChain.doFilter(ApplicationFilterChain.java:166)
	at org.springframework.web.filter.CharacterEncodingFilter.doFilterInternal(CharacterEncodingFilter.java:197)
	at org.springframework.web.filter.OncePerRequestFilter.doFilter(OncePerRequestFilter.java:107)
	at org.apache.catalina.core.ApplicationFilterChain.internalDoFilter(ApplicationFilterChain.java:193)
	at org.apache.catalina.core.ApplicationFilterChain.doFilter(ApplicationFilterChain.java:166)
	at org.apache.catalina.core.StandardWrapperValve.invoke(StandardWrapperValve.java:199)
	at org.apache.catalina.core.StandardContextValve.invoke(StandardContextValve.java:96)
	at org.apache.catalina.authenticator.AuthenticatorBase.invoke(AuthenticatorBase.java:493)
	at org.apache.catalina.core.StandardHostValve.invoke(StandardHostValve.java:137)
	at org.apache.catalina.valves.ErrorReportValve.invoke(ErrorReportValve.java:81)
	at org.apache.catalina.core.StandardEngineValve.invoke(StandardEngineValve.java:87)
	at org.apache.catalina.connector.CoyoteAdapter.service(CoyoteAdapter.java:343)
	at org.apache.coyote.http11.Http11Processor.service(Http11Processor.java:798)
	at org.apache.coyote.AbstractProcessorLight.process(AbstractProcessorLight.java:66)
	at org.apache.coyote.AbstractProtocol$ConnectionHandler.process(AbstractProtocol.java:808)
	at org.apache.tomcat.util.net.NioEndpoint$SocketProcessor.doRun(NioEndpoint.java:1498)
	at org.apache.tomcat.util.net.SocketProcessorBase.run(SocketProcessorBase.java:49)
	at java.base/java.util.concurrent.ThreadPoolExecutor.runWorker(ThreadPoolExecutor.java:1128)
	at java.base/java.util.concurrent.ThreadPoolExecutor$Worker.run(ThreadPoolExecutor.java:628)
	at org.apache.tomcat.util.threads.TaskThread$WrappingRunnable.run(TaskThread.java:61)
	at java.base/java.lang.Thread.run(Thread.java:834)
Caused by: bitronix.tm.internal.BitronixRollbackException: transaction was marked as rollback only and has been rolled back
	at bitronix.tm.BitronixTransaction.commit(BitronixTransaction.java:265)
	at bitronix.tm.BitronixTransactionManager.commit(BitronixTransactionManager.java:143)
	at org.springframework.transaction.jta.JtaTransactionManager.doCommit(JtaTransactionManager.java:1021)
	... 105 more
INFO  23 Jun 2020 10:24:37 org.joget.apps.app.service.AppDevUtil  - Commit to Git repo by admin: Update app definition appTechnicalSupportRequest. _Update app config appTechnicalSupportRequest. _Add form fApprovalCCRDivisionManager. _Add form fApprovalCCRManagerQCA. _Add form fApprovalCCRMemberQCA. _Add form fApprovalCCRSectionQCA. _Add form fApprovalCIRManagerQCA. _Add form fApprovalCIRMemberQCA. _Add form fApprovalCIRSectionQCA. _Add form fApprovalCPARDivisionManager. _Add form fApprovalCPARManagerQCA. _Add form fApprovalCPARMemberQCA. _Add form fApprovalCPARSectionQCA. _Add form fApprovalNCRManagerQCA. _Add form fApprovalNCRMemberQCA. _Add form fApprovalNCRSectionQCA. _Add form fApprovalRPTRManagerQCA. _Add form fApprovalRPTRMemberQCA. _Add form fApprovalRPTRSectionQCA. _Add form fApprovalTAPManagerQCA. _Add form fApprovalTAPMemberQCA. _Add form fApprovalTAPSectionQCA. _Add form fApprovalTDRManagerQCA. _Add form fApprovalTDRMemberQCA. _Add form fApprovalTDRSectionQCA. _Add form fApprovalTSRManagerQCA. _Add form fApprovalTSRManagerSales. _Add form fApprovalTSRMemberQCA. _Add form fApprovalTSRSectionQCA. _Add form fASCProduct. _Add form fAttachmentFileNCR. _Add form fAttachmentFileTDR. _Add form fAttachmentTAP. _Add form fCCR. _Add form fCCRView. _Add form fCCRViewEnd. _Add form fChangePassword. _Add form fCIR. _Add form fCIRView. _Add form fCIRViewEnd. _Add form fCPAR. _Add form fCPARView. _Add form fCPARViewEnd. _Add form fCreateNewTDR. _Add form fCustomerCVR. _Add form fCustomerProduct. _Add form fDetailDiscussion. _Add form fLineBusiness. _Add form fNCR. _Add form fNCRView. _Add form fNCRViewEnd. _Add form fProblemCategory. _Add form fProduct. _Add form fRequestedItem. _Add form fResubmitCCRMemberQCA. _Add form fResubmitCIRMemberQCA. _Add form fResubmitCPARMemberQCA. _Add form fResubmitNCRMemberQCA. _Add form fResubmitRPTRMemberQCA. _Add form fResubmitTAPMemberQCA. _Add form fResubmitTDRMemberQCA. _Add form fResubmitTSRMemberSales. _Add form fReviewSectionCCR. _Add form fReviewSectionCPAR. _Add form fReviewSectionQCA. _Add form fRPTR. _Add form fRPTRView. _Add form fRPTRViewEnd. _Add form fSFApprovaHistoryRPTR. _Add form fSFApprovalHistory. _Add form fSFApprovalHistoryCCR. _Add form fSFApprovalHistoryCIR. _Add form fSFApprovalHistoryCPAR. _Add form fSFApprovalHistoryNCR. _Add form fSFApprovalHistoryTAP. _Add form fSFApprovalHistoryTDR. _Add form fTAP. _Add form fTAPView. _Add form fTAPViewEnd. _Add form fTDRView. _Add form fTDRViewEnd. _Add form fTechnicalSupportRequest. _Add form fTSRView. _Add form fTSRViewEnd. _Add list listAllCCR. _Add list listAllCCRDivisionManagerQCA. _Add list listAllCCRManagerQCA. _Add list listAllCCRSectionQCA. _Add list listAllCIR. _Add list listAllCIRManagerQCA. _Add list listAllCIRSectionQCA. _Add list listAllCPAR. _Add list listAllCPARDivisionManagerQCA. _Add list listAllCPARManagerQCA. _Add list listAllCPARSectionQCA. _Add list listAllNCR. _Add list listAllNCRManagerQCA. _Add list listAllNCRSectionQCA. _Add list listAllRPTR. _Add list listAllRPTRManagerQCA. _Add list listAllRPTRSectionQCA. _Add list listAllTAP. _Add list listAllTAPManagerQCA. _Add list listAllTAPSectionQCA. _Add list listAllTDR. _Add list listCustomer. _Add list listCustomerProduct. _Add list listInboxCCR. _Add list listInboxCIR. _Add list listInboxCPAR. _Add list listInboxNCR. _Add list listInboxRPTR. _Add list listInboxTAP. _Add list listInboxTDR. _Add list listInboxTSR. _Add list listProblemCategory. _Add list listProduct. _Add list listRequestedItem. _Add list listTechnicalSupportRequest. _Add userview userViewTechnicalSupportRequest. _Update xpdl appTechnicalSupportRequest. _Update package appTechnicalSupportRequest. _
INFO  23 Jun 2020 10:27:41 org.joget.apps.app.service.AppDevUtil  - Commit to Git repo by admin: Initial commit for appTechnicalSupportRequest_3
ERROR 23 Jun 2020 10:27:45 org.hibernate.engine.jdbc.spi.SqlExceptionHelper  - (conn=101) Table 'C:\Windows\TEMP\#sql146c_65_3.MAI' is read only
ERROR 23 Jun 2020 10:27:47 org.hibernate.engine.jdbc.spi.SqlExceptionHelper  - (conn=101) Error on delete of 'C:\Windows\TEMP\#sql146c_65_12.MAI' (Errcode: 13 "Permission denied")
INFO  23 Jun 2020 10:27:53 PackageEventLogger  - UTCTime=1592882873953,EventType=packageUpdated,PackageId=appTechnicalSupportRequest,PackageVersion=2,EventPerformedBy=admin
ERROR 23 Jun 2020 10:28:02 org.joget.apps.app.service.AppServiceImpl  - Error deploying package for appTechnicalSupportRequest
org.eclipse.jgit.api.errors.JGitInternalException: Exception caught during execution of add command
	at org.eclipse.jgit.api.AddCommand.call(AddCommand.java:258)
	at org.joget.apps.app.service.AppDevUtil.gitAdd(AppDevUtil.java:380)
	at org.joget.apps.app.service.AppDevUtil.fileSave(AppDevUtil.java:880)
	at org.joget.apps.app.dao.PackageDefinitionDaoImpl.saveOrUpdate(PackageDefinitionDaoImpl.java:54)
	at org.joget.apps.app.dao.PackageDefinitionDaoImpl.addAppActivityPlugin(PackageDefinitionDaoImpl.java:311)
	at jdk.internal.reflect.GeneratedMethodAccessor448.invoke(Unknown Source)
	at java.base/jdk.internal.reflect.DelegatingMethodAccessorImpl.invoke(DelegatingMethodAccessorImpl.java:43)
	at java.base/java.lang.reflect.Method.invoke(Method.java:566)
	at org.springframework.aop.support.AopUtils.invokeJoinpointUsingReflection(AopUtils.java:333)
	at org.springframework.aop.framework.ReflectiveMethodInvocation.invokeJoinpoint(ReflectiveMethodInvocation.java:190)
	at org.springframework.aop.framework.ReflectiveMethodInvocation.proceed(ReflectiveMethodInvocation.java:157)
	at org.joget.apps.app.service.AuditTrailInterceptor.invoke(AuditTrailInterceptor.java:17)
	at org.springframework.aop.framework.ReflectiveMethodInvocation.proceed(ReflectiveMethodInvocation.java:179)
	at org.springframework.transaction.interceptor.TransactionInterceptor$1.proceedWithInvocation(TransactionInterceptor.java:99)
	at org.springframework.transaction.interceptor.TransactionAspectSupport.invokeWithinTransaction(TransactionAspectSupport.java:282)
	at org.springframework.transaction.interceptor.TransactionInterceptor.invoke(TransactionInterceptor.java:96)
	at org.springframework.aop.framework.ReflectiveMethodInvocation.proceed(ReflectiveMethodInvocation.java:179)
	at org.springframework.aop.interceptor.ExposeInvocationInterceptor.invoke(ExposeInvocationInterceptor.java:92)
	at org.springframework.aop.framework.ReflectiveMethodInvocation.proceed(ReflectiveMethodInvocation.java:179)
	at org.springframework.aop.framework.JdkDynamicAopProxy.invoke(JdkDynamicAopProxy.java:213)
	at com.sun.proxy.$Proxy70.addAppActivityPlugin(Unknown Source)
	at org.joget.apps.app.service.AppServiceImpl.importAppDefinition_aroundBody24(AppServiceImpl.java:2537)
	at org.joget.apps.app.service.AppServiceImpl$AjcClosure25.run(AppServiceImpl.java:1)
	at org.springframework.transaction.aspectj.AbstractTransactionAspect.ajc$around$org_springframework_transaction_aspectj_AbstractTransactionAspect$1$2a73e96cproceed(AbstractTransactionAspect.aj:66)
	at org.springframework.transaction.aspectj.AbstractTransactionAspect$AbstractTransactionAspect$1.proceedWithInvocation(AbstractTransactionAspect.aj:72)
	at org.springframework.transaction.interceptor.TransactionAspectSupport.invokeWithinTransaction(TransactionAspectSupport.java:282)
	at org.springframework.transaction.aspectj.AbstractTransactionAspect.ajc$around$org_springframework_transaction_aspectj_AbstractTransactionAspect$1$2a73e96c(AbstractTransactionAspect.aj:70)
	at org.joget.apps.app.service.AppServiceImpl.importAppDefinition(AppServiceImpl.java:2341)
	at java.base/jdk.internal.reflect.NativeMethodAccessorImpl.invoke0(Native Method)
	at java.base/jdk.internal.reflect.NativeMethodAccessorImpl.invoke(NativeMethodAccessorImpl.java:62)
	at java.base/jdk.internal.reflect.DelegatingMethodAccessorImpl.invoke(DelegatingMethodAccessorImpl.java:43)
	at java.base/java.lang.reflect.Method.invoke(Method.java:566)
	at org.springframework.aop.support.AopUtils.invokeJoinpointUsingReflection(AopUtils.java:333)
	at org.springframework.aop.framework.ReflectiveMethodInvocation.invokeJoinpoint(ReflectiveMethodInvocation.java:190)
	at org.springframework.aop.framework.ReflectiveMethodInvocation.proceed(ReflectiveMethodInvocation.java:157)
	at org.springframework.transaction.interceptor.TransactionInterceptor$1.proceedWithInvocation(TransactionInterceptor.java:99)
	at org.springframework.transaction.interceptor.TransactionAspectSupport.invokeWithinTransaction(TransactionAspectSupport.java:282)
	at org.springframework.transaction.interceptor.TransactionInterceptor.invoke(TransactionInterceptor.java:96)
	at org.springframework.aop.framework.ReflectiveMethodInvocation.proceed(ReflectiveMethodInvocation.java:179)
	at org.springframework.aop.framework.JdkDynamicAopProxy.invoke(JdkDynamicAopProxy.java:213)
	at com.sun.proxy.$Proxy74.importAppDefinition(Unknown Source)
	at org.joget.apps.util.AppLicenseUtil.importApp(AppLicenseUtil.java:329)
	at com.sun.proxy.$Proxy74.importApp_aroundBody3$advice(Unknown Source)
	at com.sun.proxy.$Proxy74.importApp(Unknown Source)
	at org.joget.apps.app.controller.ConsoleWebController.consoleAppImportSubmit(ConsoleWebController.java:1717)
	at org.joget.apps.app.controller.ConsoleWebController$$FastClassBySpringCGLIB$$e1402d89.invoke(<generated>)
	at org.springframework.cglib.proxy.MethodProxy.invoke(MethodProxy.java:204)
	at org.springframework.aop.framework.CglibAopProxy$DynamicAdvisedInterceptor.intercept(CglibAopProxy.java:667)
	at org.joget.apps.app.controller.ConsoleWebController$$EnhancerBySpringCGLIB$$909dec9b.consoleAppImportSubmit(<generated>)
	at java.base/jdk.internal.reflect.NativeMethodAccessorImpl.invoke0(Native Method)
	at java.base/jdk.internal.reflect.NativeMethodAccessorImpl.invoke(NativeMethodAccessorImpl.java:62)
	at java.base/jdk.internal.reflect.DelegatingMethodAccessorImpl.invoke(DelegatingMethodAccessorImpl.java:43)
	at java.base/java.lang.reflect.Method.invoke(Method.java:566)
	at org.springframework.web.bind.annotation.support.HandlerMethodInvoker.invokeHandlerMethod(HandlerMethodInvoker.java:181)
	at org.springframework.web.servlet.mvc.annotation.AnnotationMethodHandlerAdapter.invokeHandlerMethod(AnnotationMethodHandlerAdapter.java:440)
	at org.springframework.web.servlet.mvc.annotation.AnnotationMethodHandlerAdapter.handle(AnnotationMethodHandlerAdapter.java:428)
	at org.joget.commons.spring.web.ParameterizedAnnotationMethodHandlerAdapter.handle(ParameterizedAnnotationMethodHandlerAdapter.java:32)
	at org.springframework.web.servlet.DispatcherServlet.doDispatch(DispatcherServlet.java:967)
	at org.springframework.web.servlet.DispatcherServlet.doService(DispatcherServlet.java:901)
	at org.springframework.web.servlet.FrameworkServlet.processRequest(FrameworkServlet.java:970)
	at org.springframework.web.servlet.FrameworkServlet.doPost(FrameworkServlet.java:872)
	at javax.servlet.http.HttpServlet.service(HttpServlet.java:661)
	at org.springframework.web.servlet.FrameworkServlet.service(FrameworkServlet.java:846)
	at javax.servlet.http.HttpServlet.service(HttpServlet.java:742)
	at org.apache.catalina.core.ApplicationFilterChain.internalDoFilter(ApplicationFilterChain.java:231)
	at org.apache.catalina.core.ApplicationFilterChain.doFilter(ApplicationFilterChain.java:166)
	at org.apache.tomcat.websocket.server.WsFilter.doFilter(WsFilter.java:52)
	at org.apache.catalina.core.ApplicationFilterChain.internalDoFilter(ApplicationFilterChain.java:193)
	at org.apache.catalina.core.ApplicationFilterChain.doFilter(ApplicationFilterChain.java:166)
	at org.joget.apps.app.web.GitRequestFilter.doFilter(GitRequestFilter.java:40)
	at org.apache.catalina.core.ApplicationFilterChain.internalDoFilter(ApplicationFilterChain.java:193)
	at org.apache.catalina.core.ApplicationFilterChain.doFilter(ApplicationFilterChain.java:166)
	at org.displaytag.filter.ResponseOverrideFilter.doFilter(ResponseOverrideFilter.java:125)
	at org.apache.catalina.core.ApplicationFilterChain.internalDoFilter(ApplicationFilterChain.java:193)
	at org.apache.catalina.core.ApplicationFilterChain.doFilter(ApplicationFilterChain.java:166)
	at org.owasp.csrfguard.CsrfGuardFilter.doFilter(CsrfGuardFilter.java:88)
	at org.apache.catalina.core.ApplicationFilterChain.internalDoFilter(ApplicationFilterChain.java:193)
	at org.apache.catalina.core.ApplicationFilterChain.doFilter(ApplicationFilterChain.java:166)
	at org.springframework.security.web.FilterChainProxy$VirtualFilterChain.doFilter(FilterChainProxy.java:317)
	at org.springframework.security.web.access.intercept.FilterSecurityInterceptor.invoke(FilterSecurityInterceptor.java:127)
	at org.springframework.security.web.access.intercept.FilterSecurityInterceptor.doFilter(FilterSecurityInterceptor.java:91)
	at org.springframework.security.web.FilterChainProxy$VirtualFilterChain.doFilter(FilterChainProxy.java:331)
	at org.springframework.security.web.access.ExceptionTranslationFilter.doFilter(ExceptionTranslationFilter.java:115)
	at org.springframework.security.web.FilterChainProxy$VirtualFilterChain.doFilter(FilterChainProxy.java:331)
	at org.springframework.security.web.session.SessionManagementFilter.doFilter(SessionManagementFilter.java:137)
	at org.springframework.security.web.FilterChainProxy$VirtualFilterChain.doFilter(FilterChainProxy.java:331)
	at org.springframework.security.web.authentication.AnonymousAuthenticationFilter.doFilter(AnonymousAuthenticationFilter.java:111)
	at org.springframework.security.web.FilterChainProxy$VirtualFilterChain.doFilter(FilterChainProxy.java:331)
	at org.springframework.security.web.savedrequest.RequestCacheAwareFilter.doFilter(RequestCacheAwareFilter.java:63)
	at org.springframework.security.web.FilterChainProxy$VirtualFilterChain.doFilter(FilterChainProxy.java:331)
	at org.springframework.security.web.authentication.AbstractAuthenticationProcessingFilter.doFilter(AbstractAuthenticationProcessingFilter.java:200)
	at org.joget.apps.workflow.security.WorkflowHttpAuthProcessingFilter.doFilter(WorkflowHttpAuthProcessingFilter.java:86)
	at org.springframework.security.web.FilterChainProxy$VirtualFilterChain.doFilter(FilterChainProxy.java:331)
	at org.springframework.security.web.authentication.www.BasicAuthenticationFilter.doFilterInternal(BasicAuthenticationFilter.java:158)
	at org.springframework.web.filter.OncePerRequestFilter.doFilter(OncePerRequestFilter.java:107)
	at org.springframework.security.web.FilterChainProxy$VirtualFilterChain.doFilter(FilterChainProxy.java:331)
	at org.springframework.security.web.authentication.AbstractAuthenticationProcessingFilter.doFilter(AbstractAuthenticationProcessingFilter.java:200)
	at org.springframework.security.web.FilterChainProxy$VirtualFilterChain.doFilter(FilterChainProxy.java:331)
	at org.springframework.security.web.authentication.logout.LogoutFilter.doFilter(LogoutFilter.java:121)
	at org.springframework.security.web.FilterChainProxy$VirtualFilterChain.doFilter(FilterChainProxy.java:331)
	at org.springframework.security.web.header.HeaderWriterFilter.doFilterInternal(HeaderWriterFilter.java:66)
	at org.springframework.web.filter.OncePerRequestFilter.doFilter(OncePerRequestFilter.java:107)
	at org.springframework.security.web.FilterChainProxy$VirtualFilterChain.doFilter(FilterChainProxy.java:331)
	at org.springframework.security.web.context.request.async.WebAsyncManagerIntegrationFilter.doFilterInternal(WebAsyncManagerIntegrationFilter.java:56)
	at org.springframework.web.filter.OncePerRequestFilter.doFilter(OncePerRequestFilter.java:107)
	at org.springframework.security.web.FilterChainProxy$VirtualFilterChain.doFilter(FilterChainProxy.java:331)
	at org.springframework.security.web.context.SecurityContextPersistenceFilter.doFilter(SecurityContextPersistenceFilter.java:105)
	at org.springframework.security.web.FilterChainProxy$VirtualFilterChain.doFilter(FilterChainProxy.java:331)
	at org.springframework.security.web.FilterChainProxy.doFilterInternal(FilterChainProxy.java:214)
	at org.springframework.security.web.FilterChainProxy.doFilter(FilterChainProxy.java:177)
	at org.springframework.web.filter.DelegatingFilterProxy.invokeDelegate(DelegatingFilterProxy.java:347)
	at org.springframework.web.filter.DelegatingFilterProxy.doFilter(DelegatingFilterProxy.java:263)
	at org.joget.commons.spring.web.CustomDelegatingFilterProxy.doFilter(CustomDelegatingFilterProxy.java:31)
	at org.apache.catalina.core.ApplicationFilterChain.internalDoFilter(ApplicationFilterChain.java:193)
	at org.apache.catalina.core.ApplicationFilterChain.doFilter(ApplicationFilterChain.java:166)
	at org.joget.apps.app.web.ExpireFilter.doFilter(ExpireFilter.java:48)
	at org.apache.catalina.core.ApplicationFilterChain.internalDoFilter(ApplicationFilterChain.java:193)
	at org.apache.catalina.core.ApplicationFilterChain.doFilter(ApplicationFilterChain.java:166)
	at org.springframework.web.filter.CharacterEncodingFilter.doFilterInternal(CharacterEncodingFilter.java:197)
	at org.springframework.web.filter.OncePerRequestFilter.doFilter(OncePerRequestFilter.java:107)
	at org.apache.catalina.core.ApplicationFilterChain.internalDoFilter(ApplicationFilterChain.java:193)
	at org.apache.catalina.core.ApplicationFilterChain.doFilter(ApplicationFilterChain.java:166)
	at org.apache.catalina.core.StandardWrapperValve.invoke(StandardWrapperValve.java:199)
	at org.apache.catalina.core.StandardContextValve.invoke(StandardContextValve.java:96)
	at org.apache.catalina.authenticator.AuthenticatorBase.invoke(AuthenticatorBase.java:493)
	at org.apache.catalina.core.StandardHostValve.invoke(StandardHostValve.java:137)
	at org.apache.catalina.valves.ErrorReportValve.invoke(ErrorReportValve.java:81)
	at org.apache.catalina.core.StandardEngineValve.invoke(StandardEngineValve.java:87)
	at org.apache.catalina.connector.CoyoteAdapter.service(CoyoteAdapter.java:343)
	at org.apache.coyote.http11.Http11Processor.service(Http11Processor.java:798)
	at org.apache.coyote.AbstractProcessorLight.process(AbstractProcessorLight.java:66)
	at org.apache.coyote.AbstractProtocol$ConnectionHandler.process(AbstractProtocol.java:808)
	at org.apache.tomcat.util.net.NioEndpoint$SocketProcessor.doRun(NioEndpoint.java:1498)
	at org.apache.tomcat.util.net.SocketProcessorBase.run(SocketProcessorBase.java:49)
	at java.base/java.util.concurrent.ThreadPoolExecutor.runWorker(ThreadPoolExecutor.java:1128)
	at java.base/java.util.concurrent.ThreadPoolExecutor$Worker.run(ThreadPoolExecutor.java:628)
	at org.apache.tomcat.util.threads.TaskThread$WrappingRunnable.run(TaskThread.java:61)
	at java.base/java.lang.Thread.run(Thread.java:834)
Caused by: org.eclipse.jgit.errors.ObjectWritingException: Unable to create new object: .\wflow\app_src\appTechnicalSupportRequest\f235c43d-0de2-4cc8-83ec-b86af791e2d6\.git\objects\8f\15db2f5c23d67c946065d8e349bb13e696fd5f
	at org.eclipse.jgit.internal.storage.file.ObjectDirectoryInserter.insertOneObject(ObjectDirectoryInserter.java:168)
	at org.eclipse.jgit.internal.storage.file.ObjectDirectoryInserter.insert(ObjectDirectoryInserter.java:148)
	at org.eclipse.jgit.internal.storage.file.ObjectDirectoryInserter.insert(ObjectDirectoryInserter.java:122)
	at org.eclipse.jgit.api.AddCommand.call(AddCommand.java:239)
	... 137 more
ERROR 23 Jun 2020 10:28:02 org.joget.apps.util.AppLicenseUtil  - org.springframework.transaction.UnexpectedRollbackException: JTA transaction unexpectedly rolled back (maybe due to a timeout); nested exception is bitronix.tm.internal.BitronixRollbackException: transaction was marked as rollback only and has been rolled back
org.springframework.transaction.UnexpectedRollbackException: JTA transaction unexpectedly rolled back (maybe due to a timeout); nested exception is bitronix.tm.internal.BitronixRollbackException: transaction was marked as rollback only and has been rolled back
	at org.springframework.transaction.jta.JtaTransactionManager.doCommit(JtaTransactionManager.java:1024)
	at org.springframework.transaction.support.AbstractPlatformTransactionManager.processCommit(AbstractPlatformTransactionManager.java:765)
	at org.springframework.transaction.support.AbstractPlatformTransactionManager.commit(AbstractPlatformTransactionManager.java:734)
	at org.springframework.transaction.interceptor.TransactionAspectSupport.commitTransactionAfterReturning(TransactionAspectSupport.java:518)
	at org.springframework.transaction.interceptor.TransactionAspectSupport.invokeWithinTransaction(TransactionAspectSupport.java:292)
	at org.springframework.transaction.interceptor.TransactionInterceptor.invoke(TransactionInterceptor.java:96)
	at org.springframework.aop.framework.ReflectiveMethodInvocation.proceed(ReflectiveMethodInvocation.java:179)
	at org.springframework.aop.framework.JdkDynamicAopProxy.invoke(JdkDynamicAopProxy.java:213)
	at com.sun.proxy.$Proxy74.importAppDefinition(Unknown Source)
	at org.joget.apps.util.AppLicenseUtil.importApp(AppLicenseUtil.java:329)
	at com.sun.proxy.$Proxy74.importApp_aroundBody3$advice(Unknown Source)
	at com.sun.proxy.$Proxy74.importApp(Unknown Source)
	at org.joget.apps.app.controller.ConsoleWebController.consoleAppImportSubmit(ConsoleWebController.java:1717)
	at org.joget.apps.app.controller.ConsoleWebController$$FastClassBySpringCGLIB$$e1402d89.invoke(<generated>)
	at org.springframework.cglib.proxy.MethodProxy.invoke(MethodProxy.java:204)
	at org.springframework.aop.framework.CglibAopProxy$DynamicAdvisedInterceptor.intercept(CglibAopProxy.java:667)
	at org.joget.apps.app.controller.ConsoleWebController$$EnhancerBySpringCGLIB$$909dec9b.consoleAppImportSubmit(<generated>)
	at java.base/jdk.internal.reflect.NativeMethodAccessorImpl.invoke0(Native Method)
	at java.base/jdk.internal.reflect.NativeMethodAccessorImpl.invoke(NativeMethodAccessorImpl.java:62)
	at java.base/jdk.internal.reflect.DelegatingMethodAccessorImpl.invoke(DelegatingMethodAccessorImpl.java:43)
	at java.base/java.lang.reflect.Method.invoke(Method.java:566)
	at org.springframework.web.bind.annotation.support.HandlerMethodInvoker.invokeHandlerMethod(HandlerMethodInvoker.java:181)
	at org.springframework.web.servlet.mvc.annotation.AnnotationMethodHandlerAdapter.invokeHandlerMethod(AnnotationMethodHandlerAdapter.java:440)
	at org.springframework.web.servlet.mvc.annotation.AnnotationMethodHandlerAdapter.handle(AnnotationMethodHandlerAdapter.java:428)
	at org.joget.commons.spring.web.ParameterizedAnnotationMethodHandlerAdapter.handle(ParameterizedAnnotationMethodHandlerAdapter.java:32)
	at org.springframework.web.servlet.DispatcherServlet.doDispatch(DispatcherServlet.java:967)
	at org.springframework.web.servlet.DispatcherServlet.doService(DispatcherServlet.java:901)
	at org.springframework.web.servlet.FrameworkServlet.processRequest(FrameworkServlet.java:970)
	at org.springframework.web.servlet.FrameworkServlet.doPost(FrameworkServlet.java:872)
	at javax.servlet.http.HttpServlet.service(HttpServlet.java:661)
	at org.springframework.web.servlet.FrameworkServlet.service(FrameworkServlet.java:846)
	at javax.servlet.http.HttpServlet.service(HttpServlet.java:742)
	at org.apache.catalina.core.ApplicationFilterChain.internalDoFilter(ApplicationFilterChain.java:231)
	at org.apache.catalina.core.ApplicationFilterChain.doFilter(ApplicationFilterChain.java:166)
	at org.apache.tomcat.websocket.server.WsFilter.doFilter(WsFilter.java:52)
	at org.apache.catalina.core.ApplicationFilterChain.internalDoFilter(ApplicationFilterChain.java:193)
	at org.apache.catalina.core.ApplicationFilterChain.doFilter(ApplicationFilterChain.java:166)
	at org.joget.apps.app.web.GitRequestFilter.doFilter(GitRequestFilter.java:40)
	at org.apache.catalina.core.ApplicationFilterChain.internalDoFilter(ApplicationFilterChain.java:193)
	at org.apache.catalina.core.ApplicationFilterChain.doFilter(ApplicationFilterChain.java:166)
	at org.displaytag.filter.ResponseOverrideFilter.doFilter(ResponseOverrideFilter.java:125)
	at org.apache.catalina.core.ApplicationFilterChain.internalDoFilter(ApplicationFilterChain.java:193)
	at org.apache.catalina.core.ApplicationFilterChain.doFilter(ApplicationFilterChain.java:166)
	at org.owasp.csrfguard.CsrfGuardFilter.doFilter(CsrfGuardFilter.java:88)
	at org.apache.catalina.core.ApplicationFilterChain.internalDoFilter(ApplicationFilterChain.java:193)
	at org.apache.catalina.core.ApplicationFilterChain.doFilter(ApplicationFilterChain.java:166)
	at org.springframework.security.web.FilterChainProxy$VirtualFilterChain.doFilter(FilterChainProxy.java:317)
	at org.springframework.security.web.access.intercept.FilterSecurityInterceptor.invoke(FilterSecurityInterceptor.java:127)
	at org.springframework.security.web.access.intercept.FilterSecurityInterceptor.doFilter(FilterSecurityInterceptor.java:91)
	at org.springframework.security.web.FilterChainProxy$VirtualFilterChain.doFilter(FilterChainProxy.java:331)
	at org.springframework.security.web.access.ExceptionTranslationFilter.doFilter(ExceptionTranslationFilter.java:115)
	at org.springframework.security.web.FilterChainProxy$VirtualFilterChain.doFilter(FilterChainProxy.java:331)
	at org.springframework.security.web.session.SessionManagementFilter.doFilter(SessionManagementFilter.java:137)
	at org.springframework.security.web.FilterChainProxy$VirtualFilterChain.doFilter(FilterChainProxy.java:331)
	at org.springframework.security.web.authentication.AnonymousAuthenticationFilter.doFilter(AnonymousAuthenticationFilter.java:111)
	at org.springframework.security.web.FilterChainProxy$VirtualFilterChain.doFilter(FilterChainProxy.java:331)
	at org.springframework.security.web.savedrequest.RequestCacheAwareFilter.doFilter(RequestCacheAwareFilter.java:63)
	at org.springframework.security.web.FilterChainProxy$VirtualFilterChain.doFilter(FilterChainProxy.java:331)
	at org.springframework.security.web.authentication.AbstractAuthenticationProcessingFilter.doFilter(AbstractAuthenticationProcessingFilter.java:200)
	at org.joget.apps.workflow.security.WorkflowHttpAuthProcessingFilter.doFilter(WorkflowHttpAuthProcessingFilter.java:86)
	at org.springframework.security.web.FilterChainProxy$VirtualFilterChain.doFilter(FilterChainProxy.java:331)
	at org.springframework.security.web.authentication.www.BasicAuthenticationFilter.doFilterInternal(BasicAuthenticationFilter.java:158)
	at org.springframework.web.filter.OncePerRequestFilter.doFilter(OncePerRequestFilter.java:107)
	at org.springframework.security.web.FilterChainProxy$VirtualFilterChain.doFilter(FilterChainProxy.java:331)
	at org.springframework.security.web.authentication.AbstractAuthenticationProcessingFilter.doFilter(AbstractAuthenticationProcessingFilter.java:200)
	at org.springframework.security.web.FilterChainProxy$VirtualFilterChain.doFilter(FilterChainProxy.java:331)
	at org.springframework.security.web.authentication.logout.LogoutFilter.doFilter(LogoutFilter.java:121)
	at org.springframework.security.web.FilterChainProxy$VirtualFilterChain.doFilter(FilterChainProxy.java:331)
	at org.springframework.security.web.header.HeaderWriterFilter.doFilterInternal(HeaderWriterFilter.java:66)
	at org.springframework.web.filter.OncePerRequestFilter.doFilter(OncePerRequestFilter.java:107)
	at org.springframework.security.web.FilterChainProxy$VirtualFilterChain.doFilter(FilterChainProxy.java:331)
	at org.springframework.security.web.context.request.async.WebAsyncManagerIntegrationFilter.doFilterInternal(WebAsyncManagerIntegrationFilter.java:56)
	at org.springframework.web.filter.OncePerRequestFilter.doFilter(OncePerRequestFilter.java:107)
	at org.springframework.security.web.FilterChainProxy$VirtualFilterChain.doFilter(FilterChainProxy.java:331)
	at org.springframework.security.web.context.SecurityContextPersistenceFilter.doFilter(SecurityContextPersistenceFilter.java:105)
	at org.springframework.security.web.FilterChainProxy$VirtualFilterChain.doFilter(FilterChainProxy.java:331)
	at org.springframework.security.web.FilterChainProxy.doFilterInternal(FilterChainProxy.java:214)
	at org.springframework.security.web.FilterChainProxy.doFilter(FilterChainProxy.java:177)
	at org.springframework.web.filter.DelegatingFilterProxy.invokeDelegate(DelegatingFilterProxy.java:347)
	at org.springframework.web.filter.DelegatingFilterProxy.doFilter(DelegatingFilterProxy.java:263)
	at org.joget.commons.spring.web.CustomDelegatingFilterProxy.doFilter(CustomDelegatingFilterProxy.java:31)
	at org.apache.catalina.core.ApplicationFilterChain.internalDoFilter(ApplicationFilterChain.java:193)
	at org.apache.catalina.core.ApplicationFilterChain.doFilter(ApplicationFilterChain.java:166)
	at org.joget.apps.app.web.ExpireFilter.doFilter(ExpireFilter.java:48)
	at org.apache.catalina.core.ApplicationFilterChain.internalDoFilter(ApplicationFilterChain.java:193)
	at org.apache.catalina.core.ApplicationFilterChain.doFilter(ApplicationFilterChain.java:166)
	at org.springframework.web.filter.CharacterEncodingFilter.doFilterInternal(CharacterEncodingFilter.java:197)
	at org.springframework.web.filter.OncePerRequestFilter.doFilter(OncePerRequestFilter.java:107)
	at org.apache.catalina.core.ApplicationFilterChain.internalDoFilter(ApplicationFilterChain.java:193)
	at org.apache.catalina.core.ApplicationFilterChain.doFilter(ApplicationFilterChain.java:166)
	at org.apache.catalina.core.StandardWrapperValve.invoke(StandardWrapperValve.java:199)
	at org.apache.catalina.core.StandardContextValve.invoke(StandardContextValve.java:96)
	at org.apache.catalina.authenticator.AuthenticatorBase.invoke(AuthenticatorBase.java:493)
	at org.apache.catalina.core.StandardHostValve.invoke(StandardHostValve.java:137)
	at org.apache.catalina.valves.ErrorReportValve.invoke(ErrorReportValve.java:81)
	at org.apache.catalina.core.StandardEngineValve.invoke(StandardEngineValve.java:87)
	at org.apache.catalina.connector.CoyoteAdapter.service(CoyoteAdapter.java:343)
	at org.apache.coyote.http11.Http11Processor.service(Http11Processor.java:798)
	at org.apache.coyote.AbstractProcessorLight.process(AbstractProcessorLight.java:66)
	at org.apache.coyote.AbstractProtocol$ConnectionHandler.process(AbstractProtocol.java:808)
	at org.apache.tomcat.util.net.NioEndpoint$SocketProcessor.doRun(NioEndpoint.java:1498)
	at org.apache.tomcat.util.net.SocketProcessorBase.run(SocketProcessorBase.java:49)
	at java.base/java.util.concurrent.ThreadPoolExecutor.runWorker(ThreadPoolExecutor.java:1128)
	at java.base/java.util.concurrent.ThreadPoolExecutor$Worker.run(ThreadPoolExecutor.java:628)
	at org.apache.tomcat.util.threads.TaskThread$WrappingRunnable.run(TaskThread.java:61)
	at java.base/java.lang.Thread.run(Thread.java:834)
Caused by: bitronix.tm.internal.BitronixRollbackException: transaction was marked as rollback only and has been rolled back
	at bitronix.tm.BitronixTransaction.commit(BitronixTransaction.java:265)
	at bitronix.tm.BitronixTransactionManager.commit(BitronixTransactionManager.java:143)
	at org.springframework.transaction.jta.JtaTransactionManager.doCommit(JtaTransactionManager.java:1021)
	... 105 more
INFO  23 Jun 2020 10:28:02 org.joget.apps.app.service.AppDevUtil  - Commit to Git repo by admin: Update app definition appTechnicalSupportRequest. _Update app config appTechnicalSupportRequest. _Add form fApprovalCCRDivisionManager. _Add form fApprovalCCRManagerQCA. _Add form fApprovalCCRMemberQCA. _Add form fApprovalCCRSectionQCA. _Add form fApprovalCIRManagerQCA. _Add form fApprovalCIRMemberQCA. _Add form fApprovalCIRSectionQCA. _Add form fApprovalCPARDivisionManager. _Add form fApprovalCPARManagerQCA. _Add form fApprovalCPARMemberQCA. _Add form fApprovalCPARSectionQCA. _Add form fApprovalNCRManagerQCA. _Add form fApprovalNCRMemberQCA. _Add form fApprovalNCRSectionQCA. _Add form fApprovalRPTRManagerQCA. _Add form fApprovalRPTRMemberQCA. _Add form fApprovalRPTRSectionQCA. _Add form fApprovalTAPManagerQCA. _Add form fApprovalTAPMemberQCA. _Add form fApprovalTAPSectionQCA. _Add form fApprovalTDRManagerQCA. _Add form fApprovalTDRMemberQCA. _Add form fApprovalTDRSectionQCA. _Add form fApprovalTSRManagerQCA. _Add form fApprovalTSRManagerSales. _Add form fApprovalTSRMemberQCA. _Add form fApprovalTSRSectionQCA. _Add form fASCProduct. _Add form fAttachmentFileNCR. _Add form fAttachmentFileTDR. _Add form fAttachmentTAP. _Add form fCCR. _Add form fCCRView. _Add form fCCRViewEnd. _Add form fChangePassword. _Add form fCIR. _Add form fCIRView. _Add form fCIRViewEnd. _Add form fCPAR. _Add form fCPARView. _Add form fCPARViewEnd. _Add form fCreateNewTDR. _Add form fCustomerCVR. _Add form fCustomerProduct. _Add form fDetailDiscussion. _Add form fLineBusiness. _Add form fNCR. _Add form fNCRView. _Add form fNCRViewEnd. _Add form fProblemCategory. _Add form fProduct. _Add form fRequestedItem. _Add form fResubmitCCRMemberQCA. _Add form fResubmitCIRMemberQCA. _Add form fResubmitCPARMemberQCA. _Add form fResubmitNCRMemberQCA. _Add form fResubmitRPTRMemberQCA. _Add form fResubmitTAPMemberQCA. _Add form fResubmitTDRMemberQCA. _Add form fResubmitTSRMemberSales. _Add form fReviewSectionCCR. _Add form fReviewSectionCPAR. _Add form fReviewSectionQCA. _Add form fRPTR. _Add form fRPTRView. _Add form fRPTRViewEnd. _Add form fSFApprovaHistoryRPTR. _Add form fSFApprovalHistory. _Add form fSFApprovalHistoryCCR. _Add form fSFApprovalHistoryCIR. _Add form fSFApprovalHistoryCPAR. _Add form fSFApprovalHistoryNCR. _Add form fSFApprovalHistoryTAP. _Add form fSFApprovalHistoryTDR. _Add form fTAP. _Add form fTAPView. _Add form fTAPViewEnd. _Add form fTDRView. _Add form fTDRViewEnd. _Add form fTechnicalSupportRequest. _Add form fTSRView. _Add form fTSRViewEnd. _Add list listAllCCR. _Add list listAllCCRDivisionManagerQCA. _Add list listAllCCRManagerQCA. _Add list listAllCCRSectionQCA. _Add list listAllCIR. _Add list listAllCIRManagerQCA. _Add list listAllCIRSectionQCA. _Add list listAllCPAR. _Add list listAllCPARDivisionManagerQCA. _Add list listAllCPARManagerQCA. _Add list listAllCPARSectionQCA. _Add list listAllNCR. _Add list listAllNCRManagerQCA. _Add list listAllNCRSectionQCA. _Add list listAllRPTR. _Add list listAllRPTRManagerQCA. _Add list listAllRPTRSectionQCA. _Add list listAllTAP. _Add list listAllTAPManagerQCA. _Add list listAllTAPSectionQCA. _Add list listAllTDR. _Add list listCustomer. _Add list listCustomerProduct. _Add list listInboxCCR. _Add list listInboxCIR. _Add list listInboxCPAR. _Add list listInboxNCR. _Add list listInboxRPTR. _Add list listInboxTAP. _Add list listInboxTDR. _Add list listInboxTSR. _Add list listProblemCategory. _Add list listProduct. _Add list listRequestedItem. _Add list listTechnicalSupportRequest. _Add userview userViewTechnicalSupportRequest. _Update xpdl appTechnicalSupportRequest. _Update package appTechnicalSupportRequest. _
