INFO    09 Jan 2025 14:26:36 PackageEventLogger - UTCTime=1736407596671,EventType=packageLoaded,PackageId=appSparepartRegistrationOnlineSystem,PackageVersion=1,EventPerformedBy=admin
INFO    09 Jan 2025 14:26:37 org.joget.apps.app.service.AppServiceImpl - Imported xpdl
INFO    09 Jan 2025 14:26:37 org.joget.apps.app.service.AppServiceImpl - Imported process form mappings : 13
INFO    09 Jan 2025 14:26:42 org.joget.apps.app.service.AppServiceImpl - Imported process tool mappings : 42
INFO    09 Jan 2025 14:26:43 org.joget.apps.app.service.AppServiceImpl - Imported process participant mappings : 11
INFO    09 Jan 2025 14:26:43 org.joget.apps.app.service.AppServiceImpl - Imported app resources files : 12
INFO    09 Jan 2025 14:26:43 org.joget.plugin.base.PluginManager - Bundle org.joget.codebuilder.plugins started
INFO    09 Jan 2025 14:26:43 org.joget.plugin.base.PluginManager - Bundle org.joget.colorAdminTheme started
INFO    09 Jan 2025 14:26:43 org.joget.plugin.base.PluginManager - Bundle org.joget.tutorial.download_pdf_datalist_action started
INFO    09 Jan 2025 14:26:44 org.joget.plugin.base.PluginManager - Bundle org.joget.marketplace.echart-menu started
INFO    09 Jan 2025 14:26:44 org.joget.plugin.base.PluginManager - Bundle org.joget.full-text-search started
INFO    09 Jan 2025 14:26:44 org.joget.plugin.base.PluginManager - Bundle org.joget.tutorial.not_permission started
INFO    09 Jan 2025 14:26:44 org.joget.plugin.base.PluginManager - Bundle org.joget.rbuilder.report_builder started
INFO    09 Jan 2025 14:26:44 org.joget.plugin.base.PluginManager - Bundle org.joget.sros-audit-trail-plugin started
INFO    09 Jan 2025 14:26:44 org.joget.plugin.base.PluginManager - Bundle id.co.asc.sros-loader-plugin started
INFO    09 Jan 2025 14:26:44 org.joget.plugin.base.PluginManager - Bundle org.joget.marketplace.status-color-datalist-formatter started
INFO    09 Jan 2025 14:26:44 org.joget.plugin.base.PluginManager - Bundle org.joget.plugin.typeahead-multiselect-datalist-filter started
INFO    09 Jan 2025 14:26:44 org.joget.apps.app.service.AppServiceImpl - Imported plugins : 11
INFO    09 Jan 2025 14:26:46 org.joget.apps.app.service.AppDevUtil - Commit to Git repo by admin: Add form fApprovalByAssistantDivisionManager. _Add form fApprovalByAssistantDivisionManagerMCV. _Add form fApprovalDepartmentManager. _Add form fApprovalDepartmentManagerMCV. _Add form fApprovalDivisionManager. _Add form fApprovalDivisionManagerMCV. _Add form fApprovalHistory. _Add form fApprovalSectionChief. _Add form fApprovalSectionChiefMCV. _Add form fApprovalStaffMCV. _Add form fGradeOfNeccessity. _Add form fManufacturer. _Add form fMaterial. _Add form fMaterialMaster. _Add form FormAssociatedTags. _Add form fPopUpAttachmentDocument. _Add form fReviseByIssuer. _Add form fSparepartCategory. _Add form fSparepartRegist. _Add form fSparepartRegistrationEdit. _Add form fSparepartRegistrationView. _Add form fSparepartRegistrationViewEnd. _Add form fStorageRecommendation. _Add form fVendor. _Add form fWelcome. _Add list listDataChartByEstimatedConsumption. _Add list listDataChartByGradeOfNecessity. _Add list listDataChartByMonth. _Add list listDataChartBySource. _Add list listDataChartByStorageRecommendation. _Add list listDataChartCategory. _Add list listDataChartMaterial. _Add list listDataGradeOfNeccessity. _Add list listDatalistSparepartUser. _Add list listDataMaterial. _Add list listDataMaterialMaster. _Add list listDataMyTask. _Add list listDataSparepartCategory. _Add list listDataStorageRecommendation. _Add list listManufaktur. _Add list listSparepart. _Add list listVendor. _Add userview dashboardSparepartRegistrationSystem. _Add userview userViewSparepartRegistrationOnlineSystem. _Add code cs-materialMaster. _Add report rp_sparepart. _Update xpdl appSparepartRegistrationOnlineSystem. _Update app config appSparepartRegistrationOnlineSystem. _Update app definition appSparepartRegistrationOnlineSystem. _
INFO    09 Jan 2025 14:30:44 org.displaytag.export.ExportViewFactory - Initializing ExportViewFactory with type={csv,excel,xml,pdf}
INFO    09 Jan 2025 14:30:44 org.displaytag.properties.TableProperties - LocaleResolver initialized to org.joget.apps.app.web.LocalLocaleResolver.
INFO    09 Jan 2025 14:54:22 org.joget.apps.app.service.AppDevUtil - Commit to Git repo by admin: Update userview userViewSparepartRegistrationOnlineSystem. _
INFO    09 Jan 2025 14:54:36 org.joget.apps.app.service.AppDevUtil - Commit to Git repo by admin: Update userview userViewSparepartRegistrationOnlineSystem. _
INFO    09 Jan 2025 15:08:39 org.joget.apps.app.service.AppServiceImpl - Importing app appSparepartRegistrationOnlineSystem ...
INFO    09 Jan 2025 15:08:39 org.joget.apps.app.service.AppDevUtil - Commit to Git repo by admin: Initial commit for appSparepartRegistrationOnlineSystem_2
INFO    09 Jan 2025 15:08:40 org.joget.apps.app.service.AppServiceImpl - Imported form definitions : 25
INFO    09 Jan 2025 15:08:40 org.joget.apps.app.service.AppServiceImpl - Imported datalist definitions : 17
INFO    09 Jan 2025 15:08:41 org.joget.apps.app.service.AppServiceImpl - Imported userview definitions : 2
INFO    09 Jan 2025 15:08:41 org.joget.apps.app.service.AppServiceImpl - Imported addon builder definitions : 2
INFO    09 Jan 2025 15:08:41 org.joget.apps.app.service.AppServiceImpl - Imported default plugin properties : 1
INFO    09 Jan 2025 15:08:41 org.joget.apps.app.service.AppServiceImpl - Imported app resources : 12
INFO    09 Jan 2025 15:08:41 PackageEventLogger - UTCTime=1736410121526,EventType=packageUpdated,PackageId=appSparepartRegistrationOnlineSystem,PackageVersion=2,EventPerformedBy=admin
INFO    09 Jan 2025 15:08:41 org.joget.apps.app.service.AppServiceImpl - Imported xpdl
INFO    09 Jan 2025 15:08:42 org.joget.apps.app.service.AppServiceImpl - Imported process form mappings : 13
INFO    09 Jan 2025 15:08:47 org.joget.apps.app.service.AppServiceImpl - Imported process tool mappings : 42
INFO    09 Jan 2025 15:08:48 org.joget.apps.app.service.AppServiceImpl - Imported process participant mappings : 11
INFO    09 Jan 2025 15:08:48 org.joget.apps.app.service.AppServiceImpl - Imported app resources files : 12
INFO    09 Jan 2025 15:08:48 org.joget.plugin.base.PluginManager - Bundle org.joget.codebuilder.plugins started
INFO    09 Jan 2025 15:08:48 org.joget.plugin.base.PluginManager - Bundle org.joget.colorAdminTheme started
INFO    09 Jan 2025 15:08:48 org.joget.plugin.base.PluginManager - Bundle org.joget.tutorial.download_pdf_datalist_action started
INFO    09 Jan 2025 15:08:48 org.joget.plugin.base.PluginManager - Bundle org.joget.marketplace.echart-menu started
INFO    09 Jan 2025 15:08:48 org.joget.plugin.base.PluginManager - Bundle org.joget.full-text-search started
INFO    09 Jan 2025 15:08:48 org.joget.plugin.base.PluginManager - Bundle org.joget.tutorial.not_permission started
INFO    09 Jan 2025 15:08:48 org.joget.plugin.base.PluginManager - Bundle org.joget.rbuilder.report_builder started
INFO    09 Jan 2025 15:08:48 org.joget.plugin.base.PluginManager - Bundle org.joget.sros-audit-trail-plugin started
INFO    09 Jan 2025 15:08:48 org.joget.plugin.base.PluginManager - Bundle id.co.asc.sros-loader-plugin started
INFO    09 Jan 2025 15:08:48 org.joget.plugin.base.PluginManager - Bundle org.joget.marketplace.status-color-datalist-formatter started
INFO    09 Jan 2025 15:08:48 org.joget.plugin.base.PluginManager - Bundle org.joget.plugin.typeahead-multiselect-datalist-filter started
INFO    09 Jan 2025 15:08:48 org.joget.apps.app.service.AppServiceImpl - Imported plugins : 11
INFO    09 Jan 2025 15:08:51 org.joget.apps.app.service.AppDevUtil - Commit to Git repo by admin: Add form fApprovalByAssistantDivisionManager. _Add form fApprovalByAssistantDivisionManagerMCV. _Add form fApprovalDepartmentManager. _Add form fApprovalDepartmentManagerMCV. _Add form fApprovalDivisionManager. _Add form fApprovalDivisionManagerMCV. _Add form fApprovalHistory. _Add form fApprovalSectionChief. _Add form fApprovalSectionChiefMCV. _Add form fApprovalStaffMCV. _Add form fGradeOfNeccessity. _Add form fManufacturer. _Add form fMaterial. _Add form fMaterialMaster. _Add form FormAssociatedTags. _Add form fPopUpAttachmentDocument. _Add form fReviseByIssuer. _Add form fSparepartCategory. _Add form fSparepartRegist. _Add form fSparepartRegistrationEdit. _Add form fSparepartRegistrationView. _Add form fSparepartRegistrationViewEnd. _Add form fStorageRecommendation. _Add form fVendor. _Add form fWelcome. _Add list listDataChartByEstimatedConsumption. _Add list listDataChartByGradeOfNecessity. _Add list listDataChartByMonth. _Add list listDataChartBySource. _Add list listDataChartByStorageRecommendation. _Add list listDataChartCategory. _Add list listDataChartMaterial. _Add list listDataGradeOfNeccessity. _Add list listDatalistSparepartUser. _Add list listDataMaterial. _Add list listDataMaterialMaster. _Add list listDataMyTask. _Add list listDataSparepartCategory. _Add list listDataStorageRecommendation. _Add list listManufaktur. _Add list listSparepart. _Add list listVendor. _Add userview dashboardSparepartRegistrationSystem. _Add userview userViewSparepartRegistrationOnlineSystem. _Add code cs-materialMaster. _Add report rp_sparepart. _Update xpdl appSparepartRegistrationOnlineSystem. _Update app config appSparepartRegistrationOnlineSystem. _Update app definition appSparepartRegistrationOnlineSystem. _
INFO    09 Jan 2025 15:09:09 org.joget.apps.app.service.AppDevUtil - Commit to Git repo by admin: Update app definition appSparepartRegistrationOnlineSystem. _Update app config appSparepartRegistrationOnlineSystem. _
INFO    09 Jan 2025 15:09:22 org.joget.apps.app.service.AppServiceImpl - Importing app appSparepartRegistrationOnlineSystem ...
INFO    09 Jan 2025 15:09:22 org.joget.apps.app.service.AppDevUtil - Commit to Git repo by admin: Initial commit for appSparepartRegistrationOnlineSystem_3
INFO    09 Jan 2025 15:09:23 org.joget.apps.app.service.AppServiceImpl - Imported form definitions : 25
INFO    09 Jan 2025 15:09:23 org.joget.apps.app.service.AppServiceImpl - Imported datalist definitions : 17
INFO    09 Jan 2025 15:09:23 org.joget.apps.app.service.AppServiceImpl - Imported userview definitions : 2
INFO    09 Jan 2025 15:09:23 org.joget.apps.app.service.AppServiceImpl - Imported addon builder definitions : 2
INFO    09 Jan 2025 15:09:23 org.joget.apps.app.service.AppServiceImpl - Imported default plugin properties : 1
INFO    09 Jan 2025 15:09:24 org.joget.apps.app.service.AppServiceImpl - Imported app resources : 12
INFO    09 Jan 2025 15:09:24 PackageEventLogger - UTCTime=1736410164363,EventType=packageUpdated,PackageId=appSparepartRegistrationOnlineSystem,PackageVersion=3,EventPerformedBy=admin
INFO    09 Jan 2025 15:09:24 org.joget.apps.app.service.AppServiceImpl - Imported xpdl
INFO    09 Jan 2025 15:09:24 org.joget.apps.app.service.AppServiceImpl - Imported process form mappings : 13
INFO    09 Jan 2025 15:09:30 org.joget.apps.app.service.AppServiceImpl - Imported process tool mappings : 42
INFO    09 Jan 2025 15:09:31 org.joget.apps.app.service.AppServiceImpl - Imported process participant mappings : 11
INFO    09 Jan 2025 15:09:33 org.joget.apps.app.service.AppDevUtil - Commit to Git repo by admin: Add form fApprovalByAssistantDivisionManager. _Add form fApprovalByAssistantDivisionManagerMCV. _Add form fApprovalDepartmentManager. _Add form fApprovalDepartmentManagerMCV. _Add form fApprovalDivisionManager. _Add form fApprovalDivisionManagerMCV. _Add form fApprovalHistory. _Add form fApprovalSectionChief. _Add form fApprovalSectionChiefMCV. _Add form fApprovalStaffMCV. _Add form fGradeOfNeccessity. _Add form fManufacturer. _Add form fMaterial. _Add form fMaterialMaster. _Add form FormAssociatedTags. _Add form fPopUpAttachmentDocument. _Add form fReviseByIssuer. _Add form fSparepartCategory. _Add form fSparepartRegist. _Add form fSparepartRegistrationEdit. _Add form fSparepartRegistrationView. _Add form fSparepartRegistrationViewEnd. _Add form fStorageRecommendation. _Add form fVendor. _Add form fWelcome. _Add list listDataChartByEstimatedConsumption. _Add list listDataChartByGradeOfNecessity. _Add list listDataChartByMonth. _Add list listDataChartBySource. _Add list listDataChartByStorageRecommendation. _Add list listDataChartCategory. _Add list listDataChartMaterial. _Add list listDataGradeOfNeccessity. _Add list listDatalistSparepartUser. _Add list listDataMaterial. _Add list listDataMaterialMaster. _Add list listDataMyTask. _Add list listDataSparepartCategory. _Add list listDataStorageRecommendation. _Add list listManufaktur. _Add list listSparepart. _Add list listVendor. _Add userview dashboardSparepartRegistrationSystem. _Add userview userViewSparepartRegistrationOnlineSystem. _Add code cs-materialMaster. _Add report rp_sparepart. _Update xpdl appSparepartRegistrationOnlineSystem. _Update app config appSparepartRegistrationOnlineSystem. _Update app definition appSparepartRegistrationOnlineSystem. _
INFO    09 Jan 2025 15:09:40 org.joget.apps.app.service.AppDevUtil - Commit to Git repo by admin: Update app definition appSparepartRegistrationOnlineSystem. _Update app config appSparepartRegistrationOnlineSystem. _
INFO    09 Jan 2025 16:57:33 org.joget.apps.app.service.AppDevUtil - Commit to Git repo by wendy: Update userview userViewSparepartRegistrationOnlineSystem. _
INFO    09 Jan 2025 16:59:52 org.joget.apps.app.service.AppDevUtil - Commit to Git repo by wendy: Update userview userViewSparepartRegistrationOnlineSystem. _
INFO    10 Jan 2025 09:08:39 org.displaytag.export.ExportViewFactory - Initializing ExportViewFactory with type={csv,excel,xml,pdf}
INFO    10 Jan 2025 09:08:39 org.displaytag.properties.TableProperties - LocaleResolver initialized to org.joget.apps.app.web.LocalLocaleResolver.
INFO    13 Jan 2025 09:00:53 org.displaytag.export.ExportViewFactory - Initializing ExportViewFactory with type={csv,excel,xml,pdf}
INFO    13 Jan 2025 09:00:53 org.displaytag.properties.TableProperties - LocaleResolver initialized to org.joget.apps.app.web.LocalLocaleResolver.
INFO    13 Jan 2025 09:40:01 org.joget.apps.workflow.security.WorkflowAuthenticationProvider - Authentication for user windy (182.253.194.45) : false
INFO    13 Jan 2025 09:40:15 org.joget.apps.workflow.security.WorkflowAuthenticationProvider - Authentication for user windy (182.253.194.45) : false
INFO    13 Jan 2025 09:40:23 org.joget.apps.workflow.security.WorkflowAuthenticationProvider - Authentication for user windy (182.253.194.45) : false
INFO    13 Jan 2025 09:40:31 org.joget.apps.workflow.security.WorkflowAuthenticationProvider - Authentication for user admin (182.253.194.45) : true
INFO    13 Jan 2025 10:06:01 org.joget.apps.workflow.security.WorkflowAuthenticationProvider - Authentication for user Wendy (182.253.194.45) : true
INFO    13 Jan 2025 10:42:29 org.joget.apps.workflow.security.WorkflowAuthenticationProvider - Authentication for user wendy (103.109.203.166) : true
INFO    13 Jan 2025 11:21:54 PackageEventLogger - UTCTime=1736742114924,EventType=packageUpdated,PackageId=appSparepartRegistrationOnlineSystem,PackageVersion=4,EventPerformedBy=wendy
INFO    13 Jan 2025 11:22:03 org.joget.apps.app.service.AppServiceImpl$1 - Updating running processes for appSparepartRegistrationOnlineSystem from 3 to 4
INFO    13 Jan 2025 11:22:03 org.joget.apps.app.service.AppServiceImpl$1 - Completed updating running processes for appSparepartRegistrationOnlineSystem from 3 to 4
INFO    13 Jan 2025 11:22:04 PackageEventLogger - UTCTime=1736742124426,EventType=packageUnloaded,PackageId=appSparepartRegistrationOnlineSystem,PackageVersion=1,EventPerformedBy=wendy
INFO    13 Jan 2025 11:22:04 PackageEventLogger - UTCTime=1736742124740,EventType=packageUnloaded,PackageId=appSparepartRegistrationOnlineSystem,PackageVersion=3,EventPerformedBy=wendy
INFO    13 Jan 2025 11:22:05 org.joget.apps.app.service.AppDevUtil - Commit to Git repo by wendy: Update app definition appSparepartRegistrationOnlineSystem. _Update app config appSparepartRegistrationOnlineSystem. _Update package appSparepartRegistrationOnlineSystem. _Update xpdl appSparepartRegistrationOnlineSystem. _
INFO    13 Jan 2025 11:22:43 org.joget.apps.app.service.AppDevUtil - Commit to Git repo by wendy: Update package appSparepartRegistrationOnlineSystem. _
INFO    13 Jan 2025 11:23:01 org.joget.apps.app.service.AppDevUtil - Commit to Git repo by wendy: Update package appSparepartRegistrationOnlineSystem. _
INFO    13 Jan 2025 11:23:05 org.joget.apps.app.service.AppDevUtil - Commit to Git repo by wendy: Update package appSparepartRegistrationOnlineSystem. _
INFO    13 Jan 2025 11:24:40 org.joget.apps.app.service.AppDevUtil - Commit to Git repo by wendy: Update userview userViewSparepartRegistrationOnlineSystem. _
INFO    13 Jan 2025 11:26:56 org.joget.apps.app.service.AppDevUtil - Commit to Git repo by wendy: Update package appSparepartRegistrationOnlineSystem. _
INFO    13 Jan 2025 11:26:57 org.joget.apps.app.service.AppDevUtil - Git is locked. Wait 100ms...
INFO    13 Jan 2025 11:26:57 org.joget.apps.app.service.AppDevUtil - Git is locked. Wait 100ms...
INFO    13 Jan 2025 11:26:58 org.joget.apps.app.service.AppDevUtil - Commit to Git repo by wendy: Update package appSparepartRegistrationOnlineSystem. _
INFO    13 Jan 2025 11:28:24 org.joget.apps.app.service.AppDevUtil - Commit to Git repo by wendy: Update userview userViewSparepartRegistrationOnlineSystem. _
INFO    13 Jan 2025 11:29:09 org.joget.apps.app.service.AppDevUtil - Commit to Git repo by wendy: Update userview userViewSparepartRegistrationOnlineSystem. _
INFO    13 Jan 2025 11:31:07 org.joget.apps.app.service.AppDevUtil - Commit to Git repo by wendy: Add form fMaterialMasterProcess. _
INFO    13 Jan 2025 11:39:49 org.joget.apps.app.service.AppDevUtil - Commit to Git repo by wendy: Update form fMaterialMasterProcess. _
INFO    13 Jan 2025 11:40:10 org.joget.apps.app.service.AppDevUtil - Commit to Git repo by wendy: Update package appSparepartRegistrationOnlineSystem. _
INFO    13 Jan 2025 11:42:04 org.joget.apps.workflow.security.WorkflowAuthenticationProvider - Authentication for user admin (182.253.194.45) : true
INFO    13 Jan 2025 11:42:42 org.joget.workflow.shark.WorkflowAssignmentManager - [processId=4838_appSparepartRegistrationOnlineSystem_inventoryRegistration, processDefId=appSparepartRegistrationOnlineSystem#4#inventoryRegistration, participantId=participant2, next user=[wendy]]
INFO    13 Jan 2025 11:49:54 org.joget.apps.app.service.AppDevUtil - Commit to Git repo by wendy: Update userview userViewSparepartRegistrationOnlineSystem. _
INFO    13 Jan 2025 11:50:44 org.joget.workflow.shark.WorkflowAssignmentManager - [processId=4839_appSparepartRegistrationOnlineSystem_inventoryRegistration, processDefId=appSparepartRegistrationOnlineSystem#4#inventoryRegistration, participantId=participant2, next user=[wendy]]
INFO    13 Jan 2025 13:23:21 org.joget.apps.workflow.security.WorkflowAuthenticationProvider - Authentication for user wendy (182.253.194.45) : true
INFO    13 Jan 2025 13:31:19 org.joget.apps.app.service.AppDevUtil - Commit to Git repo by wendy: Add form reviewBySectionChief. _
INFO    13 Jan 2025 13:31:19 org.joget.apps.app.service.AppDevUtil - Git is locked. Wait 100ms...
INFO    13 Jan 2025 13:31:19 org.joget.apps.app.service.AppDevUtil - Git is locked. Wait 100ms...
INFO    13 Jan 2025 13:31:19 org.joget.apps.app.service.AppDevUtil - Git is locked. Wait 100ms...
INFO    13 Jan 2025 13:31:19 org.joget.apps.app.service.AppDevUtil - Git is locked. Wait 100ms...
INFO    13 Jan 2025 13:31:19 org.joget.apps.app.service.AppDevUtil - Git is locked. Wait 100ms...
INFO    13 Jan 2025 13:31:19 org.joget.apps.app.service.AppDevUtil - Git is locked. Wait 100ms...
INFO    13 Jan 2025 13:38:56 org.joget.apps.app.service.AppDevUtil - Commit to Git repo by wendy: Update form reviewBySectionChief. _
INFO    13 Jan 2025 13:44:49 PackageEventLogger - UTCTime=1736750689039,EventType=packageUpdated,PackageId=appSparepartRegistrationOnlineSystem,PackageVersion=5,EventPerformedBy=wendy
INFO    13 Jan 2025 13:44:52 org.joget.apps.app.service.AppServiceImpl$1 - Updating running processes for appSparepartRegistrationOnlineSystem from 4 to 5
INFO    13 Jan 2025 13:44:52 org.joget.apps.app.service.AppServiceImpl - Migrating Process Instance ID [4838_appSparepartRegistrationOnlineSystem_inventoryRegistration, 4839_appSparepartRegistrationOnlineSystem_inventoryRegistration] to new process version 5.
INFO    13 Jan 2025 13:44:52 org.joget.apps.app.service.AppServiceImpl$1 - Completed updating running processes for appSparepartRegistrationOnlineSystem from 4 to 5
INFO    13 Jan 2025 13:44:52 PackageEventLogger - UTCTime=1736750692802,EventType=packageUnloaded,PackageId=appSparepartRegistrationOnlineSystem,PackageVersion=4,EventPerformedBy=wendy
INFO    13 Jan 2025 13:44:53 org.joget.apps.app.service.AppDevUtil - Commit to Git repo by wendy: Update app definition appSparepartRegistrationOnlineSystem. _Update package appSparepartRegistrationOnlineSystem. _Update xpdl appSparepartRegistrationOnlineSystem. _
INFO    13 Jan 2025 13:46:45 org.joget.apps.app.service.AppDevUtil - Commit to Git repo by wendy: Update form reviewBySectionChief. _
INFO    13 Jan 2025 13:47:25 org.joget.apps.app.service.AppDevUtil - Commit to Git repo by wendy: Update package appSparepartRegistrationOnlineSystem. _
INFO    13 Jan 2025 13:55:34 org.joget.apps.app.service.AppDevUtil - Commit to Git repo by wendy: Update form fMaterialMasterProcess. _
INFO    13 Jan 2025 13:58:43 org.joget.apps.app.service.AppDevUtil - Commit to Git repo by wendy: Add list list_fMaterialMasterProcess. _
INFO    13 Jan 2025 14:00:51 org.joget.plugin.base.PluginManager - Bundle id.co.itasoft.asc.wms.plugin.ASC-WMS-FormValidator started
INFO    13 Jan 2025 14:00:51 org.joget.plugin.base.PluginManager - wendy installed plugin (ASC-WMS-FormValidator-1.0-SNAPSHOT.jar).
INFO    13 Jan 2025 14:05:11 org.joget.apps.app.service.AppDevUtil - Commit to Git repo by wendy: Update list list_fMaterialMasterProcess. _
INFO    13 Jan 2025 14:06:08 org.joget.apps.app.service.AppDevUtil - Commit to Git repo by wendy: Update userview userViewSparepartRegistrationOnlineSystem. _
INFO    13 Jan 2025 14:11:50 org.joget.apps.app.service.AppDevUtil - Commit to Git repo by wendy: Update form reviewBySectionChief. _
INFO    13 Jan 2025 14:11:52 org.joget.workflow.shark.WorkflowAssignmentManager - [processId=4839_appSparepartRegistrationOnlineSystem_inventoryRegistration, processDefId=appSparepartRegistrationOnlineSystem#5#inventoryRegistration, participantId=staff, next user=[wendy]]
INFO    13 Jan 2025 14:12:52 org.joget.apps.app.service.AppDevUtil - Commit to Git repo by wendy: Update package appSparepartRegistrationOnlineSystem. _
INFO    13 Jan 2025 14:20:00 org.joget.apps.app.service.AppDevUtil - Commit to Git repo by wendy: Add form auditTrails. _
INFO    13 Jan 2025 14:20:01 org.joget.apps.app.service.AppDevUtil - Git is locked. Wait 100ms...
INFO    13 Jan 2025 14:20:01 org.joget.apps.app.service.AppDevUtil - Git is locked. Wait 100ms...
INFO    13 Jan 2025 14:20:01 org.joget.apps.app.service.AppDevUtil - Git is locked. Wait 100ms...
INFO    13 Jan 2025 14:20:01 org.joget.apps.app.service.AppDevUtil - Git is locked. Wait 100ms...
INFO    13 Jan 2025 14:22:58 org.joget.apps.app.service.AppDevUtil - Commit to Git repo by wendy: Update form auditTrails. _
INFO    13 Jan 2025 14:23:51 org.joget.apps.app.service.AppDevUtil - Commit to Git repo by wendy: Update form fMaterialMasterProcess. _
INFO    13 Jan 2025 14:25:09 org.joget.apps.app.service.AppDevUtil - Commit to Git repo by wendy: Update form fMaterialMasterProcess. _
INFO    13 Jan 2025 14:27:05 org.joget.apps.app.service.AppDevUtil - Commit to Git repo by wendy: Update form fMaterialMasterProcess. _
INFO    13 Jan 2025 14:30:21 org.joget.apps.app.service.AppDevUtil - Commit to Git repo by wendy: Update form fMaterialMasterProcess. _
INFO    13 Jan 2025 14:37:29 org.joget.plugin.base.PluginManager - Bundle id.co.itasoft.asc.wms.plugin.ASC-WMS-FormValidator started
INFO    13 Jan 2025 14:37:29 org.joget.plugin.base.PluginManager - wendy installed plugin (ASC-WMS-FormValidator-1.0-SNAPSHOT.jar).
INFO    13 Jan 2025 14:39:23 org.joget.plugin.base.PluginManager - Bundle id.co.itasoft.asc.wms.plugin.ASC-WMS-FormValidator started
INFO    13 Jan 2025 14:39:23 org.joget.plugin.base.PluginManager - wendy installed plugin (ASC-WMS-FormValidator-1.0-SNAPSHOT.jar).
INFO    13 Jan 2025 14:39:29 ASC - Form Validator - Check Validate Material - A193-B7 FULL-THD W/A194-2H HVY HEX NUT
INFO    13 Jan 2025 14:39:29 ASC - Form Validator - Check Validate Material - 1/2B X 12MM
INFO    13 Jan 2025 14:39:48 ASC - Form Validator - Check Validate Material - A193-B7 FULL-THD W/A194-2H HVY HEX NUT
INFO    13 Jan 2025 14:39:48 ASC - Form Validator - Check Validate Material - 1/2B X 12MM
INFO    13 Jan 2025 14:40:32 org.joget.plugin.base.PluginManager - Bundle id.co.itasoft.asc.wms.plugin.ASC-WMS-FormValidator started
INFO    13 Jan 2025 14:40:32 org.joget.plugin.base.PluginManager - wendy installed plugin (ASC-WMS-FormValidator-1.0-SNAPSHOT.jar).
INFO    13 Jan 2025 14:40:36 ASC - Form Validator - Check Validate Material - A193-B7 FULL-THD W/A194-2H HVY HEX NUT
INFO    13 Jan 2025 14:40:36 ASC - Form Validator - Check Validate Material - 1/2B X 12MM
INFO    13 Jan 2025 14:40:36 ASC - Form Validator - Check Validate Material - true
INFO    13 Jan 2025 14:44:17 org.joget.plugin.base.PluginManager - Bundle id.co.itasoft.asc.wms.plugin.ASC-WMS-FormValidator started
INFO    13 Jan 2025 14:44:17 org.joget.plugin.base.PluginManager - wendy installed plugin (ASC-WMS-FormValidator-1.0-SNAPSHOT.jar).
INFO    13 Jan 2025 14:44:28 ASC - Form Validator - Check Validate Material - A193-B7 FULL-THD W/A194-2H HVY HEX NUT
INFO    13 Jan 2025 14:44:28 ASC - Form Validator - Check Validate Material - 1/2B X 12MM
INFO    13 Jan 2025 14:44:28 ASC - Form Validator - Check Validate Material - true
INFO    13 Jan 2025 14:45:11 org.joget.plugin.base.PluginManager - Bundle id.co.itasoft.asc.wms.plugin.ASC-WMS-FormValidator started
INFO    13 Jan 2025 14:45:11 org.joget.plugin.base.PluginManager - wendy installed plugin (ASC-WMS-FormValidator-1.0-SNAPSHOT.jar).
INFO    13 Jan 2025 14:45:19 ASC - Form Validator - Check Validate Material - A193-B7 FULL-THD W/A194-2H HVY HEX NUT
INFO    13 Jan 2025 14:45:19 ASC - Form Validator - Check Validate Material - 1/2B X 12MM
INFO    13 Jan 2025 14:45:19 ASC - Form Validator - Check Validate Material - true
INFO    13 Jan 2025 14:45:23 ASC - Form Validator - Check Validate Material - A193-B7 FULL-THD W/A194-2H HVY HEX NUT
INFO    13 Jan 2025 14:45:23 ASC - Form Validator - Check Validate Material - 1/2B X 12MM
INFO    13 Jan 2025 14:45:23 ASC - Form Validator - Check Validate Material - true
INFO    13 Jan 2025 14:45:50 org.joget.plugin.base.PluginManager - Bundle id.co.itasoft.asc.wms.plugin.ASC-WMS-FormValidator started
INFO    13 Jan 2025 14:45:50 org.joget.plugin.base.PluginManager - wendy installed plugin (ASC-WMS-FormValidator-1.0-SNAPSHOT.jar).
INFO    13 Jan 2025 14:45:55 ASC - Form Validator - Check Validate Material - A193-B7 FULL-THD W/A194-2H HVY HEX NUT
INFO    13 Jan 2025 14:45:55 ASC - Form Validator - Check Validate Material - 1/2B X 12MM
INFO    13 Jan 2025 14:45:55 ASC - Form Validator - Check Validate Material - true
INFO    13 Jan 2025 14:45:57 ASC - Form Validator - Check Validate Material - A193-B7 FULL-THD W/A194-2H HVY HEX NUT
INFO    13 Jan 2025 14:45:57 ASC - Form Validator - Check Validate Material - 1/2B X 12MM
INFO    13 Jan 2025 14:45:57 ASC - Form Validator - Check Validate Material - true
INFO    13 Jan 2025 14:46:06 ASC - Form Validator - Check Validate Material - A193-B7 FULL-THD W/A194-2H HVY HEX NUT
INFO    13 Jan 2025 14:46:06 ASC - Form Validator - Check Validate Material - 1/2B X 4MM
INFO    13 Jan 2025 14:46:06 ASC - Form Validator - Check Validate Material - true
INFO    13 Jan 2025 14:46:35 ASC - Form Validator - Check Validate Material - 12312412312412312412314123
INFO    13 Jan 2025 14:46:35 ASC - Form Validator - Check Validate Material - 12314123sdfawd123
INFO    13 Jan 2025 14:46:35 ASC - Form Validator - Check Validate Material - true
INFO    13 Jan 2025 14:47:15 org.joget.plugin.base.PluginManager - Bundle id.co.itasoft.asc.wms.plugin.ASC-WMS-FormValidator started
INFO    13 Jan 2025 14:47:15 org.joget.plugin.base.PluginManager - wendy installed plugin (ASC-WMS-FormValidator-1.0-SNAPSHOT.jar).
INFO    13 Jan 2025 14:47:39 ASC - Form Validator - Check Validate Material - adfou 98q237yr iou awf
INFO    13 Jan 2025 14:47:39 ASC - Form Validator - Check Validate Material - 1/2B X 60MMasfadg asddgf
INFO    13 Jan 2025 14:47:39 ASC - Form Validator - Check Validate Material - true
INFO    13 Jan 2025 14:47:39 org.joget.workflow.shark.WorkflowAssignmentManager - [processId=4840_appSparepartRegistrationOnlineSystem_inventoryRegistration, processDefId=appSparepartRegistrationOnlineSystem#5#inventoryRegistration, participantId=participant2, next user=[wendy]]
INFO    13 Jan 2025 14:52:42 ASC - Form Validator - Check Validate Material - STUD THUNDER BOLT AND NUT C/S GO 100CC Ulta Ray Tracing
INFO    13 Jan 2025 14:52:42 ASC - Form Validator - Check Validate Material - 2/2B X 32MM
INFO    13 Jan 2025 14:52:42 ASC - Form Validator - Check Validate Material - true
INFO    13 Jan 2025 14:52:43 org.joget.workflow.shark.WorkflowAssignmentManager - [processId=4841_appSparepartRegistrationOnlineSystem_inventoryRegistration, processDefId=appSparepartRegistrationOnlineSystem#5#inventoryRegistration, participantId=participant2, next user=[wendy]]
INFO    13 Jan 2025 14:53:32 ASC - Form Validator - Check Validate Material - A193-B7 FULL-THD W/A194-2H HVY HEX NUT
INFO    13 Jan 2025 14:53:32 ASC - Form Validator - Check Validate Material - 1/2B X 60MM
INFO    13 Jan 2025 14:53:32 ASC - Form Validator - Check Validate Material - true
INFO    13 Jan 2025 14:53:33 org.joget.workflow.shark.WorkflowAssignmentManager - [processId=4842_appSparepartRegistrationOnlineSystem_inventoryRegistration, processDefId=appSparepartRegistrationOnlineSystem#5#inventoryRegistration, participantId=participant2, next user=[wendy]]
INFO    13 Jan 2025 14:57:19 ASC - Form Validator - Check Validate Material - A193-B7 FULL-THD W/A194-2H HVY HEX NUT
INFO    13 Jan 2025 14:57:19 ASC - Form Validator - Check Validate Material - 1/2B X 60MM
INFO    13 Jan 2025 14:57:19 ASC - Form Validator - Check Validate Material - true
INFO    13 Jan 2025 14:57:20 org.joget.workflow.shark.WorkflowAssignmentManager - [processId=4843_appSparepartRegistrationOnlineSystem_inventoryRegistration, processDefId=appSparepartRegistrationOnlineSystem#5#inventoryRegistration, participantId=participant2, next user=[wendy]]
INFO    13 Jan 2025 15:00:46 ASC - Form Validator - Check Validate Material - 22
INFO    13 Jan 2025 15:00:46 ASC - Form Validator - Check Validate Material - 222
INFO    13 Jan 2025 15:00:46 ASC - Form Validator - Check Validate Material - true
INFO    13 Jan 2025 15:00:47 org.joget.workflow.shark.WorkflowAssignmentManager - [processId=4844_appSparepartRegistrationOnlineSystem_inventoryRegistration, processDefId=appSparepartRegistrationOnlineSystem#5#inventoryRegistration, participantId=participant2, next user=[wendy]]
INFO    13 Jan 2025 15:01:57 org.joget.apps.app.service.AppDevUtil - Commit to Git repo by wendy: Update list list_fMaterialMasterProcess. _
INFO    13 Jan 2025 15:09:40 org.joget.apps.app.service.AppDevUtil - Commit to Git repo by wendy: Update form fMaterialMasterProcess. _
INFO    13 Jan 2025 15:14:30 org.joget.plugin.base.PluginManager - Bundle id.co.itasoft.asc.wms.plugin.ASC-WMS-FormValidator started
INFO    13 Jan 2025 15:14:31 org.joget.plugin.base.PluginManager - wendy installed plugin (ASC-WMS-FormValidator-1.0-SNAPSHOT.jar).
INFO    13 Jan 2025 15:15:07 ASC - Form Validator - Check Validate Material - STUD THUNDER BOLT AND NUT C/S
INFO    13 Jan 2025 15:15:07 ASC - Form Validator - Check Validate Material - 1/2B X 60MM
INFO    13 Jan 2025 15:15:08 org.joget.workflow.shark.WorkflowAssignmentManager - [processId=4845_appSparepartRegistrationOnlineSystem_inventoryRegistration, processDefId=appSparepartRegistrationOnlineSystem#5#inventoryRegistration, participantId=participant2, next user=[wendy]]
INFO    13 Jan 2025 15:15:56 ASC - Form Validator - Check Validate Material - STUD THUNDER BOLT AND NUT C/S
INFO    13 Jan 2025 15:15:56 ASC - Form Validator - Check Validate Material - 1/2B X 60MM
INFO    13 Jan 2025 15:15:57 org.joget.workflow.shark.WorkflowAssignmentManager - [processId=4846_appSparepartRegistrationOnlineSystem_inventoryRegistration, processDefId=appSparepartRegistrationOnlineSystem#5#inventoryRegistration, participantId=participant2, next user=[wendy]]
INFO    13 Jan 2025 15:21:34 org.joget.plugin.base.PluginManager - Bundle id.co.itasoft.asc.wms.plugin.ASC-WMS-FormValidator started
INFO    13 Jan 2025 15:21:35 org.joget.plugin.base.PluginManager - wendy installed plugin (ASC-WMS-FormValidator-1.0-SNAPSHOT.jar).
INFO    13 Jan 2025 15:22:38 ASC - Form Validator - Check Validate Material - STUD THUNDER BOLT AND NUT C/S
INFO    13 Jan 2025 15:22:38 ASC - Form Validator - Check Validate Material - 1/2B X 60MM
INFO    13 Jan 2025 15:22:38 result data  - 0
INFO    13 Jan 2025 15:22:39 org.joget.workflow.shark.WorkflowAssignmentManager - [processId=4847_appSparepartRegistrationOnlineSystem_inventoryRegistration, processDefId=appSparepartRegistrationOnlineSystem#5#inventoryRegistration, participantId=participant2, next user=[wendy]]
INFO    13 Jan 2025 15:29:47 org.joget.plugin.base.PluginManager - Bundle id.co.itasoft.asc.wms.plugin.ASC-WMS-FormValidator started
INFO    13 Jan 2025 15:29:47 org.joget.plugin.base.PluginManager - wendy installed plugin (ASC-WMS-FormValidator-1.0-SNAPSHOT.jar).
INFO    13 Jan 2025 15:31:07 ASC - Form Validator - Check Validate Material - STUD BOLT AND NUT C/S
INFO    13 Jan 2025 15:31:07 ASC - Form Validator - Check Validate Material - 1/2B X 60MM
INFO    13 Jan 2025 15:31:07 result data  - 0
INFO    13 Jan 2025 15:31:07 org.joget.workflow.shark.WorkflowAssignmentManager - [processId=4848_appSparepartRegistrationOnlineSystem_inventoryRegistration, processDefId=appSparepartRegistrationOnlineSystem#5#inventoryRegistration, participantId=participant2, next user=[wendy]]
INFO    13 Jan 2025 15:31:27 ASC - Form Validator - Check Validate Material - STUD BOLT AND NUT C/S
INFO    13 Jan 2025 15:31:27 ASC - Form Validator - Check Validate Material - 1/2B X 60MM
INFO    13 Jan 2025 15:31:27 result data  - 1
INFO    13 Jan 2025 15:32:51 ASC - Form Validator - Check Validate Material - STUD BOLT AND NUT C/S
INFO    13 Jan 2025 15:32:51 ASC - Form Validator - Check Validate Material - 1/2B X 60MM
INFO    13 Jan 2025 15:32:51 result data  - 1
INFO    13 Jan 2025 15:33:05 ASC - Form Validator - Check Validate Material - STUD BOLT AND NUT C/S
INFO    13 Jan 2025 15:33:05 ASC - Form Validator - Check Validate Material - 1/2B X 61MM
INFO    13 Jan 2025 15:33:05 result data  - 0
INFO    13 Jan 2025 15:34:06 ASC - Form Validator - Check Validate Material - STUD BOLT AND NUT C/S
INFO    13 Jan 2025 15:34:06 ASC - Form Validator - Check Validate Material - 1/2B X 60MM
INFO    13 Jan 2025 15:34:06 result data  - 1
INFO    13 Jan 2025 15:36:35 ASC - Form Validator - Check Validate Material - STUD BOLT AND NUT C/S
INFO    13 Jan 2025 15:36:35 ASC - Form Validator - Check Validate Material - 1/2B X 70MM
INFO    13 Jan 2025 15:36:35 result data  - 0
INFO    13 Jan 2025 15:36:58 ASC - Form Validator - Check Validate Material - STUD BOLT AND NUT C/S
INFO    13 Jan 2025 15:36:58 ASC - Form Validator - Check Validate Material - 1/2B X 60MM
INFO    13 Jan 2025 15:36:58 result data  - 1
INFO    13 Jan 2025 15:39:01 org.joget.apps.app.service.AppDevUtil - Commit to Git repo by wendy: Update form fMaterialMasterProcess. _
INFO    13 Jan 2025 15:56:06 org.joget.plugin.base.PluginManager - Bundle id.co.itasoft.asc.wms.plugin.ASC-WMS-FormValidator started
INFO    13 Jan 2025 15:56:06 org.joget.plugin.base.PluginManager - wendy installed plugin (ASC-WMS-FormValidator-1.0-SNAPSHOT.jar).
INFO    13 Jan 2025 15:57:47 ASC - Form Validator - Check Validate Material - STUD THUNDER BOLT AND NUT C/S
INFO    13 Jan 2025 15:57:47 ASC - Form Validator - Check Validate Material - 1/2B X 20MM
INFO    13 Jan 2025 15:58:31 ASC - Form Validator - Check Validate Material - STUD THUNDER BOLT AND NUT C/S 1000CC
INFO    13 Jan 2025 15:58:31 ASC - Form Validator - Check Validate Material - 1/2B X 30MM
INFO    13 Jan 2025 15:58:31 org.joget.workflow.shark.WorkflowAssignmentManager - [processId=4849_appSparepartRegistrationOnlineSystem_inventoryRegistration, processDefId=appSparepartRegistrationOnlineSystem#5#inventoryRegistration, participantId=participant2, next user=[wendy]]
INFO    13 Jan 2025 15:59:08 ASC - Form Validator - Check Validate Material - STUD THUNDER BOLT AND NUT C/S 1000CC
INFO    13 Jan 2025 15:59:08 ASC - Form Validator - Check Validate Material - 1/2B X 30MM
INFO    13 Jan 2025 16:22:21 org.joget.apps.app.service.AppDevUtil - Commit to Git repo by wendy: Add form invAuditTrails. _
INFO    13 Jan 2025 16:22:21 org.joget.apps.app.service.AppDevUtil - Git is locked. Wait 100ms...
INFO    13 Jan 2025 16:22:21 org.joget.apps.app.service.AppDevUtil - Git is locked. Wait 100ms...
INFO    13 Jan 2025 16:22:21 org.joget.apps.app.service.AppDevUtil - Git is locked. Wait 100ms...
INFO    13 Jan 2025 16:36:09 org.joget.apps.app.service.AppDevUtil - Commit to Git repo by wendy: Update form invAuditTrails. _
INFO    13 Jan 2025 16:40:58 org.joget.apps.app.service.AppDevUtil - Commit to Git repo by wendy: Update form invAuditTrails. _
INFO    13 Jan 2025 16:42:26 org.joget.apps.app.service.AppDevUtil - Commit to Git repo by wendy: Update form invAuditTrails. _
INFO    13 Jan 2025 17:00:25 ASC - Form Validator - Check Validate Material - STUD BOLT AND NUT C/S
INFO    13 Jan 2025 17:00:25 ASC - Form Validator - Check Validate Material - 1/2B X 60MM
INFO    13 Jan 2025 17:00:53 org.joget.apps.app.service.AppDevUtil - Commit to Git repo by wendy: Update form invAuditTrails. _
INFO    13 Jan 2025 17:00:57 org.joget.apps.app.service.AppDevUtil - Commit to Git repo by wendy: Update form fMaterialMasterProcess. _
INFO    13 Jan 2025 17:02:47 org.joget.apps.app.service.AppDevUtil - Commit to Git repo by wendy: Update form fMaterialMasterProcess. _
INFO    13 Jan 2025 17:04:23 org.joget.apps.app.service.AppDevUtil - Commit to Git repo by wendy: Update form fMaterialMasterProcess. _
INFO    13 Jan 2025 17:04:58 org.joget.apps.app.service.AppDevUtil - Commit to Git repo by wendy: Update form fMaterialMasterProcess. _
INFO    13 Jan 2025 17:12:41 org.joget.apps.app.service.AppDevUtil - Commit to Git repo by wendy: Update form invAuditTrails. _
INFO    13 Jan 2025 17:17:39 org.joget.apps.app.service.AppDevUtil - Commit to Git repo by wendy: Update form fMaterialMasterProcess. _
INFO    13 Jan 2025 17:17:57 org.joget.apps.app.service.AppDevUtil - Commit to Git repo by wendy: Update form fMaterialMasterProcess. _
INFO    13 Jan 2025 17:19:23 ASC - Form Validator - Check Validate Material - STUD Thunder BOLODT AND NUT C/S
INFO    13 Jan 2025 17:19:23 ASC - Form Validator - Check Validate Material - 1/2B X 21MM
INFO    13 Jan 2025 17:19:24 org.joget.workflow.shark.WorkflowAssignmentManager - [processId=4850_appSparepartRegistrationOnlineSystem_inventoryRegistration, processDefId=appSparepartRegistrationOnlineSystem#5#inventoryRegistration, participantId=participant2, next user=[wendy]]
INFO    14 Jan 2025 09:30:43 org.joget.apps.workflow.security.WorkflowAuthenticationProvider - Authentication for user wendy (182.253.194.45) : true
ERROR   14 Jan 2025 09:32:52 org.owasp.csrfguard.CsrfGuard - potential cross-site request forgery (CSRF) attack thwarted (user:<anonymous>, ip:182.253.194.45, method:POST, uri:/jw/web/presence, error:request token does not match session token)
ERROR   14 Jan 2025 09:33:12 org.owasp.csrfguard.CsrfGuard - potential cross-site request forgery (CSRF) attack thwarted (user:<anonymous>, ip:182.253.194.45, method:POST, uri:/jw/web/presence, error:request token does not match session token)
ERROR   14 Jan 2025 09:35:49 org.joget.apps.app.service.AppServiceImpl - file: /opt/joget/joget-enterprise-linux-7.0.11/wflow/app_forms/app_fd_inv_material_master.hbm.xml not found
org.hibernate.MappingNotFoundException: file: /opt/joget/joget-enterprise-linux-7.0.11/wflow/app_forms/app_fd_inv_material_master.hbm.xml not found
	at org.hibernate.cfg.Configuration.addFile(Configuration.java:507)
	at org.joget.apps.form.dao.FormDataDaoImpl.createSessionFactory(FormDataDaoImpl.java:1083)
	at org.joget.apps.form.dao.FormDataDaoImpl.findSessionFactory(FormDataDaoImpl.java:954)
	at org.joget.apps.form.dao.FormDataDaoImpl.getHibernateSession(FormDataDaoImpl.java:774)
	at org.joget.apps.form.dao.FormDataDaoImpl.internalLoad(FormDataDaoImpl.java:216)
	at org.joget.apps.form.dao.FormDataDaoImpl.loadWithoutTransaction(FormDataDaoImpl.java:204)
	at java.base/jdk.internal.reflect.NativeMethodAccessorImpl.invoke0(Native Method)
	at java.base/jdk.internal.reflect.NativeMethodAccessorImpl.invoke(NativeMethodAccessorImpl.java:62)
	at java.base/jdk.internal.reflect.DelegatingMethodAccessorImpl.invoke(DelegatingMethodAccessorImpl.java:43)
	at java.base/java.lang.reflect.Method.invoke(Method.java:566)
	at org.springframework.aop.support.AopUtils.invokeJoinpointUsingReflection(AopUtils.java:333)
	at org.springframework.aop.framework.ReflectiveMethodInvocation.invokeJoinpoint(ReflectiveMethodInvocation.java:190)
	at org.springframework.aop.framework.ReflectiveMethodInvocation.proceed(ReflectiveMethodInvocation.java:157)
	at org.joget.apps.app.service.AuditTrailInterceptor.invoke(AuditTrailInterceptor.java:17)
	at org.springframework.aop.framework.ReflectiveMethodInvocation.proceed(ReflectiveMethodInvocation.java:179)
	at org.springframework.transaction.interceptor.TransactionInterceptor$1.proceedWithInvocation(TransactionInterceptor.java:99)
	at org.springframework.transaction.interceptor.TransactionAspectSupport.invokeWithinTransaction(TransactionAspectSupport.java:283)
	at org.springframework.transaction.interceptor.TransactionInterceptor.invoke(TransactionInterceptor.java:96)
	at org.springframework.aop.framework.ReflectiveMethodInvocation.proceed(ReflectiveMethodInvocation.java:179)
	at org.springframework.aop.interceptor.ExposeInvocationInterceptor.invoke(ExposeInvocationInterceptor.java:92)
	at org.springframework.aop.framework.ReflectiveMethodInvocation.proceed(ReflectiveMethodInvocation.java:179)
	at org.springframework.aop.framework.JdkDynamicAopProxy.invoke(JdkDynamicAopProxy.java:213)
	at com.sun.proxy.$Proxy70.loadWithoutTransaction(Unknown Source)
	at org.joget.apps.app.service.AppServiceImpl.internalLoadFormData(AppServiceImpl.java:1682)
	at org.joget.apps.app.service.AppServiceImpl.loadFormDataWithoutTransaction(AppServiceImpl.java:1650)
	at java.base/jdk.internal.reflect.NativeMethodAccessorImpl.invoke0(Native Method)
	at java.base/jdk.internal.reflect.NativeMethodAccessorImpl.invoke(NativeMethodAccessorImpl.java:62)
	at java.base/jdk.internal.reflect.DelegatingMethodAccessorImpl.invoke(DelegatingMethodAccessorImpl.java:43)
	at java.base/java.lang.reflect.Method.invoke(Method.java:566)
	at org.springframework.aop.support.AopUtils.invokeJoinpointUsingReflection(AopUtils.java:333)
	at org.springframework.aop.framework.JdkDynamicAopProxy.invoke(JdkDynamicAopProxy.java:207)
	at com.sun.proxy.$Proxy75.loadFormDataWithoutTransaction(Unknown Source)
	at org.joget.apps.form.lib.DefaultFormBinder.load_aroundBody14(DefaultFormBinder.java:74)
	at org.joget.apps.form.lib.DefaultFormBinder.load_aroundBody15$advice(DefaultFormBinder.java:99)
	at org.joget.apps.form.lib.DefaultFormBinder.load(DefaultFormBinder.java:1)
	at org.joget.apps.form.lib.WorkflowFormBinder.load_aroundBody12(WorkflowFormBinder.java:55)
	at org.joget.apps.form.lib.WorkflowFormBinder.load_aroundBody13$advice(WorkflowFormBinder.java:99)
	at org.joget.apps.form.lib.WorkflowFormBinder.load(WorkflowFormBinder.java:1)
	at org.joget.apps.form.service.FormUtil.executeLoadBinders(FormUtil.java:445)
	at org.joget.apps.form.service.FormServiceImpl.executeFormLoadBinders(FormServiceImpl.java:487)
	at org.joget.apps.form.service.FormServiceImpl.loadFormData(FormServiceImpl.java:245)
	at org.joget.apps.form.service.FormServiceImpl.loadFormFromJson(FormServiceImpl.java:207)
	at java.base/jdk.internal.reflect.NativeMethodAccessorImpl.invoke0(Native Method)
	at java.base/jdk.internal.reflect.NativeMethodAccessorImpl.invoke(NativeMethodAccessorImpl.java:62)
	at java.base/jdk.internal.reflect.DelegatingMethodAccessorImpl.invoke(DelegatingMethodAccessorImpl.java:43)
	at java.base/java.lang.reflect.Method.invoke(Method.java:566)
	at org.springframework.aop.support.AopUtils.invokeJoinpointUsingReflection(AopUtils.java:333)
	at org.springframework.aop.framework.JdkDynamicAopProxy.invoke(JdkDynamicAopProxy.java:207)
	at com.sun.proxy.$Proxy69.loadFormFromJson(Unknown Source)
	at org.joget.apps.app.service.AppServiceImpl.loadFormByFormDefId(AppServiceImpl.java:1518)
	at org.joget.apps.app.service.AppServiceImpl.retrieveForm(AppServiceImpl.java:816)
	at org.joget.apps.app.service.AppServiceImpl.viewAssignmentForm(AppServiceImpl.java:358)
	at java.base/jdk.internal.reflect.NativeMethodAccessorImpl.invoke0(Native Method)
	at java.base/jdk.internal.reflect.NativeMethodAccessorImpl.invoke(NativeMethodAccessorImpl.java:62)
	at java.base/jdk.internal.reflect.DelegatingMethodAccessorImpl.invoke(DelegatingMethodAccessorImpl.java:43)
	at java.base/java.lang.reflect.Method.invoke(Method.java:566)
	at org.springframework.aop.support.AopUtils.invokeJoinpointUsingReflection(AopUtils.java:333)
	at org.springframework.aop.framework.JdkDynamicAopProxy.invoke(JdkDynamicAopProxy.java:207)
	at com.sun.proxy.$Proxy75.viewAssignmentForm(Unknown Source)
	at org.joget.apps.userview.lib.InboxMenu.retrieveAssignmentForm_aroundBody36(InboxMenu.java:380)
	at org.joget.apps.userview.lib.InboxMenu.retrieveAssignmentForm_aroundBody37$advice(InboxMenu.java:99)
	at org.joget.apps.userview.lib.InboxMenu.retrieveAssignmentForm(InboxMenu.java:1)
	at org.joget.apps.userview.lib.InboxMenu.displayForm_aroundBody34(InboxMenu.java:337)
	at org.joget.apps.userview.lib.InboxMenu.displayForm_aroundBody35$advice(InboxMenu.java:99)
	at org.joget.apps.userview.lib.InboxMenu.displayForm(InboxMenu.java:1)
	at org.joget.apps.userview.lib.InboxMenu.handleForm_aroundBody32(InboxMenu.java:309)
	at org.joget.apps.userview.lib.InboxMenu.handleForm_aroundBody33$advice(InboxMenu.java:99)
	at org.joget.apps.userview.lib.InboxMenu.handleForm(InboxMenu.java:1)
	at org.joget.plugin.enterprise.DataListInboxMenu.getJspPage_aroundBody20(DataListInboxMenu.java:144)
	at org.joget.plugin.enterprise.DataListInboxMenu.getJspPage_aroundBody21$advice(DataListInboxMenu.java:99)
	at org.joget.plugin.enterprise.DataListInboxMenu.getJspPage(DataListInboxMenu.java:1)
	at org.joget.apps.userview.model.UserviewMenu.getReadyJspPage_aroundBody12(UserviewMenu.java:134)
	at org.joget.apps.userview.model.UserviewMenu.getReadyJspPage_aroundBody13$advice(UserviewMenu.java:99)
	at org.joget.apps.userview.model.UserviewMenu.getReadyJspPage(UserviewMenu.java:1)
	at org.joget.apps.userview.service.UserviewUtil.getUserviewMenuHtml(UserviewUtil.java:130)
	at org.joget.apps.userview.service.UserviewThemeProcesser.getContent(UserviewThemeProcesser.java:649)
	at org.joget.apps.userview.service.UserviewThemeProcesser.getHtml(UserviewThemeProcesser.java:197)
	at java.base/jdk.internal.reflect.NativeMethodAccessorImpl.invoke0(Native Method)
	at java.base/jdk.internal.reflect.NativeMethodAccessorImpl.invoke(NativeMethodAccessorImpl.java:62)
	at java.base/jdk.internal.reflect.DelegatingMethodAccessorImpl.invoke(DelegatingMethodAccessorImpl.java:43)
	at java.base/java.lang.reflect.Method.invoke(Method.java:566)
	at javax.el.BeanELResolver.getValue(BeanELResolver.java:94)
	at org.apache.jasper.el.JasperELResolver.getValue(JasperELResolver.java:113)
	at org.apache.el.parser.AstValue.getValue(AstValue.java:169)
	at org.apache.el.ValueExpressionImpl.getValue(ValueExpressionImpl.java:190)
	at org.apache.jasper.el.JspValueExpression.getValue(JspValueExpression.java:115)
	at org.apache.jsp.WEB_002dINF.jsp.ubuilder.v5view_jsp._jspx_meth_c_005fset_005f0(v5view_jsp.java:250)
	at org.apache.jsp.WEB_002dINF.jsp.ubuilder.v5view_jsp._jspx_meth_c_005fif_005f0(v5view_jsp.java:207)
	at org.apache.jsp.WEB_002dINF.jsp.ubuilder.v5view_jsp._jspService(v5view_jsp.java:158)
	at org.apache.jasper.runtime.HttpJspBase.service(HttpJspBase.java:71)
	at javax.servlet.http.HttpServlet.service(HttpServlet.java:733)
	at org.apache.jasper.servlet.JspServletWrapper.service(JspServletWrapper.java:476)
	at org.apache.jasper.servlet.JspServlet.serviceJspFile(JspServlet.java:386)
	at org.apache.jasper.servlet.JspServlet.service(JspServlet.java:330)
	at javax.servlet.http.HttpServlet.service(HttpServlet.java:733)
	at org.apache.catalina.core.ApplicationFilterChain.internalDoFilter(ApplicationFilterChain.java:231)
	at org.apache.catalina.core.ApplicationFilterChain.doFilter(ApplicationFilterChain.java:166)
	at org.apache.tomcat.websocket.server.WsFilter.doFilter(WsFilter.java:52)
	at org.apache.catalina.core.ApplicationFilterChain.internalDoFilter(ApplicationFilterChain.java:193)
	at org.apache.catalina.core.ApplicationFilterChain.doFilter(ApplicationFilterChain.java:166)
	at org.apache.catalina.core.ApplicationDispatcher.invoke(ApplicationDispatcher.java:713)
	at org.apache.catalina.core.ApplicationDispatcher.processRequest(ApplicationDispatcher.java:462)
	at org.apache.catalina.core.ApplicationDispatcher.doForward(ApplicationDispatcher.java:387)
	at org.apache.catalina.core.ApplicationDispatcher.forward(ApplicationDispatcher.java:315)
	at org.springframework.web.servlet.view.InternalResourceView.renderMergedOutputModel(InternalResourceView.java:168)
	at org.springframework.web.servlet.view.AbstractView.render(AbstractView.java:304)
	at org.springframework.web.servlet.DispatcherServlet.render(DispatcherServlet.java:1286)
	at org.springframework.web.servlet.DispatcherServlet.processDispatchResult(DispatcherServlet.java:1041)
	at org.springframework.web.servlet.DispatcherServlet.doDispatch(DispatcherServlet.java:984)
	at org.springframework.web.servlet.DispatcherServlet.doService(DispatcherServlet.java:901)
	at org.springframework.web.servlet.FrameworkServlet.processRequest(FrameworkServlet.java:970)
	at org.springframework.web.servlet.FrameworkServlet.doGet(FrameworkServlet.java:861)
	at javax.servlet.http.HttpServlet.service(HttpServlet.java:626)
	at org.springframework.web.servlet.FrameworkServlet.service(FrameworkServlet.java:846)
	at javax.servlet.http.HttpServlet.service(HttpServlet.java:733)
	at org.apache.catalina.core.ApplicationFilterChain.internalDoFilter(ApplicationFilterChain.java:231)
	at org.apache.catalina.core.ApplicationFilterChain.doFilter(ApplicationFilterChain.java:166)
	at org.apache.tomcat.websocket.server.WsFilter.doFilter(WsFilter.java:52)
	at org.apache.catalina.core.ApplicationFilterChain.internalDoFilter(ApplicationFilterChain.java:193)
	at org.apache.catalina.core.ApplicationFilterChain.doFilter(ApplicationFilterChain.java:166)
	at org.joget.apps.app.web.GitRequestFilter.doFilter(GitRequestFilter.java:40)
	at org.apache.catalina.core.ApplicationFilterChain.internalDoFilter(ApplicationFilterChain.java:193)
	at org.apache.catalina.core.ApplicationFilterChain.doFilter(ApplicationFilterChain.java:166)
	at org.joget.commons.util.AnalyzerFilter.doFilter_aroundBody0(AnalyzerFilter.java:17)
	at org.joget.commons.util.AnalyzerFilter$AjcClosure1.run(AnalyzerFilter.java:1)
	at org.aspectj.runtime.reflect.JoinPointImpl.proceed(JoinPointImpl.java:149)
	at org.joget.commons.util.AnalyzerAspect.analyzeRequests(AnalyzerAspect.java:54)
	at org.joget.commons.util.AnalyzerFilter.doFilter(AnalyzerFilter.java:17)
	at org.apache.catalina.core.ApplicationFilterChain.internalDoFilter(ApplicationFilterChain.java:193)
	at org.apache.catalina.core.ApplicationFilterChain.doFilter(ApplicationFilterChain.java:166)
	at org.displaytag.filter.ResponseOverrideFilter.doFilter(ResponseOverrideFilter.java:125)
	at org.apache.catalina.core.ApplicationFilterChain.internalDoFilter(ApplicationFilterChain.java:193)
	at org.apache.catalina.core.ApplicationFilterChain.doFilter(ApplicationFilterChain.java:166)
	at org.owasp.csrfguard.CsrfGuardFilter.doFilter(CsrfGuardFilter.java:88)
	at org.apache.catalina.core.ApplicationFilterChain.internalDoFilter(ApplicationFilterChain.java:193)
	at org.apache.catalina.core.ApplicationFilterChain.doFilter(ApplicationFilterChain.java:166)
	at org.springframework.security.web.FilterChainProxy$VirtualFilterChain.doFilter(FilterChainProxy.java:317)
	at org.springframework.security.web.access.intercept.FilterSecurityInterceptor.invoke(FilterSecurityInterceptor.java:127)
	at org.springframework.security.web.access.intercept.FilterSecurityInterceptor.doFilter(FilterSecurityInterceptor.java:91)
	at org.springframework.security.web.FilterChainProxy$VirtualFilterChain.doFilter(FilterChainProxy.java:331)
	at org.springframework.security.web.access.ExceptionTranslationFilter.doFilter(ExceptionTranslationFilter.java:115)
	at org.springframework.security.web.FilterChainProxy$VirtualFilterChain.doFilter(FilterChainProxy.java:331)
	at org.springframework.security.web.session.SessionManagementFilter.doFilter(SessionManagementFilter.java:137)
	at org.springframework.security.web.FilterChainProxy$VirtualFilterChain.doFilter(FilterChainProxy.java:331)
	at org.springframework.security.web.authentication.AnonymousAuthenticationFilter.doFilter(AnonymousAuthenticationFilter.java:111)
	at org.springframework.security.web.FilterChainProxy$VirtualFilterChain.doFilter(FilterChainProxy.java:331)
	at org.springframework.security.web.savedrequest.RequestCacheAwareFilter.doFilter(RequestCacheAwareFilter.java:63)
	at org.springframework.security.web.FilterChainProxy$VirtualFilterChain.doFilter(FilterChainProxy.java:331)
	at org.springframework.security.web.authentication.AbstractAuthenticationProcessingFilter.doFilter(AbstractAuthenticationProcessingFilter.java:200)
	at org.joget.apps.workflow.security.WorkflowHttpAuthProcessingFilter.doFilter(WorkflowHttpAuthProcessingFilter.java:86)
	at org.springframework.security.web.FilterChainProxy$VirtualFilterChain.doFilter(FilterChainProxy.java:331)
	at org.springframework.security.web.authentication.www.BasicAuthenticationFilter.doFilterInternal(BasicAuthenticationFilter.java:158)
	at org.springframework.web.filter.OncePerRequestFilter.doFilter(OncePerRequestFilter.java:107)
	at org.springframework.security.web.FilterChainProxy$VirtualFilterChain.doFilter(FilterChainProxy.java:331)
	at org.springframework.security.web.authentication.AbstractAuthenticationProcessingFilter.doFilter(AbstractAuthenticationProcessingFilter.java:200)
	at org.springframework.security.web.FilterChainProxy$VirtualFilterChain.doFilter(FilterChainProxy.java:331)
	at org.springframework.security.web.authentication.logout.LogoutFilter.doFilter(LogoutFilter.java:121)
	at org.springframework.security.web.FilterChainProxy$VirtualFilterChain.doFilter(FilterChainProxy.java:331)
	at org.springframework.security.web.header.HeaderWriterFilter.doFilterInternal(HeaderWriterFilter.java:66)
	at org.springframework.web.filter.OncePerRequestFilter.doFilter(OncePerRequestFilter.java:107)
	at org.springframework.security.web.FilterChainProxy$VirtualFilterChain.doFilter(FilterChainProxy.java:331)
	at org.springframework.security.web.context.request.async.WebAsyncManagerIntegrationFilter.doFilterInternal(WebAsyncManagerIntegrationFilter.java:56)
	at org.springframework.web.filter.OncePerRequestFilter.doFilter(OncePerRequestFilter.java:107)
	at org.springframework.security.web.FilterChainProxy$VirtualFilterChain.doFilter(FilterChainProxy.java:331)
	at org.springframework.security.web.context.SecurityContextPersistenceFilter.doFilter(SecurityContextPersistenceFilter.java:105)
	at org.springframework.security.web.FilterChainProxy$VirtualFilterChain.doFilter(FilterChainProxy.java:331)
	at org.springframework.security.web.FilterChainProxy.doFilterInternal(FilterChainProxy.java:214)
	at org.springframework.security.web.FilterChainProxy.doFilter(FilterChainProxy.java:177)
	at org.springframework.web.filter.DelegatingFilterProxy.invokeDelegate(DelegatingFilterProxy.java:347)
	at org.springframework.web.filter.DelegatingFilterProxy.doFilter(DelegatingFilterProxy.java:263)
	at org.joget.commons.spring.web.CustomDelegatingFilterProxy.doFilter(CustomDelegatingFilterProxy.java:31)
	at org.apache.catalina.core.ApplicationFilterChain.internalDoFilter(ApplicationFilterChain.java:193)
	at org.apache.catalina.core.ApplicationFilterChain.doFilter(ApplicationFilterChain.java:166)
	at org.joget.apps.app.web.ExpireFilter.doFilter(ExpireFilter.java:48)
	at org.apache.catalina.core.ApplicationFilterChain.internalDoFilter(ApplicationFilterChain.java:193)
	at org.apache.catalina.core.ApplicationFilterChain.doFilter(ApplicationFilterChain.java:166)
	at org.springframework.web.filter.CharacterEncodingFilter.doFilterInternal(CharacterEncodingFilter.java:197)
	at org.springframework.web.filter.OncePerRequestFilter.doFilter(OncePerRequestFilter.java:107)
	at org.apache.catalina.core.ApplicationFilterChain.internalDoFilter(ApplicationFilterChain.java:193)
	at org.apache.catalina.core.ApplicationFilterChain.doFilter(ApplicationFilterChain.java:166)
	at org.apache.catalina.core.StandardWrapperValve.invoke(StandardWrapperValve.java:199)
	at org.apache.catalina.core.StandardContextValve.invoke(StandardContextValve.java:97)
	at org.apache.catalina.authenticator.AuthenticatorBase.invoke(AuthenticatorBase.java:543)
	at org.apache.catalina.core.StandardHostValve.invoke(StandardHostValve.java:143)
	at org.apache.catalina.valves.ErrorReportValve.invoke(ErrorReportValve.java:81)
	at org.apache.catalina.core.StandardEngineValve.invoke(StandardEngineValve.java:78)
	at org.apache.catalina.connector.CoyoteAdapter.service(CoyoteAdapter.java:343)
	at org.apache.coyote.http11.Http11Processor.service(Http11Processor.java:616)
	at org.apache.coyote.AbstractProcessorLight.process(AbstractProcessorLight.java:65)
	at org.apache.coyote.AbstractProtocol$ConnectionHandler.process(AbstractProtocol.java:818)
	at org.apache.tomcat.util.net.NioEndpoint$SocketProcessor.doRun(NioEndpoint.java:1626)
	at org.apache.tomcat.util.net.SocketProcessorBase.run(SocketProcessorBase.java:49)
	at java.base/java.util.concurrent.ThreadPoolExecutor.runWorker(ThreadPoolExecutor.java:1128)
	at java.base/java.util.concurrent.ThreadPoolExecutor$Worker.run(ThreadPoolExecutor.java:628)
	at org.apache.tomcat.util.threads.TaskThread$WrappingRunnable.run(TaskThread.java:61)
	at java.base/java.lang.Thread.run(Thread.java:829)
INFO    14 Jan 2025 09:35:50 org.joget.apps.app.service.AppDevUtil - Commit to Git repo by wendy: Update form reviewBySectionChief. _
INFO    14 Jan 2025 09:35:50 org.joget.apps.app.service.AppDevUtil - Commit to Git repo by wendy: Update form reviewBySectionChief. _
INFO    14 Jan 2025 09:35:50 org.joget.apps.app.service.AppDevUtil - Git is locked. Wait 100ms...
INFO    14 Jan 2025 09:35:50 org.joget.apps.app.service.AppDevUtil - Git is locked. Wait 100ms...
INFO    14 Jan 2025 09:35:50 org.joget.apps.app.service.AppDevUtil - Git is locked. Wait 100ms...
INFO    14 Jan 2025 09:35:50 org.joget.apps.app.service.AppDevUtil - Git is locked. Wait 100ms...
INFO    14 Jan 2025 09:35:50 org.joget.apps.app.service.AppDevUtil - Git is locked. Wait 100ms...
INFO    14 Jan 2025 09:35:50 org.joget.apps.app.service.AppDevUtil - Git is locked. Wait 100ms...
INFO    14 Jan 2025 09:35:50 org.joget.apps.app.service.AppDevUtil - Git is locked. Wait 100ms...
INFO    14 Jan 2025 09:35:51 org.joget.apps.app.service.AppDevUtil - Git is locked. Wait 100ms...
INFO    14 Jan 2025 09:35:51 org.joget.apps.app.service.AppDevUtil - Git is locked. Wait 100ms...
INFO    14 Jan 2025 09:35:51 org.joget.apps.app.service.AppDevUtil - Git is locked. Wait 100ms...
INFO    14 Jan 2025 09:35:51 org.joget.apps.app.service.AppDevUtil - Git is locked. Wait 100ms...
INFO    14 Jan 2025 09:35:51 org.joget.apps.app.service.AppDevUtil - Git is locked. Wait 100ms...
INFO    14 Jan 2025 09:35:51 org.displaytag.export.ExportViewFactory - Initializing ExportViewFactory with type={csv,excel,xml,pdf}
INFO    14 Jan 2025 09:35:51 org.displaytag.properties.TableProperties - LocaleResolver initialized to org.joget.apps.app.web.LocalLocaleResolver.
INFO    14 Jan 2025 10:14:28 org.joget.apps.app.service.AppDevUtil - Commit to Git repo by wendy: Add form inventoryRegistrationSubmit. _
INFO    14 Jan 2025 10:14:28 org.joget.apps.app.service.AppDevUtil - Git is locked. Wait 100ms...
INFO    14 Jan 2025 10:14:28 org.joget.apps.app.service.AppDevUtil - Git is locked. Wait 100ms...
INFO    14 Jan 2025 10:14:28 org.joget.apps.app.service.AppDevUtil - Git is locked. Wait 100ms...
INFO    14 Jan 2025 10:14:28 org.joget.apps.app.service.AppDevUtil - Git is locked. Wait 100ms...
INFO    14 Jan 2025 10:14:28 org.joget.apps.app.service.AppDevUtil - Git is locked. Wait 100ms...
INFO    14 Jan 2025 10:14:28 org.joget.apps.app.service.AppDevUtil - Git is locked. Wait 100ms...
INFO    14 Jan 2025 10:14:28 org.joget.apps.app.service.AppDevUtil - Git is locked. Wait 100ms...
INFO    14 Jan 2025 10:14:28 org.joget.apps.app.service.AppDevUtil - Git is locked. Wait 100ms...
INFO    14 Jan 2025 10:14:50 org.joget.apps.app.service.AppDevUtil - Commit to Git repo by wendy: Update form inventoryRegistrationSubmit. _
INFO    14 Jan 2025 10:15:49 org.joget.apps.app.service.AppDevUtil - Commit to Git repo by wendy: Update form inventoryRegistrationSubmit. _
INFO    14 Jan 2025 10:16:39 org.joget.apps.app.service.AppDevUtil - Commit to Git repo by wendy: Update form inventoryRegistrationSubmit. _
INFO    14 Jan 2025 10:17:32 org.joget.apps.app.service.AppDevUtil - Commit to Git repo by wendy: Add form inventoryRegistrationFormSubmit. _
INFO    14 Jan 2025 10:17:32 org.joget.apps.app.service.AppDevUtil - Git is locked. Wait 100ms...
INFO    14 Jan 2025 10:17:32 org.joget.apps.app.service.AppDevUtil - Git is locked. Wait 100ms...
INFO    14 Jan 2025 10:17:32 org.joget.apps.app.service.AppDevUtil - Git is locked. Wait 100ms...
INFO    14 Jan 2025 10:17:32 org.joget.apps.app.service.AppDevUtil - Git is locked. Wait 100ms...
INFO    14 Jan 2025 10:18:16 org.joget.apps.app.service.AppDevUtil - Commit to Git repo by wendy: Delete form inventoryRegistrationFormSubmit. _
INFO    14 Jan 2025 10:19:59 org.joget.apps.app.service.AppDevUtil - Commit to Git repo by wendy: Add form inventoryRegistrationForm. _
INFO    14 Jan 2025 10:19:59 org.joget.apps.app.service.AppDevUtil - Git is locked. Wait 100ms...
INFO    14 Jan 2025 10:19:59 org.joget.apps.app.service.AppDevUtil - Git is locked. Wait 100ms...
INFO    14 Jan 2025 10:19:59 org.joget.apps.app.service.AppDevUtil - Git is locked. Wait 100ms...
INFO    14 Jan 2025 10:19:59 org.joget.apps.app.service.AppDevUtil - Git is locked. Wait 100ms...
INFO    14 Jan 2025 10:19:59 org.joget.apps.app.service.AppDevUtil - Git is locked. Wait 100ms...
INFO    14 Jan 2025 10:23:08 org.joget.apps.app.service.AppDevUtil - Commit to Git repo by wendy: Update form inventoryRegistrationForm. _
INFO    14 Jan 2025 10:23:31 org.joget.apps.app.service.AppDevUtil - Commit to Git repo by wendy: Update form inventoryRegistrationSubmit. _
INFO    14 Jan 2025 10:26:55 org.joget.apps.app.service.AppDevUtil - Commit to Git repo by wendy: Update form inventoryRegistrationSubmit. _
INFO    14 Jan 2025 10:30:04 org.joget.apps.app.service.AppDevUtil - Commit to Git repo by wendy: Update package appSparepartRegistrationOnlineSystem. _
INFO    14 Jan 2025 10:30:06 org.joget.apps.app.service.AppDevUtil - Commit to Git repo by wendy: Update package appSparepartRegistrationOnlineSystem. _
INFO    14 Jan 2025 10:31:25 ASC - Form Validator - Check Validate Material - Besi kawat lunak tahan 100 derajat
INFO    14 Jan 2025 10:31:25 ASC - Form Validator - Check Validate Material - 20 cm
INFO    14 Jan 2025 10:31:25 org.joget.workflow.shark.WorkflowAssignmentManager - [processId=4851_appSparepartRegistrationOnlineSystem_inventoryRegistration, processDefId=appSparepartRegistrationOnlineSystem#5#inventoryRegistration, participantId=participant2, next user=[wendy]]
INFO    14 Jan 2025 10:39:47 org.joget.apps.workflow.security.WorkflowAuthenticationProvider - Authentication for user wendy (182.253.194.45) : true
INFO    14 Jan 2025 10:52:17 org.joget.apps.workflow.security.WorkflowAuthenticationProvider - Authentication for user wendy (103.109.203.166) : true
INFO    14 Jan 2025 10:52:20 org.joget.apps.workflow.security.WorkflowAuthenticationProvider - Authentication for user wendy (103.109.203.166) : true
INFO    14 Jan 2025 14:06:13 org.joget.apps.workflow.security.WorkflowAuthenticationProvider - Authentication for user admin (182.253.194.45) : true
INFO    14 Jan 2025 14:18:21 org.joget.apps.app.service.AppDevUtil - Commit to Git repo by wendy: Update form fSparepartRegist. _
INFO    14 Jan 2025 14:21:48 org.joget.workflow.shark.WorkflowAssignmentManager - [processId=4852_appSparepartRegistrationOnlineSystem_sparePartRegistrationOnlineSystemProcess, processDefId=appSparepartRegistrationOnlineSystem#5#sparePartRegistrationOnlineSystemProcess, participantId=sectionChief, next user=[wendy]]
INFO    14 Jan 2025 14:23:09 org.joget.apps.app.service.AppDevUtil - Commit to Git repo by wendy: Update form fSparepartRegistrationView. _
INFO    14 Jan 2025 15:23:54 org.joget.workflow.shark.WorkflowAssignmentManager - [processId=4852_appSparepartRegistrationOnlineSystem_sparePartRegistrationOnlineSystemProcess, processDefId=appSparepartRegistrationOnlineSystem#5#sparePartRegistrationOnlineSystemProcess, participantId=issuer, next user=[wendy]]
INFO    14 Jan 2025 15:24:13 org.joget.workflow.shark.WorkflowAssignmentManager - [processId=4852_appSparepartRegistrationOnlineSystem_sparePartRegistrationOnlineSystemProcess, processDefId=appSparepartRegistrationOnlineSystem#5#sparePartRegistrationOnlineSystemProcess, participantId=sectionChief, next user=[wendy]]
INFO    16 Jan 2025 10:37:01 org.joget.apps.workflow.security.WorkflowAuthenticationProvider - Authentication for user wendy (103.109.203.166) : true
INFO    16 Jan 2025 11:38:28 org.joget.apps.workflow.security.WorkflowAuthenticationProvider - Authentication for user wendy (182.253.194.45) : true
INFO    16 Jan 2025 13:28:49 org.joget.apps.workflow.security.WorkflowAuthenticationProvider - Authentication for user wendy (103.109.203.166) : true
INFO    16 Jan 2025 13:49:08 org.joget.apps.workflow.security.WorkflowAuthenticationProvider - Authentication for user cat (103.109.203.166) : true
INFO    16 Jan 2025 14:09:23 org.joget.apps.workflow.security.WorkflowAuthenticationProvider - Authentication for user wendy (103.109.203.166) : true
ERROR   16 Jan 2025 14:26:16 org.joget.commons.spring.web.CustomDelegatingFilterProxy - javax.el.ELException: Error reading [name] on type [org.joget.directory.model.Department_$$_jvst18c_2]
org.apache.jasper.JasperException: javax.el.ELException: Error reading [name] on type [org.joget.directory.model.Department_$$_jvst18c_2]
	at org.apache.jasper.servlet.JspServletWrapper.handleJspException(JspServletWrapper.java:598)
	at org.apache.jasper.servlet.JspServletWrapper.service(JspServletWrapper.java:514)
	at org.apache.jasper.servlet.JspServlet.serviceJspFile(JspServlet.java:386)
	at org.apache.jasper.servlet.JspServlet.service(JspServlet.java:330)
	at javax.servlet.http.HttpServlet.service(HttpServlet.java:733)
	at org.apache.catalina.core.ApplicationFilterChain.internalDoFilter(ApplicationFilterChain.java:231)
	at org.apache.catalina.core.ApplicationFilterChain.doFilter(ApplicationFilterChain.java:166)
	at org.apache.tomcat.websocket.server.WsFilter.doFilter(WsFilter.java:52)
	at org.apache.catalina.core.ApplicationFilterChain.internalDoFilter(ApplicationFilterChain.java:193)
	at org.apache.catalina.core.ApplicationFilterChain.doFilter(ApplicationFilterChain.java:166)
	at org.apache.catalina.core.ApplicationDispatcher.invoke(ApplicationDispatcher.java:713)
	at org.apache.catalina.core.ApplicationDispatcher.processRequest(ApplicationDispatcher.java:462)
	at org.apache.catalina.core.ApplicationDispatcher.doForward(ApplicationDispatcher.java:387)
	at org.apache.catalina.core.ApplicationDispatcher.forward(ApplicationDispatcher.java:315)
	at org.springframework.web.servlet.view.InternalResourceView.renderMergedOutputModel(InternalResourceView.java:168)
	at org.springframework.web.servlet.view.AbstractView.render(AbstractView.java:304)
	at org.springframework.web.servlet.DispatcherServlet.render(DispatcherServlet.java:1286)
	at org.springframework.web.servlet.DispatcherServlet.processDispatchResult(DispatcherServlet.java:1041)
	at org.springframework.web.servlet.DispatcherServlet.doDispatch(DispatcherServlet.java:984)
	at org.springframework.web.servlet.DispatcherServlet.doService(DispatcherServlet.java:901)
	at org.springframework.web.servlet.FrameworkServlet.processRequest(FrameworkServlet.java:970)
	at org.springframework.web.servlet.FrameworkServlet.doGet(FrameworkServlet.java:861)
	at javax.servlet.http.HttpServlet.service(HttpServlet.java:626)
	at org.springframework.web.servlet.FrameworkServlet.service(FrameworkServlet.java:846)
	at javax.servlet.http.HttpServlet.service(HttpServlet.java:733)
	at org.apache.catalina.core.ApplicationFilterChain.internalDoFilter(ApplicationFilterChain.java:231)
	at org.apache.catalina.core.ApplicationFilterChain.doFilter(ApplicationFilterChain.java:166)
	at org.apache.tomcat.websocket.server.WsFilter.doFilter(WsFilter.java:52)
	at org.apache.catalina.core.ApplicationFilterChain.internalDoFilter(ApplicationFilterChain.java:193)
	at org.apache.catalina.core.ApplicationFilterChain.doFilter(ApplicationFilterChain.java:166)
	at org.joget.apps.app.web.GitRequestFilter.doFilter(GitRequestFilter.java:40)
	at org.apache.catalina.core.ApplicationFilterChain.internalDoFilter(ApplicationFilterChain.java:193)
	at org.apache.catalina.core.ApplicationFilterChain.doFilter(ApplicationFilterChain.java:166)
	at org.displaytag.filter.ResponseOverrideFilter.doFilter(ResponseOverrideFilter.java:125)
	at org.apache.catalina.core.ApplicationFilterChain.internalDoFilter(ApplicationFilterChain.java:193)
	at org.apache.catalina.core.ApplicationFilterChain.doFilter(ApplicationFilterChain.java:166)
	at org.owasp.csrfguard.CsrfGuardFilter.doFilter(CsrfGuardFilter.java:88)
	at org.apache.catalina.core.ApplicationFilterChain.internalDoFilter(ApplicationFilterChain.java:193)
	at org.apache.catalina.core.ApplicationFilterChain.doFilter(ApplicationFilterChain.java:166)
	at org.springframework.security.web.FilterChainProxy$VirtualFilterChain.doFilter(FilterChainProxy.java:317)
	at org.springframework.security.web.access.intercept.FilterSecurityInterceptor.invoke(FilterSecurityInterceptor.java:127)
	at org.springframework.security.web.access.intercept.FilterSecurityInterceptor.doFilter(FilterSecurityInterceptor.java:91)
	at org.springframework.security.web.FilterChainProxy$VirtualFilterChain.doFilter(FilterChainProxy.java:331)
	at org.springframework.security.web.access.ExceptionTranslationFilter.doFilter(ExceptionTranslationFilter.java:115)
	at org.springframework.security.web.FilterChainProxy$VirtualFilterChain.doFilter(FilterChainProxy.java:331)
	at org.springframework.security.web.session.SessionManagementFilter.doFilter(SessionManagementFilter.java:137)
	at org.springframework.security.web.FilterChainProxy$VirtualFilterChain.doFilter(FilterChainProxy.java:331)
	at org.springframework.security.web.authentication.AnonymousAuthenticationFilter.doFilter(AnonymousAuthenticationFilter.java:111)
	at org.springframework.security.web.FilterChainProxy$VirtualFilterChain.doFilter(FilterChainProxy.java:331)
	at org.springframework.security.web.savedrequest.RequestCacheAwareFilter.doFilter(RequestCacheAwareFilter.java:63)
	at org.springframework.security.web.FilterChainProxy$VirtualFilterChain.doFilter(FilterChainProxy.java:331)
	at org.springframework.security.web.authentication.AbstractAuthenticationProcessingFilter.doFilter(AbstractAuthenticationProcessingFilter.java:200)
	at org.joget.apps.workflow.security.WorkflowHttpAuthProcessingFilter.doFilter(WorkflowHttpAuthProcessingFilter.java:86)
	at org.springframework.security.web.FilterChainProxy$VirtualFilterChain.doFilter(FilterChainProxy.java:331)
	at org.springframework.security.web.authentication.www.BasicAuthenticationFilter.doFilterInternal(BasicAuthenticationFilter.java:158)
	at org.springframework.web.filter.OncePerRequestFilter.doFilter(OncePerRequestFilter.java:107)
	at org.springframework.security.web.FilterChainProxy$VirtualFilterChain.doFilter(FilterChainProxy.java:331)
	at org.springframework.security.web.authentication.AbstractAuthenticationProcessingFilter.doFilter(AbstractAuthenticationProcessingFilter.java:200)
	at org.springframework.security.web.FilterChainProxy$VirtualFilterChain.doFilter(FilterChainProxy.java:331)
	at org.springframework.security.web.authentication.logout.LogoutFilter.doFilter(LogoutFilter.java:121)
	at org.springframework.security.web.FilterChainProxy$VirtualFilterChain.doFilter(FilterChainProxy.java:331)
	at org.springframework.security.web.header.HeaderWriterFilter.doFilterInternal(HeaderWriterFilter.java:66)
	at org.springframework.web.filter.OncePerRequestFilter.doFilter(OncePerRequestFilter.java:107)
	at org.springframework.security.web.FilterChainProxy$VirtualFilterChain.doFilter(FilterChainProxy.java:331)
	at org.springframework.security.web.context.request.async.WebAsyncManagerIntegrationFilter.doFilterInternal(WebAsyncManagerIntegrationFilter.java:56)
	at org.springframework.web.filter.OncePerRequestFilter.doFilter(OncePerRequestFilter.java:107)
	at org.springframework.security.web.FilterChainProxy$VirtualFilterChain.doFilter(FilterChainProxy.java:331)
	at org.springframework.security.web.context.SecurityContextPersistenceFilter.doFilter(SecurityContextPersistenceFilter.java:105)
	at org.springframework.security.web.FilterChainProxy$VirtualFilterChain.doFilter(FilterChainProxy.java:331)
	at org.springframework.security.web.FilterChainProxy.doFilterInternal(FilterChainProxy.java:214)
	at org.springframework.security.web.FilterChainProxy.doFilter(FilterChainProxy.java:177)
	at org.springframework.web.filter.DelegatingFilterProxy.invokeDelegate(DelegatingFilterProxy.java:347)
	at org.springframework.web.filter.DelegatingFilterProxy.doFilter(DelegatingFilterProxy.java:263)
	at org.joget.commons.spring.web.CustomDelegatingFilterProxy.doFilter(CustomDelegatingFilterProxy.java:31)
	at org.apache.catalina.core.ApplicationFilterChain.internalDoFilter(ApplicationFilterChain.java:193)
	at org.apache.catalina.core.ApplicationFilterChain.doFilter(ApplicationFilterChain.java:166)
	at org.joget.apps.app.web.ExpireFilter.doFilter(ExpireFilter.java:48)
	at org.apache.catalina.core.ApplicationFilterChain.internalDoFilter(ApplicationFilterChain.java:193)
	at org.apache.catalina.core.ApplicationFilterChain.doFilter(ApplicationFilterChain.java:166)
	at org.springframework.web.filter.CharacterEncodingFilter.doFilterInternal(CharacterEncodingFilter.java:197)
	at org.springframework.web.filter.OncePerRequestFilter.doFilter(OncePerRequestFilter.java:107)
	at org.apache.catalina.core.ApplicationFilterChain.internalDoFilter(ApplicationFilterChain.java:193)
	at org.apache.catalina.core.ApplicationFilterChain.doFilter(ApplicationFilterChain.java:166)
	at org.apache.catalina.core.StandardWrapperValve.invoke(StandardWrapperValve.java:199)
	at org.apache.catalina.core.StandardContextValve.invoke(StandardContextValve.java:97)
	at org.apache.catalina.authenticator.AuthenticatorBase.invoke(AuthenticatorBase.java:543)
	at org.apache.catalina.core.StandardHostValve.invoke(StandardHostValve.java:143)
	at org.apache.catalina.valves.ErrorReportValve.invoke(ErrorReportValve.java:81)
	at org.apache.catalina.core.StandardEngineValve.invoke(StandardEngineValve.java:78)
	at org.apache.catalina.connector.CoyoteAdapter.service(CoyoteAdapter.java:343)
	at org.apache.coyote.http11.Http11Processor.service(Http11Processor.java:616)
	at org.apache.coyote.AbstractProcessorLight.process(AbstractProcessorLight.java:65)
	at org.apache.coyote.AbstractProtocol$ConnectionHandler.process(AbstractProtocol.java:818)
	at org.apache.tomcat.util.net.NioEndpoint$SocketProcessor.doRun(NioEndpoint.java:1626)
	at org.apache.tomcat.util.net.SocketProcessorBase.run(SocketProcessorBase.java:49)
	at java.base/java.util.concurrent.ThreadPoolExecutor.runWorker(ThreadPoolExecutor.java:1128)
	at java.base/java.util.concurrent.ThreadPoolExecutor$Worker.run(ThreadPoolExecutor.java:628)
	at org.apache.tomcat.util.threads.TaskThread$WrappingRunnable.run(TaskThread.java:61)
	at java.base/java.lang.Thread.run(Thread.java:829)
Caused by: javax.el.ELException: Error reading [name] on type [org.joget.directory.model.Department_$$_jvst18c_2]
	at javax.el.BeanELResolver.getValue(BeanELResolver.java:98)
	at org.apache.jasper.el.JasperELResolver.getValue(JasperELResolver.java:113)
	at org.apache.el.parser.AstValue.getValue(AstValue.java:169)
	at org.apache.el.ValueExpressionImpl.getValue(ValueExpressionImpl.java:190)
	at org.apache.jasper.runtime.PageContextImpl.proprietaryEvaluate(PageContextImpl.java:944)
	at org.apache.jsp.WEB_002dINF.jsp.console.directory.userView_jsp._jspx_meth_c_005fout_005f10(userView_jsp.java:1777)
	at org.apache.jsp.WEB_002dINF.jsp.console.directory.userView_jsp._jspx_meth_c_005fif_005f2(userView_jsp.java:1700)
	at org.apache.jsp.WEB_002dINF.jsp.console.directory.userView_jsp._jspx_meth_c_005fforEach_005f1(userView_jsp.java:1647)
	at org.apache.jsp.WEB_002dINF.jsp.console.directory.userView_jsp._jspService(userView_jsp.java:365)
	at org.apache.jasper.runtime.HttpJspBase.service(HttpJspBase.java:71)
	at javax.servlet.http.HttpServlet.service(HttpServlet.java:733)
	at org.apache.jasper.servlet.JspServletWrapper.service(JspServletWrapper.java:476)
	... 97 more
Caused by: org.hibernate.ObjectNotFoundException: No row with the given identifier exists: [Department#30701003000000]
	at org.hibernate.internal.SessionFactoryImpl$1$1.handleEntityNotFound(SessionFactoryImpl.java:253)
	at org.hibernate.proxy.AbstractLazyInitializer.checkTargetState(AbstractLazyInitializer.java:262)
	at org.hibernate.proxy.AbstractLazyInitializer.initialize(AbstractLazyInitializer.java:176)
	at org.hibernate.proxy.AbstractLazyInitializer.getImplementation(AbstractLazyInitializer.java:286)
	at org.hibernate.proxy.pojo.javassist.JavassistLazyInitializer.invoke(JavassistLazyInitializer.java:185)
	at org.joget.directory.model.Department_$$_jvst18c_2.getName(Department_$$_jvst18c_2.java)
	at jdk.internal.reflect.GeneratedMethodAccessor773.invoke(Unknown Source)
	at java.base/jdk.internal.reflect.DelegatingMethodAccessorImpl.invoke(DelegatingMethodAccessorImpl.java:43)
	at java.base/java.lang.reflect.Method.invoke(Method.java:566)
	at javax.el.BeanELResolver.getValue(BeanELResolver.java:94)
	... 108 more
ERROR   16 Jan 2025 14:36:47 org.joget.commons.spring.web.CustomDelegatingFilterProxy - javax.el.ELException: Error reading [name] on type [org.joget.directory.model.Department_$$_jvst18c_2]
org.apache.jasper.JasperException: javax.el.ELException: Error reading [name] on type [org.joget.directory.model.Department_$$_jvst18c_2]
	at org.apache.jasper.servlet.JspServletWrapper.handleJspException(JspServletWrapper.java:598)
	at org.apache.jasper.servlet.JspServletWrapper.service(JspServletWrapper.java:514)
	at org.apache.jasper.servlet.JspServlet.serviceJspFile(JspServlet.java:386)
	at org.apache.jasper.servlet.JspServlet.service(JspServlet.java:330)
	at javax.servlet.http.HttpServlet.service(HttpServlet.java:733)
	at org.apache.catalina.core.ApplicationFilterChain.internalDoFilter(ApplicationFilterChain.java:231)
	at org.apache.catalina.core.ApplicationFilterChain.doFilter(ApplicationFilterChain.java:166)
	at org.apache.tomcat.websocket.server.WsFilter.doFilter(WsFilter.java:52)
	at org.apache.catalina.core.ApplicationFilterChain.internalDoFilter(ApplicationFilterChain.java:193)
	at org.apache.catalina.core.ApplicationFilterChain.doFilter(ApplicationFilterChain.java:166)
	at org.apache.catalina.core.ApplicationDispatcher.invoke(ApplicationDispatcher.java:713)
	at org.apache.catalina.core.ApplicationDispatcher.processRequest(ApplicationDispatcher.java:462)
	at org.apache.catalina.core.ApplicationDispatcher.doForward(ApplicationDispatcher.java:387)
	at org.apache.catalina.core.ApplicationDispatcher.forward(ApplicationDispatcher.java:315)
	at org.springframework.web.servlet.view.InternalResourceView.renderMergedOutputModel(InternalResourceView.java:168)
	at org.springframework.web.servlet.view.AbstractView.render(AbstractView.java:304)
	at org.springframework.web.servlet.DispatcherServlet.render(DispatcherServlet.java:1286)
	at org.springframework.web.servlet.DispatcherServlet.processDispatchResult(DispatcherServlet.java:1041)
	at org.springframework.web.servlet.DispatcherServlet.doDispatch(DispatcherServlet.java:984)
	at org.springframework.web.servlet.DispatcherServlet.doService(DispatcherServlet.java:901)
	at org.springframework.web.servlet.FrameworkServlet.processRequest(FrameworkServlet.java:970)
	at org.springframework.web.servlet.FrameworkServlet.doGet(FrameworkServlet.java:861)
	at javax.servlet.http.HttpServlet.service(HttpServlet.java:626)
	at org.springframework.web.servlet.FrameworkServlet.service(FrameworkServlet.java:846)
	at javax.servlet.http.HttpServlet.service(HttpServlet.java:733)
	at org.apache.catalina.core.ApplicationFilterChain.internalDoFilter(ApplicationFilterChain.java:231)
	at org.apache.catalina.core.ApplicationFilterChain.doFilter(ApplicationFilterChain.java:166)
	at org.apache.tomcat.websocket.server.WsFilter.doFilter(WsFilter.java:52)
	at org.apache.catalina.core.ApplicationFilterChain.internalDoFilter(ApplicationFilterChain.java:193)
	at org.apache.catalina.core.ApplicationFilterChain.doFilter(ApplicationFilterChain.java:166)
	at org.joget.apps.app.web.GitRequestFilter.doFilter(GitRequestFilter.java:40)
	at org.apache.catalina.core.ApplicationFilterChain.internalDoFilter(ApplicationFilterChain.java:193)
	at org.apache.catalina.core.ApplicationFilterChain.doFilter(ApplicationFilterChain.java:166)
	at org.displaytag.filter.ResponseOverrideFilter.doFilter(ResponseOverrideFilter.java:125)
	at org.apache.catalina.core.ApplicationFilterChain.internalDoFilter(ApplicationFilterChain.java:193)
	at org.apache.catalina.core.ApplicationFilterChain.doFilter(ApplicationFilterChain.java:166)
	at org.owasp.csrfguard.CsrfGuardFilter.doFilter(CsrfGuardFilter.java:88)
	at org.apache.catalina.core.ApplicationFilterChain.internalDoFilter(ApplicationFilterChain.java:193)
	at org.apache.catalina.core.ApplicationFilterChain.doFilter(ApplicationFilterChain.java:166)
	at org.springframework.security.web.FilterChainProxy$VirtualFilterChain.doFilter(FilterChainProxy.java:317)
	at org.springframework.security.web.access.intercept.FilterSecurityInterceptor.invoke(FilterSecurityInterceptor.java:127)
	at org.springframework.security.web.access.intercept.FilterSecurityInterceptor.doFilter(FilterSecurityInterceptor.java:91)
	at org.springframework.security.web.FilterChainProxy$VirtualFilterChain.doFilter(FilterChainProxy.java:331)
	at org.springframework.security.web.access.ExceptionTranslationFilter.doFilter(ExceptionTranslationFilter.java:115)
	at org.springframework.security.web.FilterChainProxy$VirtualFilterChain.doFilter(FilterChainProxy.java:331)
	at org.springframework.security.web.session.SessionManagementFilter.doFilter(SessionManagementFilter.java:137)
	at org.springframework.security.web.FilterChainProxy$VirtualFilterChain.doFilter(FilterChainProxy.java:331)
	at org.springframework.security.web.authentication.AnonymousAuthenticationFilter.doFilter(AnonymousAuthenticationFilter.java:111)
	at org.springframework.security.web.FilterChainProxy$VirtualFilterChain.doFilter(FilterChainProxy.java:331)
	at org.springframework.security.web.savedrequest.RequestCacheAwareFilter.doFilter(RequestCacheAwareFilter.java:63)
	at org.springframework.security.web.FilterChainProxy$VirtualFilterChain.doFilter(FilterChainProxy.java:331)
	at org.springframework.security.web.authentication.AbstractAuthenticationProcessingFilter.doFilter(AbstractAuthenticationProcessingFilter.java:200)
	at org.joget.apps.workflow.security.WorkflowHttpAuthProcessingFilter.doFilter(WorkflowHttpAuthProcessingFilter.java:86)
	at org.springframework.security.web.FilterChainProxy$VirtualFilterChain.doFilter(FilterChainProxy.java:331)
	at org.springframework.security.web.authentication.www.BasicAuthenticationFilter.doFilterInternal(BasicAuthenticationFilter.java:158)
	at org.springframework.web.filter.OncePerRequestFilter.doFilter(OncePerRequestFilter.java:107)
	at org.springframework.security.web.FilterChainProxy$VirtualFilterChain.doFilter(FilterChainProxy.java:331)
	at org.springframework.security.web.authentication.AbstractAuthenticationProcessingFilter.doFilter(AbstractAuthenticationProcessingFilter.java:200)
	at org.springframework.security.web.FilterChainProxy$VirtualFilterChain.doFilter(FilterChainProxy.java:331)
	at org.springframework.security.web.authentication.logout.LogoutFilter.doFilter(LogoutFilter.java:121)
	at org.springframework.security.web.FilterChainProxy$VirtualFilterChain.doFilter(FilterChainProxy.java:331)
	at org.springframework.security.web.header.HeaderWriterFilter.doFilterInternal(HeaderWriterFilter.java:66)
	at org.springframework.web.filter.OncePerRequestFilter.doFilter(OncePerRequestFilter.java:107)
	at org.springframework.security.web.FilterChainProxy$VirtualFilterChain.doFilter(FilterChainProxy.java:331)
	at org.springframework.security.web.context.request.async.WebAsyncManagerIntegrationFilter.doFilterInternal(WebAsyncManagerIntegrationFilter.java:56)
	at org.springframework.web.filter.OncePerRequestFilter.doFilter(OncePerRequestFilter.java:107)
	at org.springframework.security.web.FilterChainProxy$VirtualFilterChain.doFilter(FilterChainProxy.java:331)
	at org.springframework.security.web.context.SecurityContextPersistenceFilter.doFilter(SecurityContextPersistenceFilter.java:105)
	at org.springframework.security.web.FilterChainProxy$VirtualFilterChain.doFilter(FilterChainProxy.java:331)
	at org.springframework.security.web.FilterChainProxy.doFilterInternal(FilterChainProxy.java:214)
	at org.springframework.security.web.FilterChainProxy.doFilter(FilterChainProxy.java:177)
	at org.springframework.web.filter.DelegatingFilterProxy.invokeDelegate(DelegatingFilterProxy.java:347)
	at org.springframework.web.filter.DelegatingFilterProxy.doFilter(DelegatingFilterProxy.java:263)
	at org.joget.commons.spring.web.CustomDelegatingFilterProxy.doFilter(CustomDelegatingFilterProxy.java:31)
	at org.apache.catalina.core.ApplicationFilterChain.internalDoFilter(ApplicationFilterChain.java:193)
	at org.apache.catalina.core.ApplicationFilterChain.doFilter(ApplicationFilterChain.java:166)
	at org.joget.apps.app.web.ExpireFilter.doFilter(ExpireFilter.java:48)
	at org.apache.catalina.core.ApplicationFilterChain.internalDoFilter(ApplicationFilterChain.java:193)
	at org.apache.catalina.core.ApplicationFilterChain.doFilter(ApplicationFilterChain.java:166)
	at org.springframework.web.filter.CharacterEncodingFilter.doFilterInternal(CharacterEncodingFilter.java:197)
	at org.springframework.web.filter.OncePerRequestFilter.doFilter(OncePerRequestFilter.java:107)
	at org.apache.catalina.core.ApplicationFilterChain.internalDoFilter(ApplicationFilterChain.java:193)
	at org.apache.catalina.core.ApplicationFilterChain.doFilter(ApplicationFilterChain.java:166)
	at org.apache.catalina.core.StandardWrapperValve.invoke(StandardWrapperValve.java:199)
	at org.apache.catalina.core.StandardContextValve.invoke(StandardContextValve.java:97)
	at org.apache.catalina.authenticator.AuthenticatorBase.invoke(AuthenticatorBase.java:543)
	at org.apache.catalina.core.StandardHostValve.invoke(StandardHostValve.java:143)
	at org.apache.catalina.valves.ErrorReportValve.invoke(ErrorReportValve.java:81)
	at org.apache.catalina.core.StandardEngineValve.invoke(StandardEngineValve.java:78)
	at org.apache.catalina.connector.CoyoteAdapter.service(CoyoteAdapter.java:343)
	at org.apache.coyote.http11.Http11Processor.service(Http11Processor.java:616)
	at org.apache.coyote.AbstractProcessorLight.process(AbstractProcessorLight.java:65)
	at org.apache.coyote.AbstractProtocol$ConnectionHandler.process(AbstractProtocol.java:818)
	at org.apache.tomcat.util.net.NioEndpoint$SocketProcessor.doRun(NioEndpoint.java:1626)
	at org.apache.tomcat.util.net.SocketProcessorBase.run(SocketProcessorBase.java:49)
	at java.base/java.util.concurrent.ThreadPoolExecutor.runWorker(ThreadPoolExecutor.java:1128)
	at java.base/java.util.concurrent.ThreadPoolExecutor$Worker.run(ThreadPoolExecutor.java:628)
	at org.apache.tomcat.util.threads.TaskThread$WrappingRunnable.run(TaskThread.java:61)
	at java.base/java.lang.Thread.run(Thread.java:829)
Caused by: javax.el.ELException: Error reading [name] on type [org.joget.directory.model.Department_$$_jvst18c_2]
	at javax.el.BeanELResolver.getValue(BeanELResolver.java:98)
	at org.apache.jasper.el.JasperELResolver.getValue(JasperELResolver.java:113)
	at org.apache.el.parser.AstValue.getValue(AstValue.java:169)
	at org.apache.el.ValueExpressionImpl.getValue(ValueExpressionImpl.java:190)
	at org.apache.jasper.runtime.PageContextImpl.proprietaryEvaluate(PageContextImpl.java:944)
	at org.apache.jsp.WEB_002dINF.jsp.console.directory.userView_jsp._jspx_meth_c_005fout_005f10(userView_jsp.java:1777)
	at org.apache.jsp.WEB_002dINF.jsp.console.directory.userView_jsp._jspx_meth_c_005fif_005f2(userView_jsp.java:1700)
	at org.apache.jsp.WEB_002dINF.jsp.console.directory.userView_jsp._jspx_meth_c_005fforEach_005f1(userView_jsp.java:1647)
	at org.apache.jsp.WEB_002dINF.jsp.console.directory.userView_jsp._jspService(userView_jsp.java:365)
	at org.apache.jasper.runtime.HttpJspBase.service(HttpJspBase.java:71)
	at javax.servlet.http.HttpServlet.service(HttpServlet.java:733)
	at org.apache.jasper.servlet.JspServletWrapper.service(JspServletWrapper.java:476)
	... 97 more
Caused by: org.hibernate.ObjectNotFoundException: No row with the given identifier exists: [Department#30701003000000]
	at org.hibernate.internal.SessionFactoryImpl$1$1.handleEntityNotFound(SessionFactoryImpl.java:253)
	at org.hibernate.proxy.AbstractLazyInitializer.checkTargetState(AbstractLazyInitializer.java:262)
	at org.hibernate.proxy.AbstractLazyInitializer.initialize(AbstractLazyInitializer.java:176)
	at org.hibernate.proxy.AbstractLazyInitializer.getImplementation(AbstractLazyInitializer.java:286)
	at org.hibernate.proxy.pojo.javassist.JavassistLazyInitializer.invoke(JavassistLazyInitializer.java:185)
	at org.joget.directory.model.Department_$$_jvst18c_2.getName(Department_$$_jvst18c_2.java)
	at jdk.internal.reflect.GeneratedMethodAccessor773.invoke(Unknown Source)
	at java.base/jdk.internal.reflect.DelegatingMethodAccessorImpl.invoke(DelegatingMethodAccessorImpl.java:43)
	at java.base/java.lang.reflect.Method.invoke(Method.java:566)
	at javax.el.BeanELResolver.getValue(BeanELResolver.java:94)
	... 108 more
INFO    16 Jan 2025 15:34:53 org.joget.apps.workflow.security.WorkflowAuthenticationProvider - Authentication for user agus.sugito (182.253.194.37) : true
INFO    16 Jan 2025 15:36:34 org.joget.apps.workflow.security.WorkflowAuthenticationProvider - Authentication for user agus.sugito (182.253.194.37) : true
INFO    16 Jan 2025 16:07:10 org.joget.apps.workflow.security.WorkflowAuthenticationProvider - Authentication for user agung.nugroho (182.253.194.37) : true
INFO    16 Jan 2025 16:08:50 org.joget.apps.workflow.security.WorkflowAuthenticationProvider - Authentication for user wendy (182.253.194.37) : true
INFO    16 Jan 2025 16:09:12 org.joget.apps.workflow.security.WorkflowAuthenticationProvider - Authentication for user Tugiman.Asc (182.253.194.37) : true
INFO    16 Jan 2025 16:27:20 org.joget.apps.workflow.security.WorkflowAuthenticationProvider - Authentication for user wendy (182.253.194.37) : true
INFO    17 Jan 2025 11:00:02 org.joget.apps.workflow.security.WorkflowAuthenticationProvider - Authentication for user admin (182.253.194.39) : true
INFO    17 Jan 2025 11:04:58 org.joget.apps.app.service.AppDevUtil - Commit to Git repo by admin: Update form fSparepartRegist. _
INFO    17 Jan 2025 11:05:48 org.joget.apps.app.service.AppDevUtil - Commit to Git repo by admin: Update form fSparepartRegist. _
INFO    17 Jan 2025 11:08:07 org.joget.apps.app.service.AppDevUtil - Commit to Git repo by admin: Update form fSparepartRegist. _
INFO    17 Jan 2025 13:24:30 org.joget.apps.workflow.security.WorkflowAuthenticationProvider - Authentication for user cat (103.109.203.166) : true
INFO    17 Jan 2025 14:27:49 org.joget.apps.workflow.security.WorkflowAuthenticationProvider - Authentication for user wendy (103.109.203.166) : true
INFO    20 Jan 2025 10:50:43 org.joget.apps.workflow.security.WorkflowAuthenticationProvider - Authentication for user wendy (103.109.203.166) : true
ERROR   20 Jan 2025 12:59:18 org.owasp.csrfguard.CsrfGuard - potential cross-site request forgery (CSRF) attack thwarted (user:<anonymous>, ip:182.253.194.39, method:POST, uri:/jw/web/app/appRequestSparePartsProcurement/4/form/embed, error:request token does not match session token)
INFO    20 Jan 2025 12:59:32 org.joget.apps.workflow.security.WorkflowAuthenticationProvider - Authentication for user cat (182.253.194.39) : true
INFO    21 Jan 2025 10:55:28 org.joget.apps.workflow.security.WorkflowAuthenticationProvider - Authentication for user wendy (182.253.194.39) : true
INFO    21 Jan 2025 10:55:35 org.displaytag.export.ExportViewFactory - Initializing ExportViewFactory with type={csv,excel,xml,pdf}
INFO    21 Jan 2025 10:55:35 org.displaytag.properties.TableProperties - LocaleResolver initialized to org.joget.apps.app.web.LocalLocaleResolver.
INFO    21 Jan 2025 14:35:39 org.joget.apps.workflow.security.WorkflowAuthenticationProvider - Authentication for user wendy (182.253.194.39) : true
INFO    21 Jan 2025 16:34:35 org.joget.apps.workflow.security.WorkflowAuthenticationProvider - Authentication for user wendy (103.109.203.166) : true
INFO    22 Jan 2025 11:15:09 org.joget.apps.workflow.security.WorkflowAuthenticationProvider - Authentication for user wendy (182.253.194.39) : true
INFO    22 Jan 2025 13:48:40 org.joget.apps.workflow.security.WorkflowAuthenticationProvider - Authentication for user wendy (103.109.203.166) : true
INFO    23 Jan 2025 09:11:15 org.joget.apps.workflow.security.WorkflowAuthenticationProvider - Authentication for user wendy (103.109.203.166) : true
INFO    23 Jan 2025 09:11:21 org.joget.apps.workflow.security.WorkflowAuthenticationProvider - Authentication for user wendy (103.109.203.166) : true
INFO    24 Jan 2025 13:04:11 org.joget.apps.workflow.security.WorkflowAuthenticationProvider - Authentication for user wendy (103.109.203.166) : true
INFO    24 Jan 2025 13:37:59 org.joget.workflow.shark.WorkflowAssignmentManager - [processId=4852_appSparepartRegistrationOnlineSystem_sparePartRegistrationOnlineSystemProcess, processDefId=appSparepartRegistrationOnlineSystem#5#sparePartRegistrationOnlineSystemProcess, participantId=issuer, next user=[wendy]]
INFO    24 Jan 2025 13:41:42 org.joget.apps.workflow.security.WorkflowAuthenticationProvider - Authentication for user wendy (182.253.194.39) : true
INFO    24 Jan 2025 14:04:26 org.joget.apps.workflow.security.WorkflowAuthenticationProvider - Authentication for user cat (103.109.203.166) : true
INFO    29 Jan 2025 13:18:28 org.joget.apps.workflow.security.WorkflowAuthenticationProvider - Authentication for user wendy (103.78.39.90) : true
INFO    30 Jan 2025 11:01:46 org.joget.apps.workflow.security.WorkflowAuthenticationProvider - Authentication for user aditya.henggar (182.253.194.39) : true
INFO    30 Jan 2025 13:25:41 org.joget.apps.app.service.AppDevUtil - Commit to Git repo by wendy: Update form fSparepartRegist. _
INFO    30 Jan 2025 13:26:10 org.joget.apps.app.service.AppDevUtil - Commit to Git repo by wendy: Update form fSparepartRegistrationView. _
INFO    03 Feb 2025 10:18:06 org.joget.apps.workflow.security.WorkflowAuthenticationProvider - Authentication for user wendy (103.109.203.166) : true
INFO    03 Feb 2025 17:41:52 org.joget.apps.workflow.security.WorkflowAuthenticationProvider - Authentication for user coedotz (182.253.194.45) : true
INFO    04 Feb 2025 10:44:51 org.joget.apps.workflow.security.WorkflowAuthenticationProvider - Authentication for user wendy (103.109.203.166) : true
INFO    06 Feb 2025 15:44:09 org.displaytag.export.ExportViewFactory - Initializing ExportViewFactory with type={csv,excel,xml,pdf}
INFO    06 Feb 2025 15:44:09 org.displaytag.properties.TableProperties - LocaleResolver initialized to org.joget.apps.app.web.LocalLocaleResolver.
INFO    11 Feb 2025 16:11:20 org.joget.apps.workflow.security.WorkflowAuthenticationProvider - Authentication for user admin (103.109.203.166) : true
INFO    11 Feb 2025 16:11:42 org.displaytag.export.ExportViewFactory - Initializing ExportViewFactory with type={csv,excel,xml,pdf}
INFO    11 Feb 2025 16:11:42 org.displaytag.properties.TableProperties - LocaleResolver initialized to org.joget.apps.app.web.LocalLocaleResolver.
INFO    12 Feb 2025 10:07:42 org.joget.apps.workflow.security.WorkflowAuthenticationProvider - Authentication for user admin (182.253.194.50) : false
INFO    13 Feb 2025 15:59:20 org.joget.apps.workflow.security.WorkflowAuthenticationProvider - Authentication for user 00000 (182.253.194.50) : true
INFO    14 Feb 2025 14:00:44 org.joget.apps.workflow.security.WorkflowAuthenticationProvider - Authentication fo