INFO    20 Jun 2023 11:17:19 PackageEventLogger - UTCTime=1687234639006,EventType=packageLoaded,PackageId=soapToolExample,PackageVersion=1,EventPerformedBy=admin
INFO    20 Jun 2023 11:17:19 org.joget.apps.app.service.AppServiceImpl - Imported xpdl
INFO    20 Jun 2023 11:17:19 org.joget.apps.app.service.AppServiceImpl - Imported process form mappings : 4
INFO    20 Jun 2023 11:17:19 org.joget.apps.app.service.AppServiceImpl - Imported process tool mappings : 2
INFO    20 Jun 2023 11:17:20 org.joget.apps.app.service.AppServiceImpl - Imported process participant mappings : 2
INFO    20 Jun 2023 11:17:20 org.joget.apps.app.service.AppServiceImpl - Imported app resources files : 0
INFO    20 Jun 2023 11:17:20 org.joget.apps.app.service.AppServiceImpl - Imported plugins : 0
INFO    20 Jun 2023 11:17:20 org.joget.apps.app.service.AppDevUtil - Commit to Git repo by admin: Add form search. _Add form user. _Add form userGrid. _Add userview soapAPI. _Update xpdl soapToolExample. _Update app config soapToolExample. _Update app definition soapToolExample. _
INFO    20 Jun 2023 11:19:54 org.joget.plugin.enterprise.SoapTool - Using SOAP 1.1. SOAP Action is http://tempuri.org/SOAP.Demo.GetListByName
INFO    20 Jun 2023 11:19:55 org.joget.plugin.enterprise.SoapTool - {}
INFO    20 Jun 2023 11:19:55 org.joget.workflow.shark.WorkflowAssignmentManager - [processId=4638_soapToolExample_process2, processDefId=soapToolExample#1#process2, participantId=process2_participant1, next user=[admin]]
INFO    20 Jun 2023 11:23:05 SoapTool - <ns1:GetListByNameResult xmlns:ns1="http://tempuri.org"><ns1:PersonIdentification><ns1:ID>96</ns1:ID><ns1:Name>Adam,Wolfgang F.</ns1:Name><ns1:SSN>850-53-6279</ns1:SSN><ns1:DOB>1991-02-12</ns1:DOB></ns1:PersonIdentification><ns1:PersonIdentification><ns1:ID>188</ns1:ID><ns1:Name>Adams,Phil H.</ns1:Name><ns1:SSN>729-18-4435</ns1:SSN><ns1:DOB>1972-11-24</ns1:DOB></ns1:PersonIdentification></ns1:GetListByNameResult>
INFO    20 Jun 2023 11:23:05 org.joget.plugin.enterprise.SoapTool - {"GetListByNameResult":{"PersonIdentification":[{"DOB":"1991-02-12","ID":"96","Name":"Adam,Wolfgang F.","SSN":"850-53-6279"},{"DOB":"1972-11-24","ID":"188","Name":"Adams,Phil H.","SSN":"729-18-4435"}]}}
INFO    20 Jun 2023 11:23:06 org.joget.workflow.shark.WorkflowAssignmentManager - [processId=4639_soapToolExample_process1, processDefId=soapToolExample#1#process1, participantId=participant1, next user=[admin]]
INFO    20 Jun 2023 11:23:21 org.joget.plugin.enterprise.SoapTool - Using SOAP 1.1. SOAP Action is http://tempuri.org/SOAP.Demo.GetListByName
INFO    20 Jun 2023 11:23:22 org.joget.plugin.enterprise.SoapTool - {"GetListByNameResult":{"PersonIdentification":[{"DOB":"1991-02-12","ID":"96","Name":"Adam,Wolfgang F.","SSN":"850-53-6279"},{"DOB":"1972-11-24","ID":"188","Name":"Adams,Phil H.","SSN":"729-18-4435"}]}}
INFO    20 Jun 2023 11:23:22 org.joget.workflow.shark.WorkflowAssignmentManager - [processId=4640_soapToolExample_process2, processDefId=soapToolExample#1#process2, participantId=process2_participant1, next user=[admin]]
INFO    20 Jun 2023 11:23:33 SoapTool - <ns1:GetListByNameResult xmlns:ns1="http://tempuri.org"><ns1:PersonIdentification><ns1:ID>96</ns1:ID><ns1:Name>Adam,Wolfgang F.</ns1:Name><ns1:SSN>850-53-6279</ns1:SSN><ns1:DOB>1991-02-12</ns1:DOB></ns1:PersonIdentification><ns1:PersonIdentification><ns1:ID>188</ns1:ID><ns1:Name>Adams,Phil H.</ns1:Name><ns1:SSN>729-18-4435</ns1:SSN><ns1:DOB>1972-11-24</ns1:DOB></ns1:PersonIdentification></ns1:GetListByNameResult>
INFO    20 Jun 2023 11:23:33 org.joget.plugin.enterprise.SoapTool - {"GetListByNameResult":{"PersonIdentification":[{"DOB":"1991-02-12","ID":"96","Name":"Adam,Wolfgang F.","SSN":"850-53-6279"},{"DOB":"1972-11-24","ID":"188","Name":"Adams,Phil H.","SSN":"729-18-4435"}]}}
INFO    20 Jun 2023 11:23:34 org.joget.workflow.shark.WorkflowAssignmentManager - [processId=4641_soapToolExample_process1, processDefId=soapToolExample#1#process1, participantId=participant1, next user=[admin]]
INFO    20 Jun 2023 11:23:49 SoapTool - <ns1:GetListByNameResult xmlns:ns1="http://tempuri.org"><ns1:PersonIdentification><ns1:ID>96</ns1:ID><ns1:Name>Adam,Wolfgang F.</ns1:Name><ns1:SSN>850-53-6279</ns1:SSN><ns1:DOB>1991-02-12</ns1:DOB></ns1:PersonIdentification><ns1:PersonIdentification><ns1:ID>188</ns1:ID><ns1:Name>Adams,Phil H.</ns1:Name><ns1:SSN>729-18-4435</ns1:SSN><ns1:DOB>1972-11-24</ns1:DOB></ns1:PersonIdentification></ns1:GetListByNameResult>
INFO    20 Jun 2023 11:23:49 org.joget.plugin.enterprise.SoapTool - {"GetListByNameResult":{"PersonIdentification":[{"DOB":"1991-02-12","ID":"96","Name":"Adam,Wolfgang F.","SSN":"850-53-6279"},{"DOB":"1972-11-24","ID":"188","Name":"Adams,Phil H.","SSN":"729-18-4435"}]}}
INFO    20 Jun 2023 11:23:49 org.joget.workflow.shark.WorkflowAssignmentManager - [processId=4642_soapToolExample_process1, processDefId=soapToolExample#1#process1, participantId=participant1, next user=[admin]]
INFO    20 Jun 2023 11:25:16 org.joget.plugin.enterprise.SoapTool - Using SOAP 1.1. SOAP Action is http://tempuri.org/SOAP.Demo.GetListByName
INFO    20 Jun 2023 11:25:17 org.joget.plugin.enterprise.SoapTool - {}
INFO    20 Jun 2023 11:25:17 org.joget.workflow.shark.WorkflowAssignmentManager - [processId=4643_soapToolExample_process2, processDefId=soapToolExample#1#process2, participantId=process2_participant1, next user=[admin]]
INFO    20 Jun 2023 11:25:29 org.joget.plugin.enterprise.SoapTool - Using SOAP 1.1. SOAP Action is http://tempuri.org/SOAP.Demo.GetListByName
INFO    20 Jun 2023 11:25:29 org.joget.plugin.enterprise.SoapTool - {"GetListByNameResult":{"PersonIdentification":[{"DOB":"1943-01-15","ID":"182","Name":"Macrakis,Pat I.","SSN":"102-22-8938"},{"DOB":"1963-07-08","ID":"144","Name":"Macrakis,Phil V.","SSN":"222-62-2251"},{"DOB":"1957-04-17","ID":"65","Name":"Massias,Emma F.","SSN":"404-63-6879"}]}}
INFO    20 Jun 2023 11:25:30 org.joget.workflow.shark.WorkflowAssignmentManager - [processId=4644_soapToolExample_process2, processDefId=soapToolExample#1#process2, participantId=process2_participant1, next user=[admin]]
INFO    20 Jun 2023 11:25:45 SoapTool - <ns1:GetListByNameResult xmlns:ns1="http://tempuri.org"><ns1:PersonIdentification><ns1:ID>182</ns1:ID><ns1:Name>Macrakis,Pat I.</ns1:Name><ns1:SSN>102-22-8938</ns1:SSN><ns1:DOB>1943-01-15</ns1:DOB></ns1:PersonIdentification><ns1:PersonIdentification><ns1:ID>144</ns1:ID><ns1:Name>Macrakis,Phil V.</ns1:Name><ns1:SSN>222-62-2251</ns1:SSN><ns1:DOB>1963-07-08</ns1:DOB></ns1:PersonIdentification><ns1:PersonIdentification><ns1:ID>65</ns1:ID><ns1:Name>Massias,Emma F.</ns1:Name><ns1:SSN>404-63-6879</ns1:SSN><ns1:DOB>1957-04-17</ns1:DOB></ns1:PersonIdentification></ns1:GetListByNameResult>
INFO    20 Jun 2023 11:25:45 org.joget.plugin.enterprise.SoapTool - {"GetListByNameResult":{"PersonIdentification":[{"DOB":"1943-01-15","ID":"182","Name":"Macrakis,Pat I.","SSN":"102-22-8938"},{"DOB":"1963-07-08","ID":"144","Name":"Macrakis,Phil V.","SSN":"222-62-2251"},{"DOB":"1957-04-17","ID":"65","Name":"Massias,Emma F.","SSN":"404-63-6879"}]}}
INFO    20 Jun 2023 11:25:45 org.joget.workflow.shark.WorkflowAssignmentManager - [processId=4645_soapToolExample_process1, processDefId=soapToolExample#1#process1, participantId=participant1, next user=[admin]]
INFO    20 Jun 2023 11:26:08 org.joget.apps.app.service.AppDevUtil - Commit to Git repo by admin: Add list listSoap. _
INFO    20 Jun 2023 11:26:42 org.joget.apps.app.service.AppDevUtil - Commit to Git repo by admin: Update list listSoap. _
INFO    20 Jun 2023 11:27:04 org.joget.apps.app.service.AppDevUtil - Commit to Git repo by admin: Update userview soapAPI. _
INFO    20 Jun 2023 11:27:45 org.joget.plugin.enterprise.SoapTool - {}
INFO    20 Jun 2023 11:27:45 org.joget.workflow.shark.WorkflowAssignmentManager - [processId=4646_soapToolExample_process1, processDefId=soapToolExample#1#process1, participantId=participant1, next user=[admin]]
INFO    20 Jun 2023 11:28:38 SoapTool - <ns1:GetListByNameResult xmlns:ns1="http://tempuri.org"><ns1:PersonIdentification><ns1:ID>153</ns1:ID><ns1:Name>Salm,Charlotte P.</ns1:Name><ns1:SSN>110-97-6267</ns1:SSN><ns1:DOB>2000-09-27</ns1:DOB></ns1:PersonIdentification><ns1:PersonIdentification><ns1:ID>112</ns1:ID><ns1:Name>Salm,Fred I.</ns1:Name><ns1:SSN>344-43-3955</ns1:SSN><ns1:DOB>1960-11-22</ns1:DOB></ns1:PersonIdentification><ns1:PersonIdentification><ns1:ID>195</ns1:ID><ns1:Name>Sands,Mario F.</ns1:Name><ns1:SSN>954-47-9881</ns1:SSN><ns1:DOB>2014-04-13</ns1:DOB></ns1:PersonIdentification><ns1:PersonIdentification><ns1:ID>39</ns1:ID><ns1:Name>Sato,Ashley D.</ns1:Name><ns1:SSN>199-28-9762</ns1:SSN><ns1:DOB>1988-10-14</ns1:DOB></ns1:PersonIdentification><ns1:PersonIdentification><ns1:ID>105</ns1:ID><ns1:Name>Sato,Brendan E.</ns1:Name><ns1:SSN>441-79-7354</ns1:SSN><ns1:DOB>1951-03-29</ns1:DOB></ns1:PersonIdentification><ns1:PersonIdentification><ns1:ID>126</ns1:ID><ns1:Name>Sato,Orson N.</ns1:Name><ns1:SSN>755-68-7822</ns1:SSN><ns1:DOB>1932-05-03</ns1:DOB></ns1:PersonIdentification><ns1:PersonIdentification><ns1:ID>143</ns1:ID><ns1:Name>Sato,Stuart D.</ns1:Name><ns1:SSN>742-67-7011</ns1:SSN><ns1:DOB>1939-03-06</ns1:DOB></ns1:PersonIdentification></ns1:GetListByNameResult>
INFO    20 Jun 2023 11:28:38 org.joget.plugin.enterprise.SoapTool - {"GetListByNameResult":{"PersonIdentification":[{"DOB":"2000-09-27","ID":"153","Name":"Salm,Charlotte P.","SSN":"110-97-6267"},{"DOB":"1960-11-22","ID":"112","Name":"Salm,Fred I.","SSN":"344-43-3955"},{"DOB":"2014-04-13","ID":"195","Name":"Sands,Mario F.","SSN":"954-47-9881"},{"DOB":"1988-10-14","ID":"39","Name":"Sato,Ashley D.","SSN":"199-28-9762"},{"DOB":"1951-03-29","ID":"105","Name":"Sato,Brendan E.","SSN":"441-79-7354"},{"DOB":"1932-05-03","ID":"126","Name":"Sato,Orson N.","SSN":"755-68-7822"},{"DOB":"1939-03-06","ID":"143","Name":"Sato,Stuart D.","SSN":"742-67-7011"}]}}
INFO    20 Jun 2023 11:28:38 org.joget.workflow.shark.WorkflowAssignmentManager - [processId=4647_soapToolExample_process1, processDefId=soapToolExample#1#process1, participantId=participant1, next user=[admin]]
INFO    20 Jun 2023 11:38:13 SoapTool - <ns1:GetListByNameResult xmlns:ns1="http://tempuri.org"><ns1:PersonIdentification><ns1:ID>96</ns1:ID><ns1:Name>Adam,Wolfgang F.</ns1:Name><ns1:SSN>850-53-6279</ns1:SSN><ns1:DOB>1991-02-12</ns1:DOB></ns1:PersonIdentification><ns1:PersonIdentification><ns1:ID>188</ns1:ID><ns1:Name>Adams,Phil H.</ns1:Name><ns1:SSN>729-18-4435</ns1:SSN><ns1:DOB>1972-11-24</ns1:DOB></ns1:PersonIdentification></ns1:GetListByNameResult>
INFO    20 Jun 2023 11:38:13 org.joget.plugin.enterprise.SoapTool - {"GetListByNameResult":{"PersonIdentification":[{"DOB":"1991-02-12","ID":"96","Name":"Adam,Wolfgang F.","SSN":"850-53-6279"},{"DOB":"1972-11-24","ID":"188","Name":"Adams,Phil H.","SSN":"729-18-4435"}]}}
INFO    20 Jun 2023 11:38:13 org.joget.workflow.shark.WorkflowAssignmentManager - [processId=4648_soapToolExample_process1, processDefId=soapToolExample#1#process1, participantId=participant1, next user=[admin]]
INFO    20 Jun 2023 14:50:33 org.joget.plugin.enterprise.SoapTool - Using SOAP 1.1. SOAP Action is http://tempuri.org/SOAP.Demo.GetListByName
INFO    20 Jun 2023 14:50:34 org.joget.plugin.enterprise.SoapTool - {}
INFO    20 Jun 2023 14:50:34 org.joget.workflow.shark.WorkflowAssignmentManager - [processId=4649_soapToolExample_process2, processDefId=soapToolExample#1#process2, participantId=process2_participant1, next user=[admin]]
INFO    20 Jun 2023 14:50:46 org.joget.plugin.enterprise.SoapTool - Using SOAP 1.1. SOAP Action is http://tempuri.org/SOAP.Demo.GetListByName
INFO    20 Jun 2023 14:50:47 org.joget.plugin.enterprise.SoapTool - {"GetListByNameResult":{"PersonIdentification":[{"DOB":"1991-02-12","ID":"96","Name":"Adam,Wolfgang F.","SSN":"850-53-6279"},{"DOB":"1972-11-24","ID":"188","Name":"Adams,Phil H.","SSN":"729-18-4435"}]}}
INFO    20 Jun 2023 14:50:47 org.joget.workflow.shark.WorkflowAssignmentManager - [processId=4650_soapToolExample_process2, processDefId=soapToolExample#1#process2, participantId=process2_participant1, next user=[admin]]
INFO    20 Jun 2023 15:47:37 org.joget.plugin.enterprise.SoapTool - Using SOAP 1.1. SOAP Action is http://tempuri.org/SOAP.Demo.GetListByName
INFO    20 Jun 2023 15:47:38 org.joget.plugin.enterprise.SoapTool - {"GetListByNameResult":{"PersonIdentification":[{"DOB":"1991-02-12","ID":"96","Name":"Adam,Wolfgang F.","SSN":"850-53-6279"},{"DOB":"1972-11-24","ID":"188","Name":"Adams,Phil H.","SSN":"729-18-4435"}]}}
INFO    20 Jun 2023 15:47:38 org.joget.workflow.shark.WorkflowAssignmentManager - [processId=4651_soapToolExample_process2, processDefId=soapToolExample#1#process2, participantId=process2_participant1, next user=[admin]]
INFO    20 Jun 2023 15:47:46 org.joget.plugin.enterprise.SoapTool - Using SOAP 1.1. SOAP Action is http://tempuri.org/SOAP.Demo.GetListByName
INFO    20 Jun 2023 15:47:47 org.joget.plugin.enterprise.SoapTool - {}
INFO    20 Jun 2023 15:47:47 org.joget.workflow.shark.WorkflowAssignmentManager - [processId=4652_soapToolExample_process2, processDefId=soapToolExample#1#process2, participantId=process2_participant1, next user=[admin]]
INFO    21 Jun 2023 13:29:26 SoapTool - <ns1:GetListByNameResult xmlns:ns1="http://tempuri.org"><ns1:PersonIdentification><ns1:ID>96</ns1:ID><ns1:Name>Adam,Wolfgang F.</ns1:Name><ns1:SSN>850-53-6279</ns1:SSN><ns1:DOB>1991-02-12</ns1:DOB></ns1:PersonIdentification><ns1:PersonIdentification><ns1:ID>188</ns1:ID><ns1:Name>Adams,Phil H.</ns1:Name><ns1:SSN>729-18-4435</ns1:SSN><ns1:DOB>1972-11-24</ns1:DOB></ns1:PersonIdentification></ns1:GetListByNameResult>
INFO    21 Jun 2023 13:29:26 org.joget.plugin.enterprise.SoapTool - {"GetListByNameResult":{"PersonIdentification":[{"DOB":"1991-02-12","ID":"96","Name":"Adam,Wolfgang F.","SSN":"850-53-6279"},{"DOB":"1972-11-24","ID":"188","Name":"Adams,Phil H.","SSN":"729-18-4435"}]}}
INFO    21 Jun 2023 13:29:26 org.joget.workflow.shark.WorkflowAssignmentManager - [processId=4653_soapToolExample_process1, processDefId=soapToolExample#1#process1, participantId=participant1, next user=[admin]]
